<?xml version="1.0" encoding="UTF-8"?>
<robot generator="Robot 5.0.1 (Python 3.7.0 on win32)" generated="20220815 12:31:10.120" rpa="false" schemaversion="3">
<suite id="s1" name="ShopeeElectronic" source="E:\Programs\Informatics\Github\robotframework-ecommerce\Tests\TestCases\Shopee\ShopeeElectronic.robot">
<test id="s1-t1" name="SHOPEE Sort by Relevance" line="11">
<kw name="Open Website Shopee" library="stepShopee">
<kw name="Open Browser" library="SeleniumLibrary">
<arg>@{URL SHOPEE}</arg>
<doc>Opens a new browser instance to the optional ``url``.</doc>
<msg timestamp="20220815 12:31:11.030" level="INFO">Opening browser 'chrome' to base url 'https://shopee.co.id/'.</msg>
<status status="PASS" starttime="20220815 12:31:11.030" endtime="20220815 12:31:17.197"/>
</kw>
<kw name="Sleep" library="BuiltIn">
<arg>3</arg>
<doc>Pauses the test executed for the given time.</doc>
<msg timestamp="20220815 12:31:20.207" level="INFO">Slept 3 seconds</msg>
<status status="PASS" starttime="20220815 12:31:17.197" endtime="20220815 12:31:20.207"/>
</kw>
<kw name="Maximize Browser Window" library="SeleniumLibrary">
<doc>Maximizes current browser window.</doc>
<status status="PASS" starttime="20220815 12:31:20.207" endtime="20220815 12:31:20.435"/>
</kw>
<kw name="Run Keyword And Return Status" library="BuiltIn">
<var>${status}</var>
<arg>Page Should Contain</arg>
<arg>${SEARCH BOX SHOPEE}</arg>
<arg>loglevel=NONE</arg>
<doc>Runs the given keyword with given arguments and returns the status as a Boolean value.</doc>
<kw name="Page Should Contain" library="SeleniumLibrary">
<arg>${SEARCH BOX SHOPEE}</arg>
<arg>loglevel=NONE</arg>
<doc>Verifies that current page contains ``text``.</doc>
<msg timestamp="20220815 12:31:21.092" level="INFO" html="true">&lt;/td&gt;&lt;/tr&gt;&lt;tr&gt;&lt;td colspan="3"&gt;&lt;a href="selenium-screenshot-1.png"&gt;&lt;img src="selenium-screenshot-1.png" width="800px"&gt;&lt;/a&gt;</msg>
<msg timestamp="20220815 12:31:21.093" level="FAIL">Page should have contained text 'xpath=//*[@id="main"]/div/header/div[2]/div/div[1]/div[1]/div/form/input' but did not.</msg>
<status status="FAIL" starttime="20220815 12:31:20.437" endtime="20220815 12:31:21.175"/>
</kw>
<msg timestamp="20220815 12:31:21.176" level="INFO">${status} = False</msg>
<status status="PASS" starttime="20220815 12:31:20.436" endtime="20220815 12:31:21.176"/>
</kw>
<kw name="Run Keyword If" library="BuiltIn">
<arg>${status}</arg>
<arg>Element Should Be Visible</arg>
<arg>${SEARCH BOX SHOPEE}</arg>
<arg>Else</arg>
<arg>Close Pop Up Shopee</arg>
<doc>Runs the given keyword with the given arguments, if ``condition`` is true.</doc>
<status status="PASS" starttime="20220815 12:31:21.177" endtime="20220815 12:31:21.178"/>
</kw>
<status status="PASS" starttime="20220815 12:31:11.029" endtime="20220815 12:31:21.179"/>
</kw>
<kw name="Click Search Box Shopee" library="stepShopee">
<kw name="Click Element" library="SeleniumLibrary">
<arg>${SEARCH BOX SHOPEE}</arg>
<doc>Click the element identified by ``locator``.</doc>
<msg timestamp="20220815 12:31:21.183" level="INFO">Clicking element 'xpath=//*[@id="main"]/div/header/div[2]/div/div[1]/div[1]/div/form/input'.</msg>
<status status="PASS" starttime="20220815 12:31:21.180" endtime="20220815 12:31:21.375"/>
</kw>
<kw name="Sleep" library="BuiltIn">
<arg>3</arg>
<doc>Pauses the test executed for the given time.</doc>
<msg timestamp="20220815 12:31:24.382" level="INFO">Slept 3 seconds</msg>
<status status="PASS" starttime="20220815 12:31:21.375" endtime="20220815 12:31:24.382"/>
</kw>
<status status="PASS" starttime="20220815 12:31:21.180" endtime="20220815 12:31:24.382"/>
</kw>
<kw name="Type Item 1 Name Shopee" library="stepShopee">
<kw name="Input Text" library="SeleniumLibrary">
<arg>@{ITEM 1 NAME SHOPEE}</arg>
<doc>Types the given ``text`` into the text field identified by ``locator``.</doc>
<msg timestamp="20220815 12:31:24.383" level="INFO">Typing text 'case redmi 10a' into text field 'xpath=//*[@id="main"]/div/header/div[2]/div/div[1]/div[1]/div/form/input'.</msg>
<status status="PASS" starttime="20220815 12:31:24.383" endtime="20220815 12:31:24.642"/>
</kw>
<kw name="Sleep" library="BuiltIn">
<arg>3</arg>
<doc>Pauses the test executed for the given time.</doc>
<msg timestamp="20220815 12:31:27.656" level="INFO">Slept 3 seconds</msg>
<status status="PASS" starttime="20220815 12:31:24.642" endtime="20220815 12:31:27.656"/>
</kw>
<status status="PASS" starttime="20220815 12:31:24.382" endtime="20220815 12:31:27.656"/>
</kw>
<kw name="Hit Submit Button Shopee" library="stepShopee">
<kw name="Click Element" library="SeleniumLibrary">
<arg>${SEARCH BUTTON SHOPEE}</arg>
<doc>Click the element identified by ``locator``.</doc>
<msg timestamp="20220815 12:31:27.658" level="INFO">Clicking element 'xpath=//*[@id="main"]/div/header/div[2]/div/div[1]/div[1]/button'.</msg>
<status status="PASS" starttime="20220815 12:31:27.657" endtime="20220815 12:31:27.750"/>
</kw>
<kw name="Sleep" library="BuiltIn">
<arg>3</arg>
<doc>Pauses the test executed for the given time.</doc>
<msg timestamp="20220815 12:31:30.754" level="INFO">Slept 3 seconds</msg>
<status status="PASS" starttime="20220815 12:31:27.750" endtime="20220815 12:31:30.754"/>
</kw>
<status status="PASS" starttime="20220815 12:31:27.657" endtime="20220815 12:31:30.755"/>
</kw>
<kw name="Get Product Name with Sort by Relevance Page 1 Shopee" library="stepShopee">
<kw name="Get All Product Name Shopee" library="stepShopee">
<arg>${NEXT PAGE BUTTON SHOPEE}</arg>
<arg>${DISPLAYED PRODUCTS SHOPEE}</arg>
<kw name="Sleep" library="BuiltIn">
<arg>1</arg>
<doc>Pauses the test executed for the given time.</doc>
<msg timestamp="20220815 12:31:31.767" level="INFO">Slept 1 second</msg>
<status status="PASS" starttime="20220815 12:31:30.757" endtime="20220815 12:31:31.767"/>
</kw>
<for flavor="IN RANGE">
<var>${counter}</var>
<value>0</value>
<value>8</value>
<iter>
<var name="${counter}">0</var>
<kw name="Sleep" library="BuiltIn">
<arg>1</arg>
<doc>Pauses the test executed for the given time.</doc>
<msg timestamp="20220815 12:31:32.777" level="INFO">Slept 1 second</msg>
<status status="PASS" starttime="20220815 12:31:31.767" endtime="20220815 12:31:32.777"/>
</kw>
<kw name="Execute Javascript" library="SeleniumLibrary">
<arg>window.scroll(0,${counter}*600)</arg>
<doc>Executes the given JavaScript code with possible arguments.</doc>
<msg timestamp="20220815 12:31:32.779" level="INFO">Executing JavaScript:
window.scroll(0,0*600)
Without any arguments.</msg>
<status status="PASS" starttime="20220815 12:31:32.777" endtime="20220815 12:31:32.788"/>
</kw>
<kw name="Sleep" library="BuiltIn">
<arg>1</arg>
<doc>Pauses the test executed for the given time.</doc>
<msg timestamp="20220815 12:31:33.799" level="INFO">Slept 1 second</msg>
<status status="PASS" starttime="20220815 12:31:32.788" endtime="20220815 12:31:33.799"/>
</kw>
<kw name="Run Keyword And Return Status" library="BuiltIn">
<var>${status}</var>
<arg>Page Should Contain Button</arg>
<arg>${next button locator}</arg>
<arg>loglevel=NONE</arg>
<doc>Runs the given keyword with given arguments and returns the status as a Boolean value.</doc>
<kw name="Page Should Contain Button" library="SeleniumLibrary">
<arg>${next button locator}</arg>
<arg>loglevel=NONE</arg>
<doc>Verifies button ``locator`` is found from current page.</doc>
<msg timestamp="20220815 12:31:34.142" level="INFO" html="true">&lt;/td&gt;&lt;/tr&gt;&lt;tr&gt;&lt;td colspan="3"&gt;&lt;a href="selenium-screenshot-2.png"&gt;&lt;img src="selenium-screenshot-2.png" width="800px"&gt;&lt;/a&gt;</msg>
<msg timestamp="20220815 12:31:34.142" level="FAIL">Page should have contained button 'xpath=//button[contains(@class,'shopee-icon-button shopee-icon-button--right')]//*[name()='svg']' but did not.</msg>
<status status="FAIL" starttime="20220815 12:31:33.800" endtime="20220815 12:31:34.143"/>
</kw>
<msg timestamp="20220815 12:31:34.143" level="INFO">${status} = False</msg>
<status status="PASS" starttime="20220815 12:31:33.799" endtime="20220815 12:31:34.143"/>
</kw>
<kw name="Sleep" library="BuiltIn">
<arg>1</arg>
<doc>Pauses the test executed for the given time.</doc>
<msg timestamp="20220815 12:31:35.151" level="INFO">Slept 1 second</msg>
<status status="PASS" starttime="20220815 12:31:34.144" endtime="20220815 12:31:35.151"/>
</kw>
<kw name="Run Keyword If" library="BuiltIn">
<arg>${status}</arg>
<arg>Exit For Loop</arg>
<doc>Runs the given keyword with the given arguments, if ``condition`` is true.</doc>
<status status="PASS" starttime="20220815 12:31:35.151" endtime="20220815 12:31:35.151"/>
</kw>
<kw name="Set Variable" library="BuiltIn">
<var>${counter}</var>
<arg>${counter}+1</arg>
<doc>Returns the given values which can then be assigned to a variables.</doc>
<msg timestamp="20220815 12:31:35.152" level="INFO">${counter} = 0+1</msg>
<status status="PASS" starttime="20220815 12:31:35.151" endtime="20220815 12:31:35.152"/>
</kw>
<status status="PASS" starttime="20220815 12:31:31.767" endtime="20220815 12:31:35.152"/>
</iter>
<iter>
<var name="${counter}">1</var>
<kw name="Sleep" library="BuiltIn">
<arg>1</arg>
<doc>Pauses the test executed for the given time.</doc>
<msg timestamp="20220815 12:31:36.160" level="INFO">Slept 1 second</msg>
<status status="PASS" starttime="20220815 12:31:35.152" endtime="20220815 12:31:36.160"/>
</kw>
<kw name="Execute Javascript" library="SeleniumLibrary">
<arg>window.scroll(0,${counter}*600)</arg>
<doc>Executes the given JavaScript code with possible arguments.</doc>
<msg timestamp="20220815 12:31:36.161" level="INFO">Executing JavaScript:
window.scroll(0,1*600)
Without any arguments.</msg>
<status status="PASS" starttime="20220815 12:31:36.160" endtime="20220815 12:31:36.176"/>
</kw>
<kw name="Sleep" library="BuiltIn">
<arg>1</arg>
<doc>Pauses the test executed for the given time.</doc>
<msg timestamp="20220815 12:31:37.190" level="INFO">Slept 1 second</msg>
<status status="PASS" starttime="20220815 12:31:36.177" endtime="20220815 12:31:37.190"/>
</kw>
<kw name="Run Keyword And Return Status" library="BuiltIn">
<var>${status}</var>
<arg>Page Should Contain Button</arg>
<arg>${next button locator}</arg>
<arg>loglevel=NONE</arg>
<doc>Runs the given keyword with given arguments and returns the status as a Boolean value.</doc>
<kw name="Page Should Contain Button" library="SeleniumLibrary">
<arg>${next button locator}</arg>
<arg>loglevel=NONE</arg>
<doc>Verifies button ``locator`` is found from current page.</doc>
<msg timestamp="20220815 12:31:37.635" level="INFO" html="true">&lt;/td&gt;&lt;/tr&gt;&lt;tr&gt;&lt;td colspan="3"&gt;&lt;a href="selenium-screenshot-3.png"&gt;&lt;img src="selenium-screenshot-3.png" width="800px"&gt;&lt;/a&gt;</msg>
<msg timestamp="20220815 12:31:37.635" level="FAIL">Page should have contained button 'xpath=//button[contains(@class,'shopee-icon-button shopee-icon-button--right')]//*[name()='svg']' but did not.</msg>
<status status="FAIL" starttime="20220815 12:31:37.191" endtime="20220815 12:31:37.636"/>
</kw>
<msg timestamp="20220815 12:31:37.636" level="INFO">${status} = False</msg>
<status status="PASS" starttime="20220815 12:31:37.190" endtime="20220815 12:31:37.636"/>
</kw>
<kw name="Sleep" library="BuiltIn">
<arg>1</arg>
<doc>Pauses the test executed for the given time.</doc>
<msg timestamp="20220815 12:31:38.647" level="INFO">Slept 1 second</msg>
<status status="PASS" starttime="20220815 12:31:37.636" endtime="20220815 12:31:38.647"/>
</kw>
<kw name="Run Keyword If" library="BuiltIn">
<arg>${status}</arg>
<arg>Exit For Loop</arg>
<doc>Runs the given keyword with the given arguments, if ``condition`` is true.</doc>
<status status="PASS" starttime="20220815 12:31:38.647" endtime="20220815 12:31:38.647"/>
</kw>
<kw name="Set Variable" library="BuiltIn">
<var>${counter}</var>
<arg>${counter}+1</arg>
<doc>Returns the given values which can then be assigned to a variables.</doc>
<msg timestamp="20220815 12:31:38.648" level="INFO">${counter} = 1+1</msg>
<status status="PASS" starttime="20220815 12:31:38.647" endtime="20220815 12:31:38.648"/>
</kw>
<status status="PASS" starttime="20220815 12:31:35.152" endtime="20220815 12:31:38.648"/>
</iter>
<iter>
<var name="${counter}">2</var>
<kw name="Sleep" library="BuiltIn">
<arg>1</arg>
<doc>Pauses the test executed for the given time.</doc>
<msg timestamp="20220815 12:31:39.657" level="INFO">Slept 1 second</msg>
<status status="PASS" starttime="20220815 12:31:38.648" endtime="20220815 12:31:39.657"/>
</kw>
<kw name="Execute Javascript" library="SeleniumLibrary">
<arg>window.scroll(0,${counter}*600)</arg>
<doc>Executes the given JavaScript code with possible arguments.</doc>
<msg timestamp="20220815 12:31:39.657" level="INFO">Executing JavaScript:
window.scroll(0,2*600)
Without any arguments.</msg>
<status status="PASS" starttime="20220815 12:31:39.657" endtime="20220815 12:31:39.668"/>
</kw>
<kw name="Sleep" library="BuiltIn">
<arg>1</arg>
<doc>Pauses the test executed for the given time.</doc>
<msg timestamp="20220815 12:31:40.681" level="INFO">Slept 1 second</msg>
<status status="PASS" starttime="20220815 12:31:39.669" endtime="20220815 12:31:40.681"/>
</kw>
<kw name="Run Keyword And Return Status" library="BuiltIn">
<var>${status}</var>
<arg>Page Should Contain Button</arg>
<arg>${next button locator}</arg>
<arg>loglevel=NONE</arg>
<doc>Runs the given keyword with given arguments and returns the status as a Boolean value.</doc>
<kw name="Page Should Contain Button" library="SeleniumLibrary">
<arg>${next button locator}</arg>
<arg>loglevel=NONE</arg>
<doc>Verifies button ``locator`` is found from current page.</doc>
<msg timestamp="20220815 12:31:41.159" level="INFO" html="true">&lt;/td&gt;&lt;/tr&gt;&lt;tr&gt;&lt;td colspan="3"&gt;&lt;a href="selenium-screenshot-4.png"&gt;&lt;img src="selenium-screenshot-4.png" width="800px"&gt;&lt;/a&gt;</msg>
<msg timestamp="20220815 12:31:41.159" level="FAIL">Page should have contained button 'xpath=//button[contains(@class,'shopee-icon-button shopee-icon-button--right')]//*[name()='svg']' but did not.</msg>
<status status="FAIL" starttime="20220815 12:31:40.681" endtime="20220815 12:31:41.159"/>
</kw>
<msg timestamp="20220815 12:31:41.159" level="INFO">${status} = False</msg>
<status status="PASS" starttime="20220815 12:31:40.681" endtime="20220815 12:31:41.159"/>
</kw>
<kw name="Sleep" library="BuiltIn">
<arg>1</arg>
<doc>Pauses the test executed for the given time.</doc>
<msg timestamp="20220815 12:31:42.168" level="INFO">Slept 1 second</msg>
<status status="PASS" starttime="20220815 12:31:41.159" endtime="20220815 12:31:42.168"/>
</kw>
<kw name="Run Keyword If" library="BuiltIn">
<arg>${status}</arg>
<arg>Exit For Loop</arg>
<doc>Runs the given keyword with the given arguments, if ``condition`` is true.</doc>
<status status="PASS" starttime="20220815 12:31:42.168" endtime="20220815 12:31:42.168"/>
</kw>
<kw name="Set Variable" library="BuiltIn">
<var>${counter}</var>
<arg>${counter}+1</arg>
<doc>Returns the given values which can then be assigned to a variables.</doc>
<msg timestamp="20220815 12:31:42.168" level="INFO">${counter} = 2+1</msg>
<status status="PASS" starttime="20220815 12:31:42.168" endtime="20220815 12:31:42.168"/>
</kw>
<status status="PASS" starttime="20220815 12:31:38.648" endtime="20220815 12:31:42.168"/>
</iter>
<iter>
<var name="${counter}">3</var>
<kw name="Sleep" library="BuiltIn">
<arg>1</arg>
<doc>Pauses the test executed for the given time.</doc>
<msg timestamp="20220815 12:31:43.174" level="INFO">Slept 1 second</msg>
<status status="PASS" starttime="20220815 12:31:42.169" endtime="20220815 12:31:43.174"/>
</kw>
<kw name="Execute Javascript" library="SeleniumLibrary">
<arg>window.scroll(0,${counter}*600)</arg>
<doc>Executes the given JavaScript code with possible arguments.</doc>
<msg timestamp="20220815 12:31:43.175" level="INFO">Executing JavaScript:
window.scroll(0,3*600)
Without any arguments.</msg>
<status status="PASS" starttime="20220815 12:31:43.174" endtime="20220815 12:31:43.191"/>
</kw>
<kw name="Sleep" library="BuiltIn">
<arg>1</arg>
<doc>Pauses the test executed for the given time.</doc>
<msg timestamp="20220815 12:31:44.194" level="INFO">Slept 1 second</msg>
<status status="PASS" starttime="20220815 12:31:43.192" endtime="20220815 12:31:44.194"/>
</kw>
<kw name="Run Keyword And Return Status" library="BuiltIn">
<var>${status}</var>
<arg>Page Should Contain Button</arg>
<arg>${next button locator}</arg>
<arg>loglevel=NONE</arg>
<doc>Runs the given keyword with given arguments and returns the status as a Boolean value.</doc>
<kw name="Page Should Contain Button" library="SeleniumLibrary">
<arg>${next button locator}</arg>
<arg>loglevel=NONE</arg>
<doc>Verifies button ``locator`` is found from current page.</doc>
<msg timestamp="20220815 12:31:44.605" level="INFO" html="true">&lt;/td&gt;&lt;/tr&gt;&lt;tr&gt;&lt;td colspan="3"&gt;&lt;a href="selenium-screenshot-5.png"&gt;&lt;img src="selenium-screenshot-5.png" width="800px"&gt;&lt;/a&gt;</msg>
<msg timestamp="20220815 12:31:44.605" level="FAIL">Page should have contained button 'xpath=//button[contains(@class,'shopee-icon-button shopee-icon-button--right')]//*[name()='svg']' but did not.</msg>
<status status="FAIL" starttime="20220815 12:31:44.194" endtime="20220815 12:31:44.605"/>
</kw>
<msg timestamp="20220815 12:31:44.605" level="INFO">${status} = False</msg>
<status status="PASS" starttime="20220815 12:31:44.194" endtime="20220815 12:31:44.605"/>
</kw>
<kw name="Sleep" library="BuiltIn">
<arg>1</arg>
<doc>Pauses the test executed for the given time.</doc>
<msg timestamp="20220815 12:31:45.621" level="INFO">Slept 1 second</msg>
<status status="PASS" starttime="20220815 12:31:44.605" endtime="20220815 12:31:45.621"/>
</kw>
<kw name="Run Keyword If" library="BuiltIn">
<arg>${status}</arg>
<arg>Exit For Loop</arg>
<doc>Runs the given keyword with the given arguments, if ``condition`` is true.</doc>
<status status="PASS" starttime="20220815 12:31:45.621" endtime="20220815 12:31:45.621"/>
</kw>
<kw name="Set Variable" library="BuiltIn">
<var>${counter}</var>
<arg>${counter}+1</arg>
<doc>Returns the given values which can then be assigned to a variables.</doc>
<msg timestamp="20220815 12:31:45.622" level="INFO">${counter} = 3+1</msg>
<status status="PASS" starttime="20220815 12:31:45.621" endtime="20220815 12:31:45.622"/>
</kw>
<status status="PASS" starttime="20220815 12:31:42.169" endtime="20220815 12:31:45.622"/>
</iter>
<iter>
<var name="${counter}">4</var>
<kw name="Sleep" library="BuiltIn">
<arg>1</arg>
<doc>Pauses the test executed for the given time.</doc>
<msg timestamp="20220815 12:31:46.634" level="INFO">Slept 1 second</msg>
<status status="PASS" starttime="20220815 12:31:45.622" endtime="20220815 12:31:46.634"/>
</kw>
<kw name="Execute Javascript" library="SeleniumLibrary">
<arg>window.scroll(0,${counter}*600)</arg>
<doc>Executes the given JavaScript code with possible arguments.</doc>
<msg timestamp="20220815 12:31:46.634" level="INFO">Executing JavaScript:
window.scroll(0,4*600)
Without any arguments.</msg>
<status status="PASS" starttime="20220815 12:31:46.634" endtime="20220815 12:31:46.639"/>
</kw>
<kw name="Sleep" library="BuiltIn">
<arg>1</arg>
<doc>Pauses the test executed for the given time.</doc>
<msg timestamp="20220815 12:31:47.651" level="INFO">Slept 1 second</msg>
<status status="PASS" starttime="20220815 12:31:46.639" endtime="20220815 12:31:47.651"/>
</kw>
<kw name="Run Keyword And Return Status" library="BuiltIn">
<var>${status}</var>
<arg>Page Should Contain Button</arg>
<arg>${next button locator}</arg>
<arg>loglevel=NONE</arg>
<doc>Runs the given keyword with given arguments and returns the status as a Boolean value.</doc>
<kw name="Page Should Contain Button" library="SeleniumLibrary">
<arg>${next button locator}</arg>
<arg>loglevel=NONE</arg>
<doc>Verifies button ``locator`` is found from current page.</doc>
<msg timestamp="20220815 12:31:48.176" level="INFO" html="true">&lt;/td&gt;&lt;/tr&gt;&lt;tr&gt;&lt;td colspan="3"&gt;&lt;a href="selenium-screenshot-6.png"&gt;&lt;img src="selenium-screenshot-6.png" width="800px"&gt;&lt;/a&gt;</msg>
<msg timestamp="20220815 12:31:48.177" level="FAIL">Page should have contained button 'xpath=//button[contains(@class,'shopee-icon-button shopee-icon-button--right')]//*[name()='svg']' but did not.</msg>
<status status="FAIL" starttime="20220815 12:31:47.651" endtime="20220815 12:31:48.177"/>
</kw>
<msg timestamp="20220815 12:31:48.177" level="INFO">${status} = False</msg>
<status status="PASS" starttime="20220815 12:31:47.651" endtime="20220815 12:31:48.177"/>
</kw>
<kw name="Sleep" library="BuiltIn">
<arg>1</arg>
<doc>Pauses the test executed for the given time.</doc>
<msg timestamp="20220815 12:31:49.194" level="INFO">Slept 1 second</msg>
<status status="PASS" starttime="20220815 12:31:48.177" endtime="20220815 12:31:49.194"/>
</kw>
<kw name="Run Keyword If" library="BuiltIn">
<arg>${status}</arg>
<arg>Exit For Loop</arg>
<doc>Runs the given keyword with the given arguments, if ``condition`` is true.</doc>
<status status="PASS" starttime="20220815 12:31:49.194" endtime="20220815 12:31:49.194"/>
</kw>
<kw name="Set Variable" library="BuiltIn">
<var>${counter}</var>
<arg>${counter}+1</arg>
<doc>Returns the given values which can then be assigned to a variables.</doc>
<msg timestamp="20220815 12:31:49.195" level="INFO">${counter} = 4+1</msg>
<status status="PASS" starttime="20220815 12:31:49.194" endtime="20220815 12:31:49.195"/>
</kw>
<status status="PASS" starttime="20220815 12:31:45.622" endtime="20220815 12:31:49.195"/>
</iter>
<iter>
<var name="${counter}">5</var>
<kw name="Sleep" library="BuiltIn">
<arg>1</arg>
<doc>Pauses the test executed for the given time.</doc>
<msg timestamp="20220815 12:31:50.204" level="INFO">Slept 1 second</msg>
<status status="PASS" starttime="20220815 12:31:49.195" endtime="20220815 12:31:50.204"/>
</kw>
<kw name="Execute Javascript" library="SeleniumLibrary">
<arg>window.scroll(0,${counter}*600)</arg>
<doc>Executes the given JavaScript code with possible arguments.</doc>
<msg timestamp="20220815 12:31:50.204" level="INFO">Executing JavaScript:
window.scroll(0,5*600)
Without any arguments.</msg>
<status status="PASS" starttime="20220815 12:31:50.204" endtime="20220815 12:31:50.222"/>
</kw>
<kw name="Sleep" library="BuiltIn">
<arg>1</arg>
<doc>Pauses the test executed for the given time.</doc>
<msg timestamp="20220815 12:31:51.228" level="INFO">Slept 1 second</msg>
<status status="PASS" starttime="20220815 12:31:50.222" endtime="20220815 12:31:51.228"/>
</kw>
<kw name="Run Keyword And Return Status" library="BuiltIn">
<var>${status}</var>
<arg>Page Should Contain Button</arg>
<arg>${next button locator}</arg>
<arg>loglevel=NONE</arg>
<doc>Runs the given keyword with given arguments and returns the status as a Boolean value.</doc>
<kw name="Page Should Contain Button" library="SeleniumLibrary">
<arg>${next button locator}</arg>
<arg>loglevel=NONE</arg>
<doc>Verifies button ``locator`` is found from current page.</doc>
<msg timestamp="20220815 12:31:51.685" level="INFO" html="true">&lt;/td&gt;&lt;/tr&gt;&lt;tr&gt;&lt;td colspan="3"&gt;&lt;a href="selenium-screenshot-7.png"&gt;&lt;img src="selenium-screenshot-7.png" width="800px"&gt;&lt;/a&gt;</msg>
<msg timestamp="20220815 12:31:51.685" level="FAIL">Page should have contained button 'xpath=//button[contains(@class,'shopee-icon-button shopee-icon-button--right')]//*[name()='svg']' but did not.</msg>
<status status="FAIL" starttime="20220815 12:31:51.229" endtime="20220815 12:31:51.685"/>
</kw>
<msg timestamp="20220815 12:31:51.685" level="INFO">${status} = False</msg>
<status status="PASS" starttime="20220815 12:31:51.228" endtime="20220815 12:31:51.685"/>
</kw>
<kw name="Sleep" library="BuiltIn">
<arg>1</arg>
<doc>Pauses the test executed for the given time.</doc>
<msg timestamp="20220815 12:31:52.700" level="INFO">Slept 1 second</msg>
<status status="PASS" starttime="20220815 12:31:51.685" endtime="20220815 12:31:52.700"/>
</kw>
<kw name="Run Keyword If" library="BuiltIn">
<arg>${status}</arg>
<arg>Exit For Loop</arg>
<doc>Runs the given keyword with the given arguments, if ``condition`` is true.</doc>
<status status="PASS" starttime="20220815 12:31:52.700" endtime="20220815 12:31:52.701"/>
</kw>
<kw name="Set Variable" library="BuiltIn">
<var>${counter}</var>
<arg>${counter}+1</arg>
<doc>Returns the given values which can then be assigned to a variables.</doc>
<msg timestamp="20220815 12:31:52.701" level="INFO">${counter} = 5+1</msg>
<status status="PASS" starttime="20220815 12:31:52.701" endtime="20220815 12:31:52.701"/>
</kw>
<status status="PASS" starttime="20220815 12:31:49.195" endtime="20220815 12:31:52.701"/>
</iter>
<iter>
<var name="${counter}">6</var>
<kw name="Sleep" library="BuiltIn">
<arg>1</arg>
<doc>Pauses the test executed for the given time.</doc>
<msg timestamp="20220815 12:31:53.710" level="INFO">Slept 1 second</msg>
<status status="PASS" starttime="20220815 12:31:52.702" endtime="20220815 12:31:53.710"/>
</kw>
<kw name="Execute Javascript" library="SeleniumLibrary">
<arg>window.scroll(0,${counter}*600)</arg>
<doc>Executes the given JavaScript code with possible arguments.</doc>
<msg timestamp="20220815 12:31:53.711" level="INFO">Executing JavaScript:
window.scroll(0,6*600)
Without any arguments.</msg>
<status status="PASS" starttime="20220815 12:31:53.710" endtime="20220815 12:31:53.717"/>
</kw>
<kw name="Sleep" library="BuiltIn">
<arg>1</arg>
<doc>Pauses the test executed for the given time.</doc>
<msg timestamp="20220815 12:31:54.726" level="INFO">Slept 1 second</msg>
<status status="PASS" starttime="20220815 12:31:53.718" endtime="20220815 12:31:54.726"/>
</kw>
<kw name="Run Keyword And Return Status" library="BuiltIn">
<var>${status}</var>
<arg>Page Should Contain Button</arg>
<arg>${next button locator}</arg>
<arg>loglevel=NONE</arg>
<doc>Runs the given keyword with given arguments and returns the status as a Boolean value.</doc>
<kw name="Page Should Contain Button" library="SeleniumLibrary">
<arg>${next button locator}</arg>
<arg>loglevel=NONE</arg>
<doc>Verifies button ``locator`` is found from current page.</doc>
<msg timestamp="20220815 12:31:55.157" level="INFO" html="true">&lt;/td&gt;&lt;/tr&gt;&lt;tr&gt;&lt;td colspan="3"&gt;&lt;a href="selenium-screenshot-8.png"&gt;&lt;img src="selenium-screenshot-8.png" width="800px"&gt;&lt;/a&gt;</msg>
<msg timestamp="20220815 12:31:55.158" level="FAIL">Page should have contained button 'xpath=//button[contains(@class,'shopee-icon-button shopee-icon-button--right')]//*[name()='svg']' but did not.</msg>
<status status="FAIL" starttime="20220815 12:31:54.726" endtime="20220815 12:31:55.158"/>
</kw>
<msg timestamp="20220815 12:31:55.158" level="INFO">${status} = False</msg>
<status status="PASS" starttime="20220815 12:31:54.726" endtime="20220815 12:31:55.158"/>
</kw>
<kw name="Sleep" library="BuiltIn">
<arg>1</arg>
<doc>Pauses the test executed for the given time.</doc>
<msg timestamp="20220815 12:31:56.161" level="INFO">Slept 1 second</msg>
<status status="PASS" starttime="20220815 12:31:55.158" endtime="20220815 12:31:56.161"/>
</kw>
<kw name="Run Keyword If" library="BuiltIn">
<arg>${status}</arg>
<arg>Exit For Loop</arg>
<doc>Runs the given keyword with the given arguments, if ``condition`` is true.</doc>
<status status="PASS" starttime="20220815 12:31:56.161" endtime="20220815 12:31:56.162"/>
</kw>
<kw name="Set Variable" library="BuiltIn">
<var>${counter}</var>
<arg>${counter}+1</arg>
<doc>Returns the given values which can then be assigned to a variables.</doc>
<msg timestamp="20220815 12:31:56.162" level="INFO">${counter} = 6+1</msg>
<status status="PASS" starttime="20220815 12:31:56.162" endtime="20220815 12:31:56.162"/>
</kw>
<status status="PASS" starttime="20220815 12:31:52.701" endtime="20220815 12:31:56.162"/>
</iter>
<iter>
<var name="${counter}">7</var>
<kw name="Sleep" library="BuiltIn">
<arg>1</arg>
<doc>Pauses the test executed for the given time.</doc>
<msg timestamp="20220815 12:31:57.165" level="INFO">Slept 1 second</msg>
<status status="PASS" starttime="20220815 12:31:56.163" endtime="20220815 12:31:57.165"/>
</kw>
<kw name="Execute Javascript" library="SeleniumLibrary">
<arg>window.scroll(0,${counter}*600)</arg>
<doc>Executes the given JavaScript code with possible arguments.</doc>
<msg timestamp="20220815 12:31:57.165" level="INFO">Executing JavaScript:
window.scroll(0,7*600)
Without any arguments.</msg>
<status status="PASS" starttime="20220815 12:31:57.165" endtime="20220815 12:31:57.173"/>
</kw>
<kw name="Sleep" library="BuiltIn">
<arg>1</arg>
<doc>Pauses the test executed for the given time.</doc>
<msg timestamp="20220815 12:31:58.182" level="INFO">Slept 1 second</msg>
<status status="PASS" starttime="20220815 12:31:57.174" endtime="20220815 12:31:58.182"/>
</kw>
<kw name="Run Keyword And Return Status" library="BuiltIn">
<var>${status}</var>
<arg>Page Should Contain Button</arg>
<arg>${next button locator}</arg>
<arg>loglevel=NONE</arg>
<doc>Runs the given keyword with given arguments and returns the status as a Boolean value.</doc>
<kw name="Page Should Contain Button" library="SeleniumLibrary">
<arg>${next button locator}</arg>
<arg>loglevel=NONE</arg>
<doc>Verifies button ``locator`` is found from current page.</doc>
<msg timestamp="20220815 12:31:58.531" level="INFO" html="true">&lt;/td&gt;&lt;/tr&gt;&lt;tr&gt;&lt;td colspan="3"&gt;&lt;a href="selenium-screenshot-9.png"&gt;&lt;img src="selenium-screenshot-9.png" width="800px"&gt;&lt;/a&gt;</msg>
<msg timestamp="20220815 12:31:58.532" level="FAIL">Page should have contained button 'xpath=//button[contains(@class,'shopee-icon-button shopee-icon-button--right')]//*[name()='svg']' but did not.</msg>
<status status="FAIL" starttime="20220815 12:31:58.182" endtime="20220815 12:31:58.533"/>
</kw>
<msg timestamp="20220815 12:31:58.533" level="INFO">${status} = False</msg>
<status status="PASS" starttime="20220815 12:31:58.182" endtime="20220815 12:31:58.533"/>
</kw>
<kw name="Sleep" library="BuiltIn">
<arg>1</arg>
<doc>Pauses the test executed for the given time.</doc>
<msg timestamp="20220815 12:31:59.535" level="INFO">Slept 1 second</msg>
<status status="PASS" starttime="20220815 12:31:58.533" endtime="20220815 12:31:59.535"/>
</kw>
<kw name="Run Keyword If" library="BuiltIn">
<arg>${status}</arg>
<arg>Exit For Loop</arg>
<doc>Runs the given keyword with the given arguments, if ``condition`` is true.</doc>
<status status="PASS" starttime="20220815 12:31:59.535" endtime="20220815 12:31:59.535"/>
</kw>
<kw name="Set Variable" library="BuiltIn">
<var>${counter}</var>
<arg>${counter}+1</arg>
<doc>Returns the given values which can then be assigned to a variables.</doc>
<msg timestamp="20220815 12:31:59.536" level="INFO">${counter} = 7+1</msg>
<status status="PASS" starttime="20220815 12:31:59.536" endtime="20220815 12:31:59.536"/>
</kw>
<status status="PASS" starttime="20220815 12:31:56.162" endtime="20220815 12:31:59.536"/>
</iter>
<status status="PASS" starttime="20220815 12:31:31.767" endtime="20220815 12:31:59.536"/>
</for>
<kw name="Sleep" library="BuiltIn">
<arg>2</arg>
<doc>Pauses the test executed for the given time.</doc>
<msg timestamp="20220815 12:32:01.546" level="INFO">Slept 2 seconds</msg>
<status status="PASS" starttime="20220815 12:31:59.536" endtime="20220815 12:32:01.546"/>
</kw>
<kw name="Get Text" library="SeleniumLibrary">
<var>${product group}</var>
<arg>${product group}</arg>
<doc>Returns the text value of the element identified by ``locator``.</doc>
<msg timestamp="20220815 12:32:02.444" level="INFO">${product group} = Star
Iklan
CASE REDMI 10C REDMI 10A - SOFTCASE CASE MATTE COVE DOVE FULL COLOUR REDMI 10C REDMI 10A ~ GT
Rp6.000
1,1RB Terjual
KOTA JAKARTA UTARA
Star
83%
OFF
Iklan
Slim Matte Case Xiaomi Redmi 10A - ...</msg>
<status status="PASS" starttime="20220815 12:32:01.546" endtime="20220815 12:32:02.444"/>
</kw>
<kw name="Log To Console" library="BuiltIn">
<arg>VALID_DATA_BELOW</arg>
<doc>Logs the given message to the console.</doc>
<status status="PASS" starttime="20220815 12:32:02.444" endtime="20220815 12:32:02.444"/>
</kw>
<kw name="Log To Console" library="BuiltIn">
<arg>${product group}</arg>
<doc>Logs the given message to the console.</doc>
<status status="PASS" starttime="20220815 12:32:02.444" endtime="20220815 12:32:02.445"/>
</kw>
<kw name="Sleep" library="BuiltIn">
<arg>1</arg>
<doc>Pauses the test executed for the given time.</doc>
<msg timestamp="20220815 12:32:03.459" level="INFO">Slept 1 second</msg>
<status status="PASS" starttime="20220815 12:32:02.445" endtime="20220815 12:32:03.459"/>
</kw>
<kw name="Click Element" library="SeleniumLibrary">
<arg>${next button locator}</arg>
<doc>Click the element identified by ``locator``.</doc>
<msg timestamp="20220815 12:32:03.459" level="INFO">Clicking element 'xpath=//button[contains(@class,'shopee-icon-button shopee-icon-button--right')]//*[name()='svg']'.</msg>
<status status="PASS" starttime="20220815 12:32:03.459" endtime="20220815 12:32:03.677"/>
</kw>
<status status="PASS" starttime="20220815 12:31:30.756" endtime="20220815 12:32:03.677"/>
</kw>
<status status="PASS" starttime="20220815 12:31:30.755" endtime="20220815 12:32:03.678"/>
</kw>
<kw name="Get Product Name with Sort by Relevance Page 2 Shopee" library="stepShopee">
<kw name="Get All Product Name Shopee" library="stepShopee">
<arg>${NEXT PAGE BUTTON SHOPEE}</arg>
<arg>${DISPLAYED PRODUCTS SHOPEE}</arg>
<kw name="Sleep" library="BuiltIn">
<arg>1</arg>
<doc>Pauses the test executed for the given time.</doc>
<msg timestamp="20220815 12:32:04.694" level="INFO">Slept 1 second</msg>
<status status="PASS" starttime="20220815 12:32:03.679" endtime="20220815 12:32:04.694"/>
</kw>
<for flavor="IN RANGE">
<var>${counter}</var>
<value>0</value>
<value>8</value>
<iter>
<var name="${counter}">0</var>
<kw name="Sleep" library="BuiltIn">
<arg>1</arg>
<doc>Pauses the test executed for the given time.</doc>
<msg timestamp="20220815 12:32:05.708" level="INFO">Slept 1 second</msg>
<status status="PASS" starttime="20220815 12:32:04.694" endtime="20220815 12:32:05.708"/>
</kw>
<kw name="Execute Javascript" library="SeleniumLibrary">
<arg>window.scroll(0,${counter}*600)</arg>
<doc>Executes the given JavaScript code with possible arguments.</doc>
<msg timestamp="20220815 12:32:05.709" level="INFO">Executing JavaScript:
window.scroll(0,0*600)
Without any arguments.</msg>
<status status="PASS" starttime="20220815 12:32:05.708" endtime="20220815 12:32:05.720"/>
</kw>
<kw name="Sleep" library="BuiltIn">
<arg>1</arg>
<doc>Pauses the test executed for the given time.</doc>
<msg timestamp="20220815 12:32:06.728" level="INFO">Slept 1 second</msg>
<status status="PASS" starttime="20220815 12:32:05.720" endtime="20220815 12:32:06.728"/>
</kw>
<kw name="Run Keyword And Return Status" library="BuiltIn">
<var>${status}</var>
<arg>Page Should Contain Button</arg>
<arg>${next button locator}</arg>
<arg>loglevel=NONE</arg>
<doc>Runs the given keyword with given arguments and returns the status as a Boolean value.</doc>
<kw name="Page Should Contain Button" library="SeleniumLibrary">
<arg>${next button locator}</arg>
<arg>loglevel=NONE</arg>
<doc>Verifies button ``locator`` is found from current page.</doc>
<msg timestamp="20220815 12:32:07.077" level="INFO" html="true">&lt;/td&gt;&lt;/tr&gt;&lt;tr&gt;&lt;td colspan="3"&gt;&lt;a href="selenium-screenshot-10.png"&gt;&lt;img src="selenium-screenshot-10.png" width="800px"&gt;&lt;/a&gt;</msg>
<msg timestamp="20220815 12:32:07.077" level="FAIL">Page should have contained button 'xpath=//button[contains(@class,'shopee-icon-button shopee-icon-button--right')]//*[name()='svg']' but did not.</msg>
<status status="FAIL" starttime="20220815 12:32:06.729" endtime="20220815 12:32:07.078"/>
</kw>
<msg timestamp="20220815 12:32:07.078" level="INFO">${status} = False</msg>
<status status="PASS" starttime="20220815 12:32:06.728" endtime="20220815 12:32:07.078"/>
</kw>
<kw name="Sleep" library="BuiltIn">
<arg>1</arg>
<doc>Pauses the test executed for the given time.</doc>
<msg timestamp="20220815 12:32:08.083" level="INFO">Slept 1 second</msg>
<status status="PASS" starttime="20220815 12:32:07.078" endtime="20220815 12:32:08.083"/>
</kw>
<kw name="Run Keyword If" library="BuiltIn">
<arg>${status}</arg>
<arg>Exit For Loop</arg>
<doc>Runs the given keyword with the given arguments, if ``condition`` is true.</doc>
<status status="PASS" starttime="20220815 12:32:08.083" endtime="20220815 12:32:08.084"/>
</kw>
<kw name="Set Variable" library="BuiltIn">
<var>${counter}</var>
<arg>${counter}+1</arg>
<doc>Returns the given values which can then be assigned to a variables.</doc>
<msg timestamp="20220815 12:32:08.084" level="INFO">${counter} = 0+1</msg>
<status status="PASS" starttime="20220815 12:32:08.084" endtime="20220815 12:32:08.084"/>
</kw>
<status status="PASS" starttime="20220815 12:32:04.694" endtime="20220815 12:32:08.084"/>
</iter>
<iter>
<var name="${counter}">1</var>
<kw name="Sleep" library="BuiltIn">
<arg>1</arg>
<doc>Pauses the test executed for the given time.</doc>
<msg timestamp="20220815 12:32:09.085" level="INFO">Slept 1 second</msg>
<status status="PASS" starttime="20220815 12:32:08.084" endtime="20220815 12:32:09.085"/>
</kw>
<kw name="Execute Javascript" library="SeleniumLibrary">
<arg>window.scroll(0,${counter}*600)</arg>
<doc>Executes the given JavaScript code with possible arguments.</doc>
<msg timestamp="20220815 12:32:09.086" level="INFO">Executing JavaScript:
window.scroll(0,1*600)
Without any arguments.</msg>
<status status="PASS" starttime="20220815 12:32:09.085" endtime="20220815 12:32:09.095"/>
</kw>
<kw name="Sleep" library="BuiltIn">
<arg>1</arg>
<doc>Pauses the test executed for the given time.</doc>
<msg timestamp="20220815 12:32:10.099" level="INFO">Slept 1 second</msg>
<status status="PASS" starttime="20220815 12:32:09.095" endtime="20220815 12:32:10.099"/>
</kw>
<kw name="Run Keyword And Return Status" library="BuiltIn">
<var>${status}</var>
<arg>Page Should Contain Button</arg>
<arg>${next button locator}</arg>
<arg>loglevel=NONE</arg>
<doc>Runs the given keyword with given arguments and returns the status as a Boolean value.</doc>
<kw name="Page Should Contain Button" library="SeleniumLibrary">
<arg>${next button locator}</arg>
<arg>loglevel=NONE</arg>
<doc>Verifies button ``locator`` is found from current page.</doc>
<msg timestamp="20220815 12:32:10.483" level="INFO" html="true">&lt;/td&gt;&lt;/tr&gt;&lt;tr&gt;&lt;td colspan="3"&gt;&lt;a href="selenium-screenshot-11.png"&gt;&lt;img src="selenium-screenshot-11.png" width="800px"&gt;&lt;/a&gt;</msg>
<msg timestamp="20220815 12:32:10.483" level="FAIL">Page should have contained button 'xpath=//button[contains(@class,'shopee-icon-button shopee-icon-button--right')]//*[name()='svg']' but did not.</msg>
<status status="FAIL" starttime="20220815 12:32:10.099" endtime="20220815 12:32:10.484"/>
</kw>
<msg timestamp="20220815 12:32:10.484" level="INFO">${status} = False</msg>
<status status="PASS" starttime="20220815 12:32:10.099" endtime="20220815 12:32:10.484"/>
</kw>
<kw name="Sleep" library="BuiltIn">
<arg>1</arg>
<doc>Pauses the test executed for the given time.</doc>
<msg timestamp="20220815 12:32:11.500" level="INFO">Slept 1 second</msg>
<status status="PASS" starttime="20220815 12:32:10.484" endtime="20220815 12:32:11.500"/>
</kw>
<kw name="Run Keyword If" library="BuiltIn">
<arg>${status}</arg>
<arg>Exit For Loop</arg>
<doc>Runs the given keyword with the given arguments, if ``condition`` is true.</doc>
<status status="PASS" starttime="20220815 12:32:11.500" endtime="20220815 12:32:11.500"/>
</kw>
<kw name="Set Variable" library="BuiltIn">
<var>${counter}</var>
<arg>${counter}+1</arg>
<doc>Returns the given values which can then be assigned to a variables.</doc>
<msg timestamp="20220815 12:32:11.500" level="INFO">${counter} = 1+1</msg>
<status status="PASS" starttime="20220815 12:32:11.500" endtime="20220815 12:32:11.501"/>
</kw>
<status status="PASS" starttime="20220815 12:32:08.084" endtime="20220815 12:32:11.501"/>
</iter>
<iter>
<var name="${counter}">2</var>
<kw name="Sleep" library="BuiltIn">
<arg>1</arg>
<doc>Pauses the test executed for the given time.</doc>
<msg timestamp="20220815 12:32:12.513" level="INFO">Slept 1 second</msg>
<status status="PASS" starttime="20220815 12:32:11.501" endtime="20220815 12:32:12.513"/>
</kw>
<kw name="Execute Javascript" library="SeleniumLibrary">
<arg>window.scroll(0,${counter}*600)</arg>
<doc>Executes the given JavaScript code with possible arguments.</doc>
<msg timestamp="20220815 12:32:12.514" level="INFO">Executing JavaScript:
window.scroll(0,2*600)
Without any arguments.</msg>
<status status="PASS" starttime="20220815 12:32:12.513" endtime="20220815 12:32:12.526"/>
</kw>
<kw name="Sleep" library="BuiltIn">
<arg>1</arg>
<doc>Pauses the test executed for the given time.</doc>
<msg timestamp="20220815 12:32:13.533" level="INFO">Slept 1 second</msg>
<status status="PASS" starttime="20220815 12:32:12.526" endtime="20220815 12:32:13.533"/>
</kw>
<kw name="Run Keyword And Return Status" library="BuiltIn">
<var>${status}</var>
<arg>Page Should Contain Button</arg>
<arg>${next button locator}</arg>
<arg>loglevel=NONE</arg>
<doc>Runs the given keyword with given arguments and returns the status as a Boolean value.</doc>
<kw name="Page Should Contain Button" library="SeleniumLibrary">
<arg>${next button locator}</arg>
<arg>loglevel=NONE</arg>
<doc>Verifies button ``locator`` is found from current page.</doc>
<msg timestamp="20220815 12:32:13.940" level="INFO" html="true">&lt;/td&gt;&lt;/tr&gt;&lt;tr&gt;&lt;td colspan="3"&gt;&lt;a href="selenium-screenshot-12.png"&gt;&lt;img src="selenium-screenshot-12.png" width="800px"&gt;&lt;/a&gt;</msg>
<msg timestamp="20220815 12:32:13.940" level="FAIL">Page should have contained button 'xpath=//button[contains(@class,'shopee-icon-button shopee-icon-button--right')]//*[name()='svg']' but did not.</msg>
<status status="FAIL" starttime="20220815 12:32:13.533" endtime="20220815 12:32:13.940"/>
</kw>
<msg timestamp="20220815 12:32:13.940" level="INFO">${status} = False</msg>
<status status="PASS" starttime="20220815 12:32:13.533" endtime="20220815 12:32:13.940"/>
</kw>
<kw name="Sleep" library="BuiltIn">
<arg>1</arg>
<doc>Pauses the test executed for the given time.</doc>
<msg timestamp="20220815 12:32:14.947" level="INFO">Slept 1 second</msg>
<status status="PASS" starttime="20220815 12:32:13.940" endtime="20220815 12:32:14.948"/>
</kw>
<kw name="Run Keyword If" library="BuiltIn">
<arg>${status}</arg>
<arg>Exit For Loop</arg>
<doc>Runs the given keyword with the given arguments, if ``condition`` is true.</doc>
<status status="PASS" starttime="20220815 12:32:14.948" endtime="20220815 12:32:14.948"/>
</kw>
<kw name="Set Variable" library="BuiltIn">
<var>${counter}</var>
<arg>${counter}+1</arg>
<doc>Returns the given values which can then be assigned to a variables.</doc>
<msg timestamp="20220815 12:32:14.949" level="INFO">${counter} = 2+1</msg>
<status status="PASS" starttime="20220815 12:32:14.948" endtime="20220815 12:32:14.949"/>
</kw>
<status status="PASS" starttime="20220815 12:32:11.501" endtime="20220815 12:32:14.949"/>
</iter>
<iter>
<var name="${counter}">3</var>
<kw name="Sleep" library="BuiltIn">
<arg>1</arg>
<doc>Pauses the test executed for the given time.</doc>
<msg timestamp="20220815 12:32:15.955" level="INFO">Slept 1 second</msg>
<status status="PASS" starttime="20220815 12:32:14.949" endtime="20220815 12:32:15.955"/>
</kw>
<kw name="Execute Javascript" library="SeleniumLibrary">
<arg>window.scroll(0,${counter}*600)</arg>
<doc>Executes the given JavaScript code with possible arguments.</doc>
<msg timestamp="20220815 12:32:15.956" level="INFO">Executing JavaScript:
window.scroll(0,3*600)
Without any arguments.</msg>
<status status="PASS" starttime="20220815 12:32:15.955" endtime="20220815 12:32:15.960"/>
</kw>
<kw name="Sleep" library="BuiltIn">
<arg>1</arg>
<doc>Pauses the test executed for the given time.</doc>
<msg timestamp="20220815 12:32:16.971" level="INFO">Slept 1 second</msg>
<status status="PASS" starttime="20220815 12:32:15.961" endtime="20220815 12:32:16.971"/>
</kw>
<kw name="Run Keyword And Return Status" library="BuiltIn">
<var>${status}</var>
<arg>Page Should Contain Button</arg>
<arg>${next button locator}</arg>
<arg>loglevel=NONE</arg>
<doc>Runs the given keyword with given arguments and returns the status as a Boolean value.</doc>
<kw name="Page Should Contain Button" library="SeleniumLibrary">
<arg>${next button locator}</arg>
<arg>loglevel=NONE</arg>
<doc>Verifies button ``locator`` is found from current page.</doc>
<msg timestamp="20220815 12:32:17.432" level="INFO" html="true">&lt;/td&gt;&lt;/tr&gt;&lt;tr&gt;&lt;td colspan="3"&gt;&lt;a href="selenium-screenshot-13.png"&gt;&lt;img src="selenium-screenshot-13.png" width="800px"&gt;&lt;/a&gt;</msg>
<msg timestamp="20220815 12:32:17.432" level="FAIL">Page should have contained button 'xpath=//button[contains(@class,'shopee-icon-button shopee-icon-button--right')]//*[name()='svg']' but did not.</msg>
<status status="FAIL" starttime="20220815 12:32:16.971" endtime="20220815 12:32:17.432"/>
</kw>
<msg timestamp="20220815 12:32:17.432" level="INFO">${status} = False</msg>
<status status="PASS" starttime="20220815 12:32:16.971" endtime="20220815 12:32:17.432"/>
</kw>
<kw name="Sleep" library="BuiltIn">
<arg>1</arg>
<doc>Pauses the test executed for the given time.</doc>
<msg timestamp="20220815 12:32:18.441" level="INFO">Slept 1 second</msg>
<status status="PASS" starttime="20220815 12:32:17.432" endtime="20220815 12:32:18.441"/>
</kw>
<kw name="Run Keyword If" library="BuiltIn">
<arg>${status}</arg>
<arg>Exit For Loop</arg>
<doc>Runs the given keyword with the given arguments, if ``condition`` is true.</doc>
<status status="PASS" starttime="20220815 12:32:18.441" endtime="20220815 12:32:18.441"/>
</kw>
<kw name="Set Variable" library="BuiltIn">
<var>${counter}</var>
<arg>${counter}+1</arg>
<doc>Returns the given values which can then be assigned to a variables.</doc>
<msg timestamp="20220815 12:32:18.442" level="INFO">${counter} = 3+1</msg>
<status status="PASS" starttime="20220815 12:32:18.441" endtime="20220815 12:32:18.442"/>
</kw>
<status status="PASS" starttime="20220815 12:32:14.949" endtime="20220815 12:32:18.442"/>
</iter>
<iter>
<var name="${counter}">4</var>
<kw name="Sleep" library="BuiltIn">
<arg>1</arg>
<doc>Pauses the test executed for the given time.</doc>
<msg timestamp="20220815 12:32:19.453" level="INFO">Slept 1 second</msg>
<status status="PASS" starttime="20220815 12:32:18.442" endtime="20220815 12:32:19.453"/>
</kw>
<kw name="Execute Javascript" library="SeleniumLibrary">
<arg>window.scroll(0,${counter}*600)</arg>
<doc>Executes the given JavaScript code with possible arguments.</doc>
<msg timestamp="20220815 12:32:19.453" level="INFO">Executing JavaScript:
window.scroll(0,4*600)
Without any arguments.</msg>
<status status="PASS" starttime="20220815 12:32:19.453" endtime="20220815 12:32:19.471"/>
</kw>
<kw name="Sleep" library="BuiltIn">
<arg>1</arg>
<doc>Pauses the test executed for the given time.</doc>
<msg timestamp="20220815 12:32:20.484" level="INFO">Slept 1 second</msg>
<status status="PASS" starttime="20220815 12:32:19.471" endtime="20220815 12:32:20.484"/>
</kw>
<kw name="Run Keyword And Return Status" library="BuiltIn">
<var>${status}</var>
<arg>Page Should Contain Button</arg>
<arg>${next button locator}</arg>
<arg>loglevel=NONE</arg>
<doc>Runs the given keyword with given arguments and returns the status as a Boolean value.</doc>
<kw name="Page Should Contain Button" library="SeleniumLibrary">
<arg>${next button locator}</arg>
<arg>loglevel=NONE</arg>
<doc>Verifies button ``locator`` is found from current page.</doc>
<msg timestamp="20220815 12:32:20.912" level="INFO" html="true">&lt;/td&gt;&lt;/tr&gt;&lt;tr&gt;&lt;td colspan="3"&gt;&lt;a href="selenium-screenshot-14.png"&gt;&lt;img src="selenium-screenshot-14.png" width="800px"&gt;&lt;/a&gt;</msg>
<msg timestamp="20220815 12:32:20.913" level="FAIL">Page should have contained button 'xpath=//button[contains(@class,'shopee-icon-button shopee-icon-button--right')]//*[name()='svg']' but did not.</msg>
<status status="FAIL" starttime="20220815 12:32:20.484" endtime="20220815 12:32:20.913"/>
</kw>
<msg timestamp="20220815 12:32:20.922" level="INFO">${status} = False</msg>
<status status="PASS" starttime="20220815 12:32:20.484" endtime="20220815 12:32:20.922"/>
</kw>
<kw name="Sleep" library="BuiltIn">
<arg>1</arg>
<doc>Pauses the test executed for the given time.</doc>
<msg timestamp="20220815 12:32:21.930" level="INFO">Slept 1 second</msg>
<status status="PASS" starttime="20220815 12:32:20.922" endtime="20220815 12:32:21.930"/>
</kw>
<kw name="Run Keyword If" library="BuiltIn">
<arg>${status}</arg>
<arg>Exit For Loop</arg>
<doc>Runs the given keyword with the given arguments, if ``condition`` is true.</doc>
<status status="PASS" starttime="20220815 12:32:21.930" endtime="20220815 12:32:21.930"/>
</kw>
<kw name="Set Variable" library="BuiltIn">
<var>${counter}</var>
<arg>${counter}+1</arg>
<doc>Returns the given values which can then be assigned to a variables.</doc>
<msg timestamp="20220815 12:32:21.931" level="INFO">${counter} = 4+1</msg>
<status status="PASS" starttime="20220815 12:32:21.930" endtime="20220815 12:32:21.931"/>
</kw>
<status status="PASS" starttime="20220815 12:32:18.442" endtime="20220815 12:32:21.931"/>
</iter>
<iter>
<var name="${counter}">5</var>
<kw name="Sleep" library="BuiltIn">
<arg>1</arg>
<doc>Pauses the test executed for the given time.</doc>
<msg timestamp="20220815 12:32:22.934" level="INFO">Slept 1 second</msg>
<status status="PASS" starttime="20220815 12:32:21.931" endtime="20220815 12:32:22.934"/>
</kw>
<kw name="Execute Javascript" library="SeleniumLibrary">
<arg>window.scroll(0,${counter}*600)</arg>
<doc>Executes the given JavaScript code with possible arguments.</doc>
<msg timestamp="20220815 12:32:22.935" level="INFO">Executing JavaScript:
window.scroll(0,5*600)
Without any arguments.</msg>
<status status="PASS" starttime="20220815 12:32:22.934" endtime="20220815 12:32:22.941"/>
</kw>
<kw name="Sleep" library="BuiltIn">
<arg>1</arg>
<doc>Pauses the test executed for the given time.</doc>
<msg timestamp="20220815 12:32:23.956" level="INFO">Slept 1 second</msg>
<status status="PASS" starttime="20220815 12:32:22.942" endtime="20220815 12:32:23.956"/>
</kw>
<kw name="Run Keyword And Return Status" library="BuiltIn">
<var>${status}</var>
<arg>Page Should Contain Button</arg>
<arg>${next button locator}</arg>
<arg>loglevel=NONE</arg>
<doc>Runs the given keyword with given arguments and returns the status as a Boolean value.</doc>
<kw name="Page Should Contain Button" library="SeleniumLibrary">
<arg>${next button locator}</arg>
<arg>loglevel=NONE</arg>
<doc>Verifies button ``locator`` is found from current page.</doc>
<msg timestamp="20220815 12:32:24.418" level="INFO" html="true">&lt;/td&gt;&lt;/tr&gt;&lt;tr&gt;&lt;td colspan="3"&gt;&lt;a href="selenium-screenshot-15.png"&gt;&lt;img src="selenium-screenshot-15.png" width="800px"&gt;&lt;/a&gt;</msg>
<msg timestamp="20220815 12:32:24.419" level="FAIL">Page should have contained button 'xpath=//button[contains(@class,'shopee-icon-button shopee-icon-button--right')]//*[name()='svg']' but did not.</msg>
<status status="FAIL" starttime="20220815 12:32:23.956" endtime="20220815 12:32:24.419"/>
</kw>
<msg timestamp="20220815 12:32:24.419" level="INFO">${status} = False</msg>
<status status="PASS" starttime="20220815 12:32:23.956" endtime="20220815 12:32:24.419"/>
</kw>
<kw name="Sleep" library="BuiltIn">
<arg>1</arg>
<doc>Pauses the test executed for the given time.</doc>
<msg timestamp="20220815 12:32:25.430" level="INFO">Slept 1 second</msg>
<status status="PASS" starttime="20220815 12:32:24.419" endtime="20220815 12:32:25.430"/>
</kw>
<kw name="Run Keyword If" library="BuiltIn">
<arg>${status}</arg>
<arg>Exit For Loop</arg>
<doc>Runs the given keyword with the given arguments, if ``condition`` is true.</doc>
<status status="PASS" starttime="20220815 12:32:25.430" endtime="20220815 12:32:25.430"/>
</kw>
<kw name="Set Variable" library="BuiltIn">
<var>${counter}</var>
<arg>${counter}+1</arg>
<doc>Returns the given values which can then be assigned to a variables.</doc>
<msg timestamp="20220815 12:32:25.431" level="INFO">${counter} = 5+1</msg>
<status status="PASS" starttime="20220815 12:32:25.430" endtime="20220815 12:32:25.431"/>
</kw>
<status status="PASS" starttime="20220815 12:32:21.931" endtime="20220815 12:32:25.431"/>
</iter>
<iter>
<var name="${counter}">6</var>
<kw name="Sleep" library="BuiltIn">
<arg>1</arg>
<doc>Pauses the test executed for the given time.</doc>
<msg timestamp="20220815 12:32:26.437" level="INFO">Slept 1 second</msg>
<status status="PASS" starttime="20220815 12:32:25.431" endtime="20220815 12:32:26.437"/>
</kw>
<kw name="Execute Javascript" library="SeleniumLibrary">
<arg>window.scroll(0,${counter}*600)</arg>
<doc>Executes the given JavaScript code with possible arguments.</doc>
<msg timestamp="20220815 12:32:26.446" level="INFO">Executing JavaScript:
window.scroll(0,6*600)
Without any arguments.</msg>
<status status="PASS" starttime="20220815 12:32:26.437" endtime="20220815 12:32:26.466"/>
</kw>
<kw name="Sleep" library="BuiltIn">
<arg>1</arg>
<doc>Pauses the test executed for the given time.</doc>
<msg timestamp="20220815 12:32:27.480" level="INFO">Slept 1 second</msg>
<status status="PASS" starttime="20220815 12:32:26.466" endtime="20220815 12:32:27.480"/>
</kw>
<kw name="Run Keyword And Return Status" library="BuiltIn">
<var>${status}</var>
<arg>Page Should Contain Button</arg>
<arg>${next button locator}</arg>
<arg>loglevel=NONE</arg>
<doc>Runs the given keyword with given arguments and returns the status as a Boolean value.</doc>
<kw name="Page Should Contain Button" library="SeleniumLibrary">
<arg>${next button locator}</arg>
<arg>loglevel=NONE</arg>
<doc>Verifies button ``locator`` is found from current page.</doc>
<msg timestamp="20220815 12:32:27.927" level="INFO" html="true">&lt;/td&gt;&lt;/tr&gt;&lt;tr&gt;&lt;td colspan="3"&gt;&lt;a href="selenium-screenshot-16.png"&gt;&lt;img src="selenium-screenshot-16.png" width="800px"&gt;&lt;/a&gt;</msg>
<msg timestamp="20220815 12:32:27.927" level="FAIL">Page should have contained button 'xpath=//button[contains(@class,'shopee-icon-button shopee-icon-button--right')]//*[name()='svg']' but did not.</msg>
<status status="FAIL" starttime="20220815 12:32:27.480" endtime="20220815 12:32:27.928"/>
</kw>
<msg timestamp="20220815 12:32:27.928" level="INFO">${status} = False</msg>
<status status="PASS" starttime="20220815 12:32:27.480" endtime="20220815 12:32:27.928"/>
</kw>
<kw name="Sleep" library="BuiltIn">
<arg>1</arg>
<doc>Pauses the test executed for the given time.</doc>
<msg timestamp="20220815 12:32:28.942" level="INFO">Slept 1 second</msg>
<status status="PASS" starttime="20220815 12:32:27.928" endtime="20220815 12:32:28.942"/>
</kw>
<kw name="Run Keyword If" library="BuiltIn">
<arg>${status}</arg>
<arg>Exit For Loop</arg>
<doc>Runs the given keyword with the given arguments, if ``condition`` is true.</doc>
<status status="PASS" starttime="20220815 12:32:28.942" endtime="20220815 12:32:28.942"/>
</kw>
<kw name="Set Variable" library="BuiltIn">
<var>${counter}</var>
<arg>${counter}+1</arg>
<doc>Returns the given values which can then be assigned to a variables.</doc>
<msg timestamp="20220815 12:32:28.942" level="INFO">${counter} = 6+1</msg>
<status status="PASS" starttime="20220815 12:32:28.942" endtime="20220815 12:32:28.942"/>
</kw>
<status status="PASS" starttime="20220815 12:32:25.431" endtime="20220815 12:32:28.942"/>
</iter>
<iter>
<var name="${counter}">7</var>
<kw name="Sleep" library="BuiltIn">
<arg>1</arg>
<doc>Pauses the test executed for the given time.</doc>
<msg timestamp="20220815 12:32:29.944" level="INFO">Slept 1 second</msg>
<status status="PASS" starttime="20220815 12:32:28.943" endtime="20220815 12:32:29.944"/>
</kw>
<kw name="Execute Javascript" library="SeleniumLibrary">
<arg>window.scroll(0,${counter}*600)</arg>
<doc>Executes the given JavaScript code with possible arguments.</doc>
<msg timestamp="20220815 12:32:29.945" level="INFO">Executing JavaScript:
window.scroll(0,7*600)
Without any arguments.</msg>
<status status="PASS" starttime="20220815 12:32:29.944" endtime="20220815 12:32:29.971"/>
</kw>
<kw name="Sleep" library="BuiltIn">
<arg>1</arg>
<doc>Pauses the test executed for the given time.</doc>
<msg timestamp="20220815 12:32:30.986" level="INFO">Slept 1 second</msg>
<status status="PASS" starttime="20220815 12:32:29.972" endtime="20220815 12:32:30.986"/>
</kw>
<kw name="Run Keyword And Return Status" library="BuiltIn">
<var>${status}</var>
<arg>Page Should Contain Button</arg>
<arg>${next button locator}</arg>
<arg>loglevel=NONE</arg>
<doc>Runs the given keyword with given arguments and returns the status as a Boolean value.</doc>
<kw name="Page Should Contain Button" library="SeleniumLibrary">
<arg>${next button locator}</arg>
<arg>loglevel=NONE</arg>
<doc>Verifies button ``locator`` is found from current page.</doc>
<msg timestamp="20220815 12:32:31.329" level="INFO" html="true">&lt;/td&gt;&lt;/tr&gt;&lt;tr&gt;&lt;td colspan="3"&gt;&lt;a href="selenium-screenshot-17.png"&gt;&lt;img src="selenium-screenshot-17.png" width="800px"&gt;&lt;/a&gt;</msg>
<msg timestamp="20220815 12:32:31.329" level="FAIL">Page should have contained button 'xpath=//button[contains(@class,'shopee-icon-button shopee-icon-button--right')]//*[name()='svg']' but did not.</msg>
<status status="FAIL" starttime="20220815 12:32:30.987" endtime="20220815 12:32:31.330"/>
</kw>
<msg timestamp="20220815 12:32:31.330" level="INFO">${status} = False</msg>
<status status="PASS" starttime="20220815 12:32:30.986" endtime="20220815 12:32:31.330"/>
</kw>
<kw name="Sleep" library="BuiltIn">
<arg>1</arg>
<doc>Pauses the test executed for the given time.</doc>
<msg timestamp="20220815 12:32:32.337" level="INFO">Slept 1 second</msg>
<status status="PASS" starttime="20220815 12:32:31.330" endtime="20220815 12:32:32.337"/>
</kw>
<kw name="Run Keyword If" library="BuiltIn">
<arg>${status}</arg>
<arg>Exit For Loop</arg>
<doc>Runs the given keyword with the given arguments, if ``condition`` is true.</doc>
<status status="PASS" starttime="20220815 12:32:32.337" endtime="20220815 12:32:32.337"/>
</kw>
<kw name="Set Variable" library="BuiltIn">
<var>${counter}</var>
<arg>${counter}+1</arg>
<doc>Returns the given values which can then be assigned to a variables.</doc>
<msg timestamp="20220815 12:32:32.338" level="INFO">${counter} = 7+1</msg>
<status status="PASS" starttime="20220815 12:32:32.337" endtime="20220815 12:32:32.338"/>
</kw>
<status status="PASS" starttime="20220815 12:32:28.943" endtime="20220815 12:32:32.338"/>
</iter>
<status status="PASS" starttime="20220815 12:32:04.694" endtime="20220815 12:32:32.338"/>
</for>
<kw name="Sleep" library="BuiltIn">
<arg>2</arg>
<doc>Pauses the test executed for the given time.</doc>
<msg timestamp="20220815 12:32:34.347" level="INFO">Slept 2 seconds</msg>
<status status="PASS" starttime="20220815 12:32:32.338" endtime="20220815 12:32:34.347"/>
</kw>
<kw name="Get Text" library="SeleniumLibrary">
<var>${product group}</var>
<arg>${product group}</arg>
<doc>Returns the text value of the element identified by ``locator``.</doc>
<msg timestamp="20220815 12:32:35.199" level="INFO">${product group} = Star
20%
OFF
Iklan
XIAOMI REDMI 10/ 10C/ 10A/ 9A/ 9C/ 9T/ NOTE 11/ NOTE 11PRO / SOFT CASE MACARON SLIDE CAMERA + SLOT CARD HOLDER /CASE MACARON SLIDE CAMERA + SLOT CARD DESIGN
Grosir
Rp11.999
Rp9.600
...</msg>
<status status="PASS" starttime="20220815 12:32:34.347" endtime="20220815 12:32:35.199"/>
</kw>
<kw name="Log To Console" library="BuiltIn">
<arg>VALID_DATA_BELOW</arg>
<doc>Logs the given message to the console.</doc>
<status status="PASS" starttime="20220815 12:32:35.199" endtime="20220815 12:32:35.199"/>
</kw>
<kw name="Log To Console" library="BuiltIn">
<arg>${product group}</arg>
<doc>Logs the given message to the console.</doc>
<status status="PASS" starttime="20220815 12:32:35.200" endtime="20220815 12:32:35.200"/>
</kw>
<kw name="Sleep" library="BuiltIn">
<arg>1</arg>
<doc>Pauses the test executed for the given time.</doc>
<msg timestamp="20220815 12:32:36.210" level="INFO">Slept 1 second</msg>
<status status="PASS" starttime="20220815 12:32:35.200" endtime="20220815 12:32:36.210"/>
</kw>
<kw name="Click Element" library="SeleniumLibrary">
<arg>${next button locator}</arg>
<doc>Click the element identified by ``locator``.</doc>
<msg timestamp="20220815 12:32:36.210" level="INFO">Clicking element 'xpath=//button[contains(@class,'shopee-icon-button shopee-icon-button--right')]//*[name()='svg']'.</msg>
<status status="PASS" starttime="20220815 12:32:36.210" endtime="20220815 12:32:36.404"/>
</kw>
<status status="PASS" starttime="20220815 12:32:03.678" endtime="20220815 12:32:36.405"/>
</kw>
<status status="PASS" starttime="20220815 12:32:03.678" endtime="20220815 12:32:36.405"/>
</kw>
<kw name="Get Product Name with Sort by Relevance Page 3 Shopee" library="stepShopee">
<kw name="Get All Product Name Shopee" library="stepShopee">
<arg>${NEXT PAGE BUTTON SHOPEE}</arg>
<arg>${DISPLAYED PRODUCTS SHOPEE}</arg>
<kw name="Sleep" library="BuiltIn">
<arg>1</arg>
<doc>Pauses the test executed for the given time.</doc>
<msg timestamp="20220815 12:32:37.412" level="INFO">Slept 1 second</msg>
<status status="PASS" starttime="20220815 12:32:36.405" endtime="20220815 12:32:37.412"/>
</kw>
<for flavor="IN RANGE">
<var>${counter}</var>
<value>0</value>
<value>8</value>
<iter>
<var name="${counter}">0</var>
<kw name="Sleep" library="BuiltIn">
<arg>1</arg>
<doc>Pauses the test executed for the given time.</doc>
<msg timestamp="20220815 12:32:38.415" level="INFO">Slept 1 second</msg>
<status status="PASS" starttime="20220815 12:32:37.412" endtime="20220815 12:32:38.415"/>
</kw>
<kw name="Execute Javascript" library="SeleniumLibrary">
<arg>window.scroll(0,${counter}*600)</arg>
<doc>Executes the given JavaScript code with possible arguments.</doc>
<msg timestamp="20220815 12:32:38.416" level="INFO">Executing JavaScript:
window.scroll(0,0*600)
Without any arguments.</msg>
<status status="PASS" starttime="20220815 12:32:38.415" endtime="20220815 12:32:38.423"/>
</kw>
<kw name="Sleep" library="BuiltIn">
<arg>1</arg>
<doc>Pauses the test executed for the given time.</doc>
<msg timestamp="20220815 12:32:39.426" level="INFO">Slept 1 second</msg>
<status status="PASS" starttime="20220815 12:32:38.423" endtime="20220815 12:32:39.426"/>
</kw>
<kw name="Run Keyword And Return Status" library="BuiltIn">
<var>${status}</var>
<arg>Page Should Contain Button</arg>
<arg>${next button locator}</arg>
<arg>loglevel=NONE</arg>
<doc>Runs the given keyword with given arguments and returns the status as a Boolean value.</doc>
<kw name="Page Should Contain Button" library="SeleniumLibrary">
<arg>${next button locator}</arg>
<arg>loglevel=NONE</arg>
<doc>Verifies button ``locator`` is found from current page.</doc>
<msg timestamp="20220815 12:32:39.780" level="INFO" html="true">&lt;/td&gt;&lt;/tr&gt;&lt;tr&gt;&lt;td colspan="3"&gt;&lt;a href="selenium-screenshot-18.png"&gt;&lt;img src="selenium-screenshot-18.png" width="800px"&gt;&lt;/a&gt;</msg>
<msg timestamp="20220815 12:32:39.780" level="FAIL">Page should have contained button 'xpath=//button[contains(@class,'shopee-icon-button shopee-icon-button--right')]//*[name()='svg']' but did not.</msg>
<status status="FAIL" starttime="20220815 12:32:39.426" endtime="20220815 12:32:39.781"/>
</kw>
<msg timestamp="20220815 12:32:39.781" level="INFO">${status} = False</msg>
<status status="PASS" starttime="20220815 12:32:39.426" endtime="20220815 12:32:39.781"/>
</kw>
<kw name="Sleep" library="BuiltIn">
<arg>1</arg>
<doc>Pauses the test executed for the given time.</doc>
<msg timestamp="20220815 12:32:40.782" level="INFO">Slept 1 second</msg>
<status status="PASS" starttime="20220815 12:32:39.781" endtime="20220815 12:32:40.782"/>
</kw>
<kw name="Run Keyword If" library="BuiltIn">
<arg>${status}</arg>
<arg>Exit For Loop</arg>
<doc>Runs the given keyword with the given arguments, if ``condition`` is true.</doc>
<status status="PASS" starttime="20220815 12:32:40.782" endtime="20220815 12:32:40.782"/>
</kw>
<kw name="Set Variable" library="BuiltIn">
<var>${counter}</var>
<arg>${counter}+1</arg>
<doc>Returns the given values which can then be assigned to a variables.</doc>
<msg timestamp="20220815 12:32:40.783" level="INFO">${counter} = 0+1</msg>
<status status="PASS" starttime="20220815 12:32:40.782" endtime="20220815 12:32:40.783"/>
</kw>
<status status="PASS" starttime="20220815 12:32:37.412" endtime="20220815 12:32:40.783"/>
</iter>
<iter>
<var name="${counter}">1</var>
<kw name="Sleep" library="BuiltIn">
<arg>1</arg>
<doc>Pauses the test executed for the given time.</doc>
<msg timestamp="20220815 12:32:41.788" level="INFO">Slept 1 second</msg>
<status status="PASS" starttime="20220815 12:32:40.783" endtime="20220815 12:32:41.788"/>
</kw>
<kw name="Execute Javascript" library="SeleniumLibrary">
<arg>window.scroll(0,${counter}*600)</arg>
<doc>Executes the given JavaScript code with possible arguments.</doc>
<msg timestamp="20220815 12:32:41.789" level="INFO">Executing JavaScript:
window.scroll(0,1*600)
Without any arguments.</msg>
<status status="PASS" starttime="20220815 12:32:41.788" endtime="20220815 12:32:41.799"/>
</kw>
<kw name="Sleep" library="BuiltIn">
<arg>1</arg>
<doc>Pauses the test executed for the given time.</doc>
<msg timestamp="20220815 12:32:42.803" level="INFO">Slept 1 second</msg>
<status status="PASS" starttime="20220815 12:32:41.799" endtime="20220815 12:32:42.803"/>
</kw>
<kw name="Run Keyword And Return Status" library="BuiltIn">
<var>${status}</var>
<arg>Page Should Contain Button</arg>
<arg>${next button locator}</arg>
<arg>loglevel=NONE</arg>
<doc>Runs the given keyword with given arguments and returns the status as a Boolean value.</doc>
<kw name="Page Should Contain Button" library="SeleniumLibrary">
<arg>${next button locator}</arg>
<arg>loglevel=NONE</arg>
<doc>Verifies button ``locator`` is found from current page.</doc>
<msg timestamp="20220815 12:32:43.251" level="INFO" html="true">&lt;/td&gt;&lt;/tr&gt;&lt;tr&gt;&lt;td colspan="3"&gt;&lt;a href="selenium-screenshot-19.png"&gt;&lt;img src="selenium-screenshot-19.png" width="800px"&gt;&lt;/a&gt;</msg>
<msg timestamp="20220815 12:32:43.251" level="FAIL">Page should have contained button 'xpath=//button[contains(@class,'shopee-icon-button shopee-icon-button--right')]//*[name()='svg']' but did not.</msg>
<status status="FAIL" starttime="20220815 12:32:42.803" endtime="20220815 12:32:43.251"/>
</kw>
<msg timestamp="20220815 12:32:43.251" level="INFO">${status} = False</msg>
<status status="PASS" starttime="20220815 12:32:42.803" endtime="20220815 12:32:43.251"/>
</kw>
<kw name="Sleep" library="BuiltIn">
<arg>1</arg>
<doc>Pauses the test executed for the given time.</doc>
<msg timestamp="20220815 12:32:44.257" level="INFO">Slept 1 second</msg>
<status status="PASS" starttime="20220815 12:32:43.251" endtime="20220815 12:32:44.257"/>
</kw>
<kw name="Run Keyword If" library="BuiltIn">
<arg>${status}</arg>
<arg>Exit For Loop</arg>
<doc>Runs the given keyword with the given arguments, if ``condition`` is true.</doc>
<status status="PASS" starttime="20220815 12:32:44.257" endtime="20220815 12:32:44.257"/>
</kw>
<kw name="Set Variable" library="BuiltIn">
<var>${counter}</var>
<arg>${counter}+1</arg>
<doc>Returns the given values which can then be assigned to a variables.</doc>
<msg timestamp="20220815 12:32:44.258" level="INFO">${counter} = 1+1</msg>
<status status="PASS" starttime="20220815 12:32:44.257" endtime="20220815 12:32:44.258"/>
</kw>
<status status="PASS" starttime="20220815 12:32:40.783" endtime="20220815 12:32:44.258"/>
</iter>
<iter>
<var name="${counter}">2</var>
<kw name="Sleep" library="BuiltIn">
<arg>1</arg>
<doc>Pauses the test executed for the given time.</doc>
<msg timestamp="20220815 12:32:45.261" level="INFO">Slept 1 second</msg>
<status status="PASS" starttime="20220815 12:32:44.258" endtime="20220815 12:32:45.261"/>
</kw>
<kw name="Execute Javascript" library="SeleniumLibrary">
<arg>window.scroll(0,${counter}*600)</arg>
<doc>Executes the given JavaScript code with possible arguments.</doc>
<msg timestamp="20220815 12:32:45.262" level="INFO">Executing JavaScript:
window.scroll(0,2*600)
Without any arguments.</msg>
<status status="PASS" starttime="20220815 12:32:45.261" endtime="20220815 12:32:45.276"/>
</kw>
<kw name="Sleep" library="BuiltIn">
<arg>1</arg>
<doc>Pauses the test executed for the given time.</doc>
<msg timestamp="20220815 12:32:46.284" level="INFO">Slept 1 second</msg>
<status status="PASS" starttime="20220815 12:32:45.276" endtime="20220815 12:32:46.284"/>
</kw>
<kw name="Run Keyword And Return Status" library="BuiltIn">
<var>${status}</var>
<arg>Page Should Contain Button</arg>
<arg>${next button locator}</arg>
<arg>loglevel=NONE</arg>
<doc>Runs the given keyword with given arguments and returns the status as a Boolean value.</doc>
<kw name="Page Should Contain Button" library="SeleniumLibrary">
<arg>${next button locator}</arg>
<arg>loglevel=NONE</arg>
<doc>Verifies button ``locator`` is found from current page.</doc>
<msg timestamp="20220815 12:32:46.717" level="INFO" html="true">&lt;/td&gt;&lt;/tr&gt;&lt;tr&gt;&lt;td colspan="3"&gt;&lt;a href="selenium-screenshot-20.png"&gt;&lt;img src="selenium-screenshot-20.png" width="800px"&gt;&lt;/a&gt;</msg>
<msg timestamp="20220815 12:32:46.717" level="FAIL">Page should have contained button 'xpath=//button[contains(@class,'shopee-icon-button shopee-icon-button--right')]//*[name()='svg']' but did not.</msg>
<status status="FAIL" starttime="20220815 12:32:46.284" endtime="20220815 12:32:46.718"/>
</kw>
<msg timestamp="20220815 12:32:46.718" level="INFO">${status} = False</msg>
<status status="PASS" starttime="20220815 12:32:46.284" endtime="20220815 12:32:46.718"/>
</kw>
<kw name="Sleep" library="BuiltIn">
<arg>1</arg>
<doc>Pauses the test executed for the given time.</doc>
<msg timestamp="20220815 12:32:47.732" level="INFO">Slept 1 second</msg>
<status status="PASS" starttime="20220815 12:32:46.718" endtime="20220815 12:32:47.732"/>
</kw>
<kw name="Run Keyword If" library="BuiltIn">
<arg>${status}</arg>
<arg>Exit For Loop</arg>
<doc>Runs the given keyword with the given arguments, if ``condition`` is true.</doc>
<status status="PASS" starttime="20220815 12:32:47.732" endtime="20220815 12:32:47.732"/>
</kw>
<kw name="Set Variable" library="BuiltIn">
<var>${counter}</var>
<arg>${counter}+1</arg>
<doc>Returns the given values which can then be assigned to a variables.</doc>
<msg timestamp="20220815 12:32:47.733" level="INFO">${counter} = 2+1</msg>
<status status="PASS" starttime="20220815 12:32:47.733" endtime="20220815 12:32:47.733"/>
</kw>
<status status="PASS" starttime="20220815 12:32:44.258" endtime="20220815 12:32:47.733"/>
</iter>
<iter>
<var name="${counter}">3</var>
<kw name="Sleep" library="BuiltIn">
<arg>1</arg>
<doc>Pauses the test executed for the given time.</doc>
<msg timestamp="20220815 12:32:48.735" level="INFO">Slept 1 second</msg>
<status status="PASS" starttime="20220815 12:32:47.733" endtime="20220815 12:32:48.735"/>
</kw>
<kw name="Execute Javascript" library="SeleniumLibrary">
<arg>window.scroll(0,${counter}*600)</arg>
<doc>Executes the given JavaScript code with possible arguments.</doc>
<msg timestamp="20220815 12:32:48.736" level="INFO">Executing JavaScript:
window.scroll(0,3*600)
Without any arguments.</msg>
<status status="PASS" starttime="20220815 12:32:48.735" endtime="20220815 12:32:48.740"/>
</kw>
<kw name="Sleep" library="BuiltIn">
<arg>1</arg>
<doc>Pauses the test executed for the given time.</doc>
<msg timestamp="20220815 12:32:49.744" level="INFO">Slept 1 second</msg>
<status status="PASS" starttime="20220815 12:32:48.741" endtime="20220815 12:32:49.744"/>
</kw>
<kw name="Run Keyword And Return Status" library="BuiltIn">
<var>${status}</var>
<arg>Page Should Contain Button</arg>
<arg>${next button locator}</arg>
<arg>loglevel=NONE</arg>
<doc>Runs the given keyword with given arguments and returns the status as a Boolean value.</doc>
<kw name="Page Should Contain Button" library="SeleniumLibrary">
<arg>${next button locator}</arg>
<arg>loglevel=NONE</arg>
<doc>Verifies button ``locator`` is found from current page.</doc>
<msg timestamp="20220815 12:32:50.236" level="INFO" html="true">&lt;/td&gt;&lt;/tr&gt;&lt;tr&gt;&lt;td colspan="3"&gt;&lt;a href="selenium-screenshot-21.png"&gt;&lt;img src="selenium-screenshot-21.png" width="800px"&gt;&lt;/a&gt;</msg>
<msg timestamp="20220815 12:32:50.237" level="FAIL">Page should have contained button 'xpath=//button[contains(@class,'shopee-icon-button shopee-icon-button--right')]//*[name()='svg']' but did not.</msg>
<status status="FAIL" starttime="20220815 12:32:49.744" endtime="20220815 12:32:50.237"/>
</kw>
<msg timestamp="20220815 12:32:50.237" level="INFO">${status} = False</msg>
<status status="PASS" starttime="20220815 12:32:49.744" endtime="20220815 12:32:50.237"/>
</kw>
<kw name="Sleep" library="BuiltIn">
<arg>1</arg>
<doc>Pauses the test executed for the given time.</doc>
<msg timestamp="20220815 12:32:51.245" level="INFO">Slept 1 second</msg>
<status status="PASS" starttime="20220815 12:32:50.237" endtime="20220815 12:32:51.245"/>
</kw>
<kw name="Run Keyword If" library="BuiltIn">
<arg>${status}</arg>
<arg>Exit For Loop</arg>
<doc>Runs the given keyword with the given arguments, if ``condition`` is true.</doc>
<status status="PASS" starttime="20220815 12:32:51.245" endtime="20220815 12:32:51.245"/>
</kw>
<kw name="Set Variable" library="BuiltIn">
<var>${counter}</var>
<arg>${counter}+1</arg>
<doc>Returns the given values which can then be assigned to a variables.</doc>
<msg timestamp="20220815 12:32:51.246" level="INFO">${counter} = 3+1</msg>
<status status="PASS" starttime="20220815 12:32:51.246" endtime="20220815 12:32:51.246"/>
</kw>
<status status="PASS" starttime="20220815 12:32:47.733" endtime="20220815 12:32:51.246"/>
</iter>
<iter>
<var name="${counter}">4</var>
<kw name="Sleep" library="BuiltIn">
<arg>1</arg>
<doc>Pauses the test executed for the given time.</doc>
<msg timestamp="20220815 12:32:52.259" level="INFO">Slept 1 second</msg>
<status status="PASS" starttime="20220815 12:32:51.246" endtime="20220815 12:32:52.259"/>
</kw>
<kw name="Execute Javascript" library="SeleniumLibrary">
<arg>window.scroll(0,${counter}*600)</arg>
<doc>Executes the given JavaScript code with possible arguments.</doc>
<msg timestamp="20220815 12:32:52.260" level="INFO">Executing JavaScript:
window.scroll(0,4*600)
Without any arguments.</msg>
<status status="PASS" starttime="20220815 12:32:52.259" endtime="20220815 12:32:52.274"/>
</kw>
<kw name="Sleep" library="BuiltIn">
<arg>1</arg>
<doc>Pauses the test executed for the given time.</doc>
<msg timestamp="20220815 12:32:53.286" level="INFO">Slept 1 second</msg>
<status status="PASS" starttime="20220815 12:32:52.275" endtime="20220815 12:32:53.286"/>
</kw>
<kw name="Run Keyword And Return Status" library="BuiltIn">
<var>${status}</var>
<arg>Page Should Contain Button</arg>
<arg>${next button locator}</arg>
<arg>loglevel=NONE</arg>
<doc>Runs the given keyword with given arguments and returns the status as a Boolean value.</doc>
<kw name="Page Should Contain Button" library="SeleniumLibrary">
<arg>${next button locator}</arg>
<arg>loglevel=NONE</arg>
<doc>Verifies button ``locator`` is found from current page.</doc>
<msg timestamp="20220815 12:32:53.714" level="INFO" html="true">&lt;/td&gt;&lt;/tr&gt;&lt;tr&gt;&lt;td colspan="3"&gt;&lt;a href="selenium-screenshot-22.png"&gt;&lt;img src="selenium-screenshot-22.png" width="800px"&gt;&lt;/a&gt;</msg>
<msg timestamp="20220815 12:32:53.714" level="FAIL">Page should have contained button 'xpath=//button[contains(@class,'shopee-icon-button shopee-icon-button--right')]//*[name()='svg']' but did not.</msg>
<status status="FAIL" starttime="20220815 12:32:53.287" endtime="20220815 12:32:53.714"/>
</kw>
<msg timestamp="20220815 12:32:53.714" level="INFO">${status} = False</msg>
<status status="PASS" starttime="20220815 12:32:53.286" endtime="20220815 12:32:53.714"/>
</kw>
<kw name="Sleep" library="BuiltIn">
<arg>1</arg>
<doc>Pauses the test executed for the given time.</doc>
<msg timestamp="20220815 12:32:54.721" level="INFO">Slept 1 second</msg>
<status status="PASS" starttime="20220815 12:32:53.715" endtime="20220815 12:32:54.721"/>
</kw>
<kw name="Run Keyword If" library="BuiltIn">
<arg>${status}</arg>
<arg>Exit For Loop</arg>
<doc>Runs the given keyword with the given arguments, if ``condition`` is true.</doc>
<status status="PASS" starttime="20220815 12:32:54.721" endtime="20220815 12:32:54.721"/>
</kw>
<kw name="Set Variable" library="BuiltIn">
<var>${counter}</var>
<arg>${counter}+1</arg>
<doc>Returns the given values which can then be assigned to a variables.</doc>
<msg timestamp="20220815 12:32:54.722" level="INFO">${counter} = 4+1</msg>
<status status="PASS" starttime="20220815 12:32:54.722" endtime="20220815 12:32:54.722"/>
</kw>
<status status="PASS" starttime="20220815 12:32:51.246" endtime="20220815 12:32:54.722"/>
</iter>
<iter>
<var name="${counter}">5</var>
<kw name="Sleep" library="BuiltIn">
<arg>1</arg>
<doc>Pauses the test executed for the given time.</doc>
<msg timestamp="20220815 12:32:55.735" level="INFO">Slept 1 second</msg>
<status status="PASS" starttime="20220815 12:32:54.722" endtime="20220815 12:32:55.735"/>
</kw>
<kw name="Execute Javascript" library="SeleniumLibrary">
<arg>window.scroll(0,${counter}*600)</arg>
<doc>Executes the given JavaScript code with possible arguments.</doc>
<msg timestamp="20220815 12:32:55.736" level="INFO">Executing JavaScript:
window.scroll(0,5*600)
Without any arguments.</msg>
<status status="PASS" starttime="20220815 12:32:55.735" endtime="20220815 12:32:55.741"/>
</kw>
<kw name="Sleep" library="BuiltIn">
<arg>1</arg>
<doc>Pauses the test executed for the given time.</doc>
<msg timestamp="20220815 12:32:56.749" level="INFO">Slept 1 second</msg>
<status status="PASS" starttime="20220815 12:32:55.741" endtime="20220815 12:32:56.749"/>
</kw>
<kw name="Run Keyword And Return Status" library="BuiltIn">
<var>${status}</var>
<arg>Page Should Contain Button</arg>
<arg>${next button locator}</arg>
<arg>loglevel=NONE</arg>
<doc>Runs the given keyword with given arguments and returns the status as a Boolean value.</doc>
<kw name="Page Should Contain Button" library="SeleniumLibrary">
<arg>${next button locator}</arg>
<arg>loglevel=NONE</arg>
<doc>Verifies button ``locator`` is found from current page.</doc>
<msg timestamp="20220815 12:32:57.236" level="INFO" html="true">&lt;/td&gt;&lt;/tr&gt;&lt;tr&gt;&lt;td colspan="3"&gt;&lt;a href="selenium-screenshot-23.png"&gt;&lt;img src="selenium-screenshot-23.png" width="800px"&gt;&lt;/a&gt;</msg>
<msg timestamp="20220815 12:32:57.237" level="FAIL">Page should have contained button 'xpath=//button[contains(@class,'shopee-icon-button shopee-icon-button--right')]//*[name()='svg']' but did not.</msg>
<status status="FAIL" starttime="20220815 12:32:56.749" endtime="20220815 12:32:57.237"/>
</kw>
<msg timestamp="20220815 12:32:57.238" level="INFO">${status} = False</msg>
<status status="PASS" starttime="20220815 12:32:56.749" endtime="20220815 12:32:57.238"/>
</kw>
<kw name="Sleep" library="BuiltIn">
<arg>1</arg>
<doc>Pauses the test executed for the given time.</doc>
<msg timestamp="20220815 12:32:58.250" level="INFO">Slept 1 second</msg>
<status status="PASS" starttime="20220815 12:32:57.238" endtime="20220815 12:32:58.250"/>
</kw>
<kw name="Run Keyword If" library="BuiltIn">
<arg>${status}</arg>
<arg>Exit For Loop</arg>
[...]
<status status="FAIL" starttime="20220815 12:46:25.263" endtime="20220815 12:46:25.693"/>
</kw>
<msg timestamp="20220815 12:46:25.693" level="INFO">${status} = False</msg>
<status status="PASS" starttime="20220815 12:46:25.263" endtime="20220815 12:46:25.693"/>
</kw>
<kw name="Sleep" library="BuiltIn">
<arg>1</arg>
<doc>Pauses the test executed for the given time.</doc>
<msg timestamp="20220815 12:46:26.694" level="INFO">Slept 1 second</msg>
<status status="PASS" starttime="20220815 12:46:25.694" endtime="20220815 12:46:26.694"/>
</kw>
<kw name="Run Keyword If" library="BuiltIn">
<arg>${status}</arg>
<arg>Exit For Loop</arg>
<doc>Runs the given keyword with the given arguments, if ``condition`` is true.</doc>
<status status="PASS" starttime="20220815 12:46:26.694" endtime="20220815 12:46:26.694"/>
</kw>
<kw name="Set Variable" library="BuiltIn">
<var>${counter}</var>
<arg>${counter}+1</arg>
<doc>Returns the given values which can then be assigned to a variables.</doc>
<msg timestamp="20220815 12:46:26.695" level="INFO">${counter} = 2+1</msg>
<status status="PASS" starttime="20220815 12:46:26.694" endtime="20220815 12:46:26.695"/>
</kw>
<status status="PASS" starttime="20220815 12:46:23.236" endtime="20220815 12:46:26.695"/>
</iter>
<iter>
<var name="${counter}">3</var>
<kw name="Sleep" library="BuiltIn">
<arg>1</arg>
<doc>Pauses the test executed for the given time.</doc>
<msg timestamp="20220815 12:46:27.700" level="INFO">Slept 1 second</msg>
<status status="PASS" starttime="20220815 12:46:26.695" endtime="20220815 12:46:27.700"/>
</kw>
<kw name="Execute Javascript" library="SeleniumLibrary">
<arg>window.scroll(0,${counter}*600)</arg>
<doc>Executes the given JavaScript code with possible arguments.</doc>
<msg timestamp="20220815 12:46:27.700" level="INFO">Executing JavaScript:
window.scroll(0,3*600)
Without any arguments.</msg>
<status status="PASS" starttime="20220815 12:46:27.700" endtime="20220815 12:46:27.715"/>
</kw>
<kw name="Sleep" library="BuiltIn">
<arg>1</arg>
<doc>Pauses the test executed for the given time.</doc>
<msg timestamp="20220815 12:46:28.715" level="INFO">Slept 1 second</msg>
<status status="PASS" starttime="20220815 12:46:27.715" endtime="20220815 12:46:28.715"/>
</kw>
<kw name="Run Keyword And Return Status" library="BuiltIn">
<var>${status}</var>
<arg>Page Should Contain Button</arg>
<arg>${next button locator}</arg>
<arg>loglevel=NONE</arg>
<doc>Runs the given keyword with given arguments and returns the status as a Boolean value.</doc>
<kw name="Page Should Contain Button" library="SeleniumLibrary">
<arg>${next button locator}</arg>
<arg>loglevel=NONE</arg>
<doc>Verifies button ``locator`` is found from current page.</doc>
<msg timestamp="20220815 12:46:29.160" level="INFO" html="true">&lt;/td&gt;&lt;/tr&gt;&lt;tr&gt;&lt;td colspan="3"&gt;&lt;a href="selenium-screenshot-201.png"&gt;&lt;img src="selenium-screenshot-201.png" width="800px"&gt;&lt;/a&gt;</msg>
<msg timestamp="20220815 12:46:29.160" level="FAIL">Page should have contained button 'xpath=//button[contains(@class,'shopee-icon-button shopee-icon-button--right')]//*[name()='svg']' but did not.</msg>
<status status="FAIL" starttime="20220815 12:46:28.715" endtime="20220815 12:46:29.160"/>
</kw>
<msg timestamp="20220815 12:46:29.161" level="INFO">${status} = False</msg>
<status status="PASS" starttime="20220815 12:46:28.715" endtime="20220815 12:46:29.161"/>
</kw>
<kw name="Sleep" library="BuiltIn">
<arg>1</arg>
<doc>Pauses the test executed for the given time.</doc>
<msg timestamp="20220815 12:46:30.163" level="INFO">Slept 1 second</msg>
<status status="PASS" starttime="20220815 12:46:29.161" endtime="20220815 12:46:30.163"/>
</kw>
<kw name="Run Keyword If" library="BuiltIn">
<arg>${status}</arg>
<arg>Exit For Loop</arg>
<doc>Runs the given keyword with the given arguments, if ``condition`` is true.</doc>
<status status="PASS" starttime="20220815 12:46:30.163" endtime="20220815 12:46:30.163"/>
</kw>
<kw name="Set Variable" library="BuiltIn">
<var>${counter}</var>
<arg>${counter}+1</arg>
<doc>Returns the given values which can then be assigned to a variables.</doc>
<msg timestamp="20220815 12:46:30.164" level="INFO">${counter} = 3+1</msg>
<status status="PASS" starttime="20220815 12:46:30.163" endtime="20220815 12:46:30.164"/>
</kw>
<status status="PASS" starttime="20220815 12:46:26.695" endtime="20220815 12:46:30.164"/>
</iter>
<iter>
<var name="${counter}">4</var>
<kw name="Sleep" library="BuiltIn">
<arg>1</arg>
<doc>Pauses the test executed for the given time.</doc>
<msg timestamp="20220815 12:46:31.166" level="INFO">Slept 1 second</msg>
<status status="PASS" starttime="20220815 12:46:30.164" endtime="20220815 12:46:31.166"/>
</kw>
<kw name="Execute Javascript" library="SeleniumLibrary">
<arg>window.scroll(0,${counter}*600)</arg>
<doc>Executes the given JavaScript code with possible arguments.</doc>
<msg timestamp="20220815 12:46:31.167" level="INFO">Executing JavaScript:
window.scroll(0,4*600)
Without any arguments.</msg>
<status status="PASS" starttime="20220815 12:46:31.166" endtime="20220815 12:46:31.185"/>
</kw>
<kw name="Sleep" library="BuiltIn">
<arg>1</arg>
<doc>Pauses the test executed for the given time.</doc>
<msg timestamp="20220815 12:46:32.194" level="INFO">Slept 1 second</msg>
<status status="PASS" starttime="20220815 12:46:31.185" endtime="20220815 12:46:32.194"/>
</kw>
<kw name="Run Keyword And Return Status" library="BuiltIn">
<var>${status}</var>
<arg>Page Should Contain Button</arg>
<arg>${next button locator}</arg>
<arg>loglevel=NONE</arg>
<doc>Runs the given keyword with given arguments and returns the status as a Boolean value.</doc>
<kw name="Page Should Contain Button" library="SeleniumLibrary">
<arg>${next button locator}</arg>
<arg>loglevel=NONE</arg>
<doc>Verifies button ``locator`` is found from current page.</doc>
<msg timestamp="20220815 12:46:32.629" level="INFO" html="true">&lt;/td&gt;&lt;/tr&gt;&lt;tr&gt;&lt;td colspan="3"&gt;&lt;a href="selenium-screenshot-202.png"&gt;&lt;img src="selenium-screenshot-202.png" width="800px"&gt;&lt;/a&gt;</msg>
<msg timestamp="20220815 12:46:32.630" level="FAIL">Page should have contained button 'xpath=//button[contains(@class,'shopee-icon-button shopee-icon-button--right')]//*[name()='svg']' but did not.</msg>
<status status="FAIL" starttime="20220815 12:46:32.194" endtime="20220815 12:46:32.630"/>
</kw>
<msg timestamp="20220815 12:46:32.630" level="INFO">${status} = False</msg>
<status status="PASS" starttime="20220815 12:46:32.194" endtime="20220815 12:46:32.630"/>
</kw>
<kw name="Sleep" library="BuiltIn">
<arg>1</arg>
<doc>Pauses the test executed for the given time.</doc>
<msg timestamp="20220815 12:46:33.633" level="INFO">Slept 1 second</msg>
<status status="PASS" starttime="20220815 12:46:32.630" endtime="20220815 12:46:33.633"/>
</kw>
<kw name="Run Keyword If" library="BuiltIn">
<arg>${status}</arg>
<arg>Exit For Loop</arg>
<doc>Runs the given keyword with the given arguments, if ``condition`` is true.</doc>
<status status="PASS" starttime="20220815 12:46:33.633" endtime="20220815 12:46:33.633"/>
</kw>
<kw name="Set Variable" library="BuiltIn">
<var>${counter}</var>
<arg>${counter}+1</arg>
<doc>Returns the given values which can then be assigned to a variables.</doc>
<msg timestamp="20220815 12:46:33.633" level="INFO">${counter} = 4+1</msg>
<status status="PASS" starttime="20220815 12:46:33.633" endtime="20220815 12:46:33.633"/>
</kw>
<status status="PASS" starttime="20220815 12:46:30.164" endtime="20220815 12:46:33.634"/>
</iter>
<iter>
<var name="${counter}">5</var>
<kw name="Sleep" library="BuiltIn">
<arg>1</arg>
<doc>Pauses the test executed for the given time.</doc>
<msg timestamp="20220815 12:46:34.638" level="INFO">Slept 1 second</msg>
<status status="PASS" starttime="20220815 12:46:33.634" endtime="20220815 12:46:34.638"/>
</kw>
<kw name="Execute Javascript" library="SeleniumLibrary">
<arg>window.scroll(0,${counter}*600)</arg>
<doc>Executes the given JavaScript code with possible arguments.</doc>
<msg timestamp="20220815 12:46:34.639" level="INFO">Executing JavaScript:
window.scroll(0,5*600)
Without any arguments.</msg>
<status status="PASS" starttime="20220815 12:46:34.638" endtime="20220815 12:46:34.658"/>
</kw>
<kw name="Sleep" library="BuiltIn">
<arg>1</arg>
<doc>Pauses the test executed for the given time.</doc>
<msg timestamp="20220815 12:46:35.668" level="INFO">Slept 1 second</msg>
<status status="PASS" starttime="20220815 12:46:34.658" endtime="20220815 12:46:35.668"/>
</kw>
<kw name="Run Keyword And Return Status" library="BuiltIn">
<var>${status}</var>
<arg>Page Should Contain Button</arg>
<arg>${next button locator}</arg>
<arg>loglevel=NONE</arg>
<doc>Runs the given keyword with given arguments and returns the status as a Boolean value.</doc>
<kw name="Page Should Contain Button" library="SeleniumLibrary">
<arg>${next button locator}</arg>
<arg>loglevel=NONE</arg>
<doc>Verifies button ``locator`` is found from current page.</doc>
<msg timestamp="20220815 12:46:36.159" level="INFO" html="true">&lt;/td&gt;&lt;/tr&gt;&lt;tr&gt;&lt;td colspan="3"&gt;&lt;a href="selenium-screenshot-203.png"&gt;&lt;img src="selenium-screenshot-203.png" width="800px"&gt;&lt;/a&gt;</msg>
<msg timestamp="20220815 12:46:36.160" level="FAIL">Page should have contained button 'xpath=//button[contains(@class,'shopee-icon-button shopee-icon-button--right')]//*[name()='svg']' but did not.</msg>
<status status="FAIL" starttime="20220815 12:46:35.668" endtime="20220815 12:46:36.160"/>
</kw>
<msg timestamp="20220815 12:46:36.160" level="INFO">${status} = False</msg>
<status status="PASS" starttime="20220815 12:46:35.668" endtime="20220815 12:46:36.160"/>
</kw>
<kw name="Sleep" library="BuiltIn">
<arg>1</arg>
<doc>Pauses the test executed for the given time.</doc>
<msg timestamp="20220815 12:46:37.160" level="INFO">Slept 1 second</msg>
<status status="PASS" starttime="20220815 12:46:36.160" endtime="20220815 12:46:37.160"/>
</kw>
<kw name="Run Keyword If" library="BuiltIn">
<arg>${status}</arg>
<arg>Exit For Loop</arg>
<doc>Runs the given keyword with the given arguments, if ``condition`` is true.</doc>
<status status="PASS" starttime="20220815 12:46:37.160" endtime="20220815 12:46:37.160"/>
</kw>
<kw name="Set Variable" library="BuiltIn">
<var>${counter}</var>
<arg>${counter}+1</arg>
<doc>Returns the given values which can then be assigned to a variables.</doc>
<msg timestamp="20220815 12:46:37.161" level="INFO">${counter} = 5+1</msg>
<status status="PASS" starttime="20220815 12:46:37.160" endtime="20220815 12:46:37.161"/>
</kw>
<status status="PASS" starttime="20220815 12:46:33.634" endtime="20220815 12:46:37.161"/>
</iter>
<iter>
<var name="${counter}">6</var>
<kw name="Sleep" library="BuiltIn">
<arg>1</arg>
<doc>Pauses the test executed for the given time.</doc>
<msg timestamp="20220815 12:46:38.173" level="INFO">Slept 1 second</msg>
<status status="PASS" starttime="20220815 12:46:37.161" endtime="20220815 12:46:38.173"/>
</kw>
<kw name="Execute Javascript" library="SeleniumLibrary">
<arg>window.scroll(0,${counter}*600)</arg>
<doc>Executes the given JavaScript code with possible arguments.</doc>
<msg timestamp="20220815 12:46:38.174" level="INFO">Executing JavaScript:
window.scroll(0,6*600)
Without any arguments.</msg>
<status status="PASS" starttime="20220815 12:46:38.173" endtime="20220815 12:46:38.178"/>
</kw>
<kw name="Sleep" library="BuiltIn">
<arg>1</arg>
<doc>Pauses the test executed for the given time.</doc>
<msg timestamp="20220815 12:46:39.193" level="INFO">Slept 1 second</msg>
<status status="PASS" starttime="20220815 12:46:38.178" endtime="20220815 12:46:39.193"/>
</kw>
<kw name="Run Keyword And Return Status" library="BuiltIn">
<var>${status}</var>
<arg>Page Should Contain Button</arg>
<arg>${next button locator}</arg>
<arg>loglevel=NONE</arg>
<doc>Runs the given keyword with given arguments and returns the status as a Boolean value.</doc>
<kw name="Page Should Contain Button" library="SeleniumLibrary">
<arg>${next button locator}</arg>
<arg>loglevel=NONE</arg>
<doc>Verifies button ``locator`` is found from current page.</doc>
<msg timestamp="20220815 12:46:39.597" level="INFO" html="true">&lt;/td&gt;&lt;/tr&gt;&lt;tr&gt;&lt;td colspan="3"&gt;&lt;a href="selenium-screenshot-204.png"&gt;&lt;img src="selenium-screenshot-204.png" width="800px"&gt;&lt;/a&gt;</msg>
<msg timestamp="20220815 12:46:39.597" level="FAIL">Page should have contained button 'xpath=//button[contains(@class,'shopee-icon-button shopee-icon-button--right')]//*[name()='svg']' but did not.</msg>
<status status="FAIL" starttime="20220815 12:46:39.193" endtime="20220815 12:46:39.598"/>
</kw>
<msg timestamp="20220815 12:46:39.598" level="INFO">${status} = False</msg>
<status status="PASS" starttime="20220815 12:46:39.193" endtime="20220815 12:46:39.598"/>
</kw>
<kw name="Sleep" library="BuiltIn">
<arg>1</arg>
<doc>Pauses the test executed for the given time.</doc>
<msg timestamp="20220815 12:46:40.598" level="INFO">Slept 1 second</msg>
<status status="PASS" starttime="20220815 12:46:39.598" endtime="20220815 12:46:40.598"/>
</kw>
<kw name="Run Keyword If" library="BuiltIn">
<arg>${status}</arg>
<arg>Exit For Loop</arg>
<doc>Runs the given keyword with the given arguments, if ``condition`` is true.</doc>
<status status="PASS" starttime="20220815 12:46:40.598" endtime="20220815 12:46:40.598"/>
</kw>
<kw name="Set Variable" library="BuiltIn">
<var>${counter}</var>
<arg>${counter}+1</arg>
<doc>Returns the given values which can then be assigned to a variables.</doc>
<msg timestamp="20220815 12:46:40.599" level="INFO">${counter} = 6+1</msg>
<status status="PASS" starttime="20220815 12:46:40.598" endtime="20220815 12:46:40.599"/>
</kw>
<status status="PASS" starttime="20220815 12:46:37.161" endtime="20220815 12:46:40.599"/>
</iter>
<iter>
<var name="${counter}">7</var>
<kw name="Sleep" library="BuiltIn">
<arg>1</arg>
<doc>Pauses the test executed for the given time.</doc>
<msg timestamp="20220815 12:46:41.606" level="INFO">Slept 1 second</msg>
<status status="PASS" starttime="20220815 12:46:40.599" endtime="20220815 12:46:41.606"/>
</kw>
<kw name="Execute Javascript" library="SeleniumLibrary">
<arg>window.scroll(0,${counter}*600)</arg>
<doc>Executes the given JavaScript code with possible arguments.</doc>
<msg timestamp="20220815 12:46:41.606" level="INFO">Executing JavaScript:
window.scroll(0,7*600)
Without any arguments.</msg>
<status status="PASS" starttime="20220815 12:46:41.606" endtime="20220815 12:46:41.635"/>
</kw>
<kw name="Sleep" library="BuiltIn">
<arg>1</arg>
<doc>Pauses the test executed for the given time.</doc>
<msg timestamp="20220815 12:46:42.650" level="INFO">Slept 1 second</msg>
<status status="PASS" starttime="20220815 12:46:41.635" endtime="20220815 12:46:42.650"/>
</kw>
<kw name="Run Keyword And Return Status" library="BuiltIn">
<var>${status}</var>
<arg>Page Should Contain Button</arg>
<arg>${next button locator}</arg>
<arg>loglevel=NONE</arg>
<doc>Runs the given keyword with given arguments and returns the status as a Boolean value.</doc>
<kw name="Page Should Contain Button" library="SeleniumLibrary">
<arg>${next button locator}</arg>
<arg>loglevel=NONE</arg>
<doc>Verifies button ``locator`` is found from current page.</doc>
<msg timestamp="20220815 12:46:42.934" level="INFO" html="true">&lt;/td&gt;&lt;/tr&gt;&lt;tr&gt;&lt;td colspan="3"&gt;&lt;a href="selenium-screenshot-205.png"&gt;&lt;img src="selenium-screenshot-205.png" width="800px"&gt;&lt;/a&gt;</msg>
<msg timestamp="20220815 12:46:42.935" level="FAIL">Page should have contained button 'xpath=//button[contains(@class,'shopee-icon-button shopee-icon-button--right')]//*[name()='svg']' but did not.</msg>
<status status="FAIL" starttime="20220815 12:46:42.650" endtime="20220815 12:46:42.935"/>
</kw>
<msg timestamp="20220815 12:46:42.936" level="INFO">${status} = False</msg>
<status status="PASS" starttime="20220815 12:46:42.650" endtime="20220815 12:46:42.936"/>
</kw>
<kw name="Sleep" library="BuiltIn">
<arg>1</arg>
<doc>Pauses the test executed for the given time.</doc>
<msg timestamp="20220815 12:46:43.940" level="INFO">Slept 1 second</msg>
<status status="PASS" starttime="20220815 12:46:42.936" endtime="20220815 12:46:43.940"/>
</kw>
<kw name="Run Keyword If" library="BuiltIn">
<arg>${status}</arg>
<arg>Exit For Loop</arg>
<doc>Runs the given keyword with the given arguments, if ``condition`` is true.</doc>
<status status="PASS" starttime="20220815 12:46:43.940" endtime="20220815 12:46:43.940"/>
</kw>
<kw name="Set Variable" library="BuiltIn">
<var>${counter}</var>
<arg>${counter}+1</arg>
<doc>Returns the given values which can then be assigned to a variables.</doc>
<msg timestamp="20220815 12:46:43.941" level="INFO">${counter} = 7+1</msg>
<status status="PASS" starttime="20220815 12:46:43.941" endtime="20220815 12:46:43.941"/>
</kw>
<status status="PASS" starttime="20220815 12:46:40.599" endtime="20220815 12:46:43.941"/>
</iter>
<status status="PASS" starttime="20220815 12:46:16.404" endtime="20220815 12:46:43.941"/>
</for>
<kw name="Sleep" library="BuiltIn">
<arg>2</arg>
<doc>Pauses the test executed for the given time.</doc>
<msg timestamp="20220815 12:46:45.942" level="INFO">Slept 2 seconds</msg>
<status status="PASS" starttime="20220815 12:46:43.941" endtime="20220815 12:46:45.942"/>
</kw>
<kw name="Get Text" library="SeleniumLibrary">
<var>${product group}</var>
<arg>${product group}</arg>
<doc>Returns the text value of the element identified by ``locator``.</doc>
<msg timestamp="20220815 12:46:46.850" level="INFO">${product group} = Star
53%
OFF
Iklan
Soft Case Glitter Kupu-Kupu Untuk Xiaomi Redmi 10C 10A 10 Note 11 11S 11Pro 11 Lite 12 K40 K50 11T Pro Butterfly
Diskon Rp1RB
Rp78.253
Rp36.825
348 Terjual
Luar Negeri
Star
56%
OFF
...</msg>
<status status="PASS" starttime="20220815 12:46:45.942" endtime="20220815 12:46:46.850"/>
</kw>
<kw name="Log To Console" library="BuiltIn">
<arg>VALID_DATA_BELOW</arg>
<doc>Logs the given message to the console.</doc>
<status status="PASS" starttime="20220815 12:46:46.850" endtime="20220815 12:46:46.850"/>
</kw>
<kw name="Log To Console" library="BuiltIn">
<arg>${product group}</arg>
<doc>Logs the given message to the console.</doc>
<status status="PASS" starttime="20220815 12:46:46.850" endtime="20220815 12:46:46.850"/>
</kw>
<kw name="Sleep" library="BuiltIn">
<arg>1</arg>
<doc>Pauses the test executed for the given time.</doc>
<msg timestamp="20220815 12:46:47.860" level="INFO">Slept 1 second</msg>
<status status="PASS" starttime="20220815 12:46:46.851" endtime="20220815 12:46:47.860"/>
</kw>
<kw name="Click Element" library="SeleniumLibrary">
<arg>${next button locator}</arg>
<doc>Click the element identified by ``locator``.</doc>
<msg timestamp="20220815 12:46:47.860" level="INFO">Clicking element 'xpath=//button[contains(@class,'shopee-icon-button shopee-icon-button--right')]//*[name()='svg']'.</msg>
<status status="PASS" starttime="20220815 12:46:47.860" endtime="20220815 12:46:48.050"/>
</kw>
<status status="PASS" starttime="20220815 12:46:15.389" endtime="20220815 12:46:48.050"/>
</kw>
<status status="PASS" starttime="20220815 12:46:15.388" endtime="20220815 12:46:48.050"/>
</kw>
<kw name="Close Browser" library="SeleniumLibrary">
<doc>Closes the current browser.</doc>
<status status="PASS" starttime="20220815 12:46:48.050" endtime="20220815 12:46:50.323"/>
</kw>
<status status="PASS" starttime="20220815 12:43:39.755" endtime="20220815 12:46:50.323"/>
</test>
<doc>This test suite to test functionality survey, each type survey have 1 survey</doc>
<status status="PASS" starttime="20220815 12:31:10.122" endtime="20220815 12:46:50.324"/>
</suite>
<statistics>
<total>
<stat pass="5" fail="0" skip="0">All Tests</stat>
</total>
<tag>
</tag>
<suite>
<stat pass="5" fail="0" skip="0" id="s1" name="ShopeeElectronic">ShopeeElectronic</stat>
</suite>
</statistics>
<errors>
</errors>
</robot>
