<?xml version="1.0" encoding="UTF-8"?>
<robot generator="Robot 5.0.1 (Python 3.7.0 on win32)" generated="20220807 18:54:17.536" rpa="false" schemaversion="3">
<suite id="s1" name="BlibliElectronic" source="E:\Programs\Informatics\Github\robotframework-ecommerce\Tests\TestCases\Blibli\BlibliElectronic.robot">
<test id="s1-t1" name="BLIBLI Sort by Relevance" line="11">
<kw name="Open Website Blibli" library="stepBlibli">
<kw name="Open Browser" library="SeleniumLibrary">
<arg>@{URL BLIBLI}</arg>
<arg>options=add_argument("--disable-blink-features=AutomationControlled")</arg>
<doc>Opens a new browser instance to the optional ``url``.</doc>
<msg timestamp="20220807 18:54:17.742" level="INFO">Opening browser 'chrome' to base url 'https://www.blibli.com/'.</msg>
<status status="PASS" starttime="20220807 18:54:17.741" endtime="20220807 18:54:20.883"/>
</kw>
<kw name="Sleep" library="BuiltIn">
<arg>2</arg>
<doc>Pauses the test executed for the given time.</doc>
<msg timestamp="20220807 18:54:22.886" level="INFO">Slept 2 seconds</msg>
<status status="PASS" starttime="20220807 18:54:20.883" endtime="20220807 18:54:22.886"/>
</kw>
<kw name="Maximize Browser Window" library="SeleniumLibrary">
<doc>Maximizes current browser window.</doc>
<status status="PASS" starttime="20220807 18:54:22.886" endtime="20220807 18:54:23.116"/>
</kw>
<kw name="Sleep" library="BuiltIn">
<arg>2</arg>
<doc>Pauses the test executed for the given time.</doc>
<msg timestamp="20220807 18:54:25.125" level="INFO">Slept 2 seconds</msg>
<status status="PASS" starttime="20220807 18:54:23.116" endtime="20220807 18:54:25.125"/>
</kw>
<status status="PASS" starttime="20220807 18:54:17.741" endtime="20220807 18:54:25.125"/>
</kw>
<kw name="Close Pop Up Blibli" library="stepBlibli">
<kw name="Sleep" library="BuiltIn">
<arg>3</arg>
<doc>Pauses the test executed for the given time.</doc>
<msg timestamp="20220807 18:54:28.137" level="INFO">Slept 3 seconds</msg>
<status status="PASS" starttime="20220807 18:54:25.126" endtime="20220807 18:54:28.137"/>
</kw>
<kw name="Click Element At Coordinates" library="SeleniumLibrary">
<arg>${CLOSE POP UP BUTTON BLIBLI}</arg>
<arg>${X COORDINATES CLOSE BLIBLI}</arg>
<arg>${Y COORDINATES CLOSE BLIBLI}</arg>
<doc>Click the element ``locator`` at ``xoffset/yoffset``.</doc>
<msg timestamp="20220807 18:54:28.138" level="INFO">Clicking element 'xpath=//*[@id="blibliApp"]' at coordinates x=500, y=100.</msg>
<status status="PASS" starttime="20220807 18:54:28.137" endtime="20220807 18:54:28.764"/>
</kw>
<kw name="Sleep" library="BuiltIn">
<arg>1</arg>
<doc>Pauses the test executed for the given time.</doc>
<msg timestamp="20220807 18:54:29.767" level="INFO">Slept 1 second</msg>
<status status="PASS" starttime="20220807 18:54:28.765" endtime="20220807 18:54:29.767"/>
</kw>
<kw name="Click Element" library="SeleniumLibrary">
<arg>${CLOSE POP UP BUTTON PRICE BLIBLI}</arg>
<doc>Click the element identified by ``locator``.</doc>
<msg timestamp="20220807 18:54:29.768" level="INFO">Clicking element 'xpath=//button[@class='ticker__close b-order-right']'.</msg>
<status status="PASS" starttime="20220807 18:54:29.767" endtime="20220807 18:54:29.815"/>
</kw>
<kw name="Sleep" library="BuiltIn">
<arg>1</arg>
<doc>Pauses the test executed for the given time.</doc>
<msg timestamp="20220807 18:54:30.823" level="INFO">Slept 1 second</msg>
<status status="PASS" starttime="20220807 18:54:29.815" endtime="20220807 18:54:30.823"/>
</kw>
<status status="PASS" starttime="20220807 18:54:25.125" endtime="20220807 18:54:30.823"/>
</kw>
<kw name="Click Search Box Blibli" library="stepBlibli">
<kw name="Sleep" library="BuiltIn">
<arg>1</arg>
<doc>Pauses the test executed for the given time.</doc>
<msg timestamp="20220807 18:54:31.826" level="INFO">Slept 1 second</msg>
<status status="PASS" starttime="20220807 18:54:30.823" endtime="20220807 18:54:31.826"/>
</kw>
<kw name="Click Element" library="SeleniumLibrary">
<arg>${SEARCH BOX BLIBLI}</arg>
<doc>Click the element identified by ``locator``.</doc>
<msg timestamp="20220807 18:54:31.826" level="INFO">Clicking element 'xpath=//*[@id="blibliApp"]/div/header/div[2]/div[2]/div/div[1]/input'.</msg>
<status status="PASS" starttime="20220807 18:54:31.826" endtime="20220807 18:54:31.868"/>
</kw>
<kw name="Sleep" library="BuiltIn">
<arg>3</arg>
<doc>Pauses the test executed for the given time.</doc>
<msg timestamp="20220807 18:54:34.871" level="INFO">Slept 3 seconds</msg>
<status status="PASS" starttime="20220807 18:54:31.868" endtime="20220807 18:54:34.871"/>
</kw>
<status status="PASS" starttime="20220807 18:54:30.823" endtime="20220807 18:54:34.871"/>
</kw>
<kw name="Type Item 1 Name Blibli" library="stepBlibli">
<kw name="Input Text" library="SeleniumLibrary">
<arg>@{ITEM 1 NAME BLIBLI}</arg>
<doc>Types the given ``text`` into the text field identified by ``locator``.</doc>
<msg timestamp="20220807 18:54:34.871" level="INFO">Typing text 'case redmi 10a' into text field 'xpath=//*[@id="blibliApp"]/div/header/div[2]/div[2]/div/div[1]/input'.</msg>
<status status="PASS" starttime="20220807 18:54:34.871" endtime="20220807 18:54:34.941"/>
</kw>
<kw name="Sleep" library="BuiltIn">
<arg>3</arg>
<doc>Pauses the test executed for the given time.</doc>
<msg timestamp="20220807 18:54:37.950" level="INFO">Slept 3 seconds</msg>
<status status="PASS" starttime="20220807 18:54:34.942" endtime="20220807 18:54:37.950"/>
</kw>
<status status="PASS" starttime="20220807 18:54:34.871" endtime="20220807 18:54:37.950"/>
</kw>
<kw name="Hit Submit Button Blibli" library="stepBlibli">
<kw name="Click Element" library="SeleniumLibrary">
<arg>${SEARCH BUTTON BLIBLI}</arg>
<doc>Click the element identified by ``locator``.</doc>
<msg timestamp="20220807 18:54:37.951" level="INFO">Clicking element 'xpath=//*[@id="blibliApp"]/div/header/div[2]/div[2]/div/div[1]/div[2]/button'.</msg>
<status status="PASS" starttime="20220807 18:54:37.950" endtime="20220807 18:54:38.073"/>
</kw>
<kw name="Sleep" library="BuiltIn">
<arg>3</arg>
<doc>Pauses the test executed for the given time.</doc>
<msg timestamp="20220807 18:54:41.083" level="INFO">Slept 3 seconds</msg>
<status status="PASS" starttime="20220807 18:54:38.073" endtime="20220807 18:54:41.083"/>
</kw>
<status status="PASS" starttime="20220807 18:54:37.950" endtime="20220807 18:54:41.083"/>
</kw>
<kw name="Get Product Name with Sort by Relevance Page 1 Blibli" library="stepBlibli">
<kw name="Get All Product Name Blibli" library="stepBlibli">
<arg>${NEXT PAGE BUTTON BLIBLI}</arg>
<arg>${DISPLAYED PRODUCTS BLIBLI}</arg>
<kw name="Sleep" library="BuiltIn">
<arg>1</arg>
<doc>Pauses the test executed for the given time.</doc>
<msg timestamp="20220807 18:54:42.086" level="INFO">Slept 1 second</msg>
<status status="PASS" starttime="20220807 18:54:41.084" endtime="20220807 18:54:42.086"/>
</kw>
<for flavor="IN RANGE">
<var>${counter}</var>
<value>0</value>
<value>4</value>
<iter>
<var name="${counter}">0</var>
<kw name="Sleep" library="BuiltIn">
<arg>1</arg>
<doc>Pauses the test executed for the given time.</doc>
<msg timestamp="20220807 18:54:43.091" level="INFO">Slept 1 second</msg>
<status status="PASS" starttime="20220807 18:54:42.086" endtime="20220807 18:54:43.091"/>
</kw>
<kw name="Execute Javascript" library="SeleniumLibrary">
<arg>window.scroll(0,${counter}125)</arg>
<doc>Executes the given JavaScript code with possible arguments.</doc>
<msg timestamp="20220807 18:54:43.091" level="INFO">Executing JavaScript:
window.scroll(0,0125)
Without any arguments.</msg>
<status status="PASS" starttime="20220807 18:54:43.091" endtime="20220807 18:54:43.104"/>
</kw>
<kw name="Sleep" library="BuiltIn">
<arg>1</arg>
<doc>Pauses the test executed for the given time.</doc>
<msg timestamp="20220807 18:54:44.108" level="INFO">Slept 1 second</msg>
<status status="PASS" starttime="20220807 18:54:43.104" endtime="20220807 18:54:44.108"/>
</kw>
<kw name="Run Keyword And Return Status" library="BuiltIn">
<var>${status}</var>
<arg>Page Should Contain Button</arg>
<arg>${next button locator}</arg>
<arg>loglevel=NONE</arg>
<doc>Runs the given keyword with given arguments and returns the status as a Boolean value.</doc>
<kw name="Page Should Contain Button" library="SeleniumLibrary">
<arg>${next button locator}</arg>
<arg>loglevel=NONE</arg>
<doc>Verifies button ``locator`` is found from current page.</doc>
<msg timestamp="20220807 18:54:44.775" level="INFO" html="true">&lt;/td&gt;&lt;/tr&gt;&lt;tr&gt;&lt;td colspan="3"&gt;&lt;a href="selenium-screenshot-34.png"&gt;&lt;img src="selenium-screenshot-34.png" width="800px"&gt;&lt;/a&gt;</msg>
<msg timestamp="20220807 18:54:44.776" level="FAIL">Page should have contained button 'xpath=//a[@class='blu-paging__next']' but did not.</msg>
<status status="FAIL" starttime="20220807 18:54:44.109" endtime="20220807 18:54:44.777"/>
</kw>
<msg timestamp="20220807 18:54:44.777" level="INFO">${status} = False</msg>
<status status="PASS" starttime="20220807 18:54:44.108" endtime="20220807 18:54:44.777"/>
</kw>
<kw name="Sleep" library="BuiltIn">
<arg>1</arg>
<doc>Pauses the test executed for the given time.</doc>
<msg timestamp="20220807 18:54:45.783" level="INFO">Slept 1 second</msg>
<status status="PASS" starttime="20220807 18:54:44.777" endtime="20220807 18:54:45.783"/>
</kw>
<kw name="Run Keyword If" library="BuiltIn">
<arg>${status}</arg>
<arg>Exit For Loop</arg>
<doc>Runs the given keyword with the given arguments, if ``condition`` is true.</doc>
<status status="PASS" starttime="20220807 18:54:45.783" endtime="20220807 18:54:45.784"/>
</kw>
<kw name="Set Variable" library="BuiltIn">
<var>${counter}</var>
<arg>${counter}+1</arg>
<doc>Returns the given values which can then be assigned to a variables.</doc>
<msg timestamp="20220807 18:54:45.785" level="INFO">${counter} = 0+1</msg>
<status status="PASS" starttime="20220807 18:54:45.784" endtime="20220807 18:54:45.785"/>
</kw>
<status status="PASS" starttime="20220807 18:54:42.086" endtime="20220807 18:54:45.785"/>
</iter>
<iter>
<var name="${counter}">1</var>
<kw name="Sleep" library="BuiltIn">
<arg>1</arg>
<doc>Pauses the test executed for the given time.</doc>
<msg timestamp="20220807 18:54:46.787" level="INFO">Slept 1 second</msg>
<status status="PASS" starttime="20220807 18:54:45.785" endtime="20220807 18:54:46.787"/>
</kw>
<kw name="Execute Javascript" library="SeleniumLibrary">
<arg>window.scroll(0,${counter}125)</arg>
<doc>Executes the given JavaScript code with possible arguments.</doc>
<msg timestamp="20220807 18:54:46.787" level="INFO">Executing JavaScript:
window.scroll(0,1125)
Without any arguments.</msg>
<status status="PASS" starttime="20220807 18:54:46.787" endtime="20220807 18:54:46.790"/>
</kw>
<kw name="Sleep" library="BuiltIn">
<arg>1</arg>
<doc>Pauses the test executed for the given time.</doc>
<msg timestamp="20220807 18:54:47.805" level="INFO">Slept 1 second</msg>
<status status="PASS" starttime="20220807 18:54:46.790" endtime="20220807 18:54:47.805"/>
</kw>
<kw name="Run Keyword And Return Status" library="BuiltIn">
<var>${status}</var>
<arg>Page Should Contain Button</arg>
<arg>${next button locator}</arg>
<arg>loglevel=NONE</arg>
<doc>Runs the given keyword with given arguments and returns the status as a Boolean value.</doc>
<kw name="Page Should Contain Button" library="SeleniumLibrary">
<arg>${next button locator}</arg>
<arg>loglevel=NONE</arg>
<doc>Verifies button ``locator`` is found from current page.</doc>
<msg timestamp="20220807 18:54:48.419" level="INFO" html="true">&lt;/td&gt;&lt;/tr&gt;&lt;tr&gt;&lt;td colspan="3"&gt;&lt;a href="selenium-screenshot-35.png"&gt;&lt;img src="selenium-screenshot-35.png" width="800px"&gt;&lt;/a&gt;</msg>
<msg timestamp="20220807 18:54:48.420" level="FAIL">Page should have contained button 'xpath=//a[@class='blu-paging__next']' but did not.</msg>
<status status="FAIL" starttime="20220807 18:54:47.805" endtime="20220807 18:54:48.421"/>
</kw>
<msg timestamp="20220807 18:54:48.421" level="INFO">${status} = False</msg>
<status status="PASS" starttime="20220807 18:54:47.805" endtime="20220807 18:54:48.421"/>
</kw>
<kw name="Sleep" library="BuiltIn">
<arg>1</arg>
<doc>Pauses the test executed for the given time.</doc>
<msg timestamp="20220807 18:54:49.430" level="INFO">Slept 1 second</msg>
<status status="PASS" starttime="20220807 18:54:48.422" endtime="20220807 18:54:49.430"/>
</kw>
<kw name="Run Keyword If" library="BuiltIn">
<arg>${status}</arg>
<arg>Exit For Loop</arg>
<doc>Runs the given keyword with the given arguments, if ``condition`` is true.</doc>
<status status="PASS" starttime="20220807 18:54:49.430" endtime="20220807 18:54:49.430"/>
</kw>
<kw name="Set Variable" library="BuiltIn">
<var>${counter}</var>
<arg>${counter}+1</arg>
<doc>Returns the given values which can then be assigned to a variables.</doc>
<msg timestamp="20220807 18:54:49.431" level="INFO">${counter} = 1+1</msg>
<status status="PASS" starttime="20220807 18:54:49.430" endtime="20220807 18:54:49.431"/>
</kw>
<status status="PASS" starttime="20220807 18:54:45.785" endtime="20220807 18:54:49.431"/>
</iter>
<iter>
<var name="${counter}">2</var>
<kw name="Sleep" library="BuiltIn">
<arg>1</arg>
<doc>Pauses the test executed for the given time.</doc>
<msg timestamp="20220807 18:54:50.433" level="INFO">Slept 1 second</msg>
<status status="PASS" starttime="20220807 18:54:49.431" endtime="20220807 18:54:50.433"/>
</kw>
<kw name="Execute Javascript" library="SeleniumLibrary">
<arg>window.scroll(0,${counter}125)</arg>
<doc>Executes the given JavaScript code with possible arguments.</doc>
<msg timestamp="20220807 18:54:50.434" level="INFO">Executing JavaScript:
window.scroll(0,2125)
Without any arguments.</msg>
<status status="PASS" starttime="20220807 18:54:50.433" endtime="20220807 18:54:50.437"/>
</kw>
<kw name="Sleep" library="BuiltIn">
<arg>1</arg>
<doc>Pauses the test executed for the given time.</doc>
<msg timestamp="20220807 18:54:51.437" level="INFO">Slept 1 second</msg>
<status status="PASS" starttime="20220807 18:54:50.437" endtime="20220807 18:54:51.437"/>
</kw>
<kw name="Run Keyword And Return Status" library="BuiltIn">
<var>${status}</var>
<arg>Page Should Contain Button</arg>
<arg>${next button locator}</arg>
<arg>loglevel=NONE</arg>
<doc>Runs the given keyword with given arguments and returns the status as a Boolean value.</doc>
<kw name="Page Should Contain Button" library="SeleniumLibrary">
<arg>${next button locator}</arg>
<arg>loglevel=NONE</arg>
<doc>Verifies button ``locator`` is found from current page.</doc>
<msg timestamp="20220807 18:54:52.117" level="INFO" html="true">&lt;/td&gt;&lt;/tr&gt;&lt;tr&gt;&lt;td colspan="3"&gt;&lt;a href="selenium-screenshot-36.png"&gt;&lt;img src="selenium-screenshot-36.png" width="800px"&gt;&lt;/a&gt;</msg>
<msg timestamp="20220807 18:54:52.118" level="FAIL">Page should have contained button 'xpath=//a[@class='blu-paging__next']' but did not.</msg>
<status status="FAIL" starttime="20220807 18:54:51.438" endtime="20220807 18:54:52.118"/>
</kw>
<msg timestamp="20220807 18:54:52.118" level="INFO">${status} = False</msg>
<status status="PASS" starttime="20220807 18:54:51.437" endtime="20220807 18:54:52.118"/>
</kw>
<kw name="Sleep" library="BuiltIn">
<arg>1</arg>
<doc>Pauses the test executed for the given time.</doc>
<msg timestamp="20220807 18:54:53.121" level="INFO">Slept 1 second</msg>
<status status="PASS" starttime="20220807 18:54:52.118" endtime="20220807 18:54:53.121"/>
</kw>
<kw name="Run Keyword If" library="BuiltIn">
<arg>${status}</arg>
<arg>Exit For Loop</arg>
<doc>Runs the given keyword with the given arguments, if ``condition`` is true.</doc>
<status status="PASS" starttime="20220807 18:54:53.121" endtime="20220807 18:54:53.121"/>
</kw>
<kw name="Set Variable" library="BuiltIn">
<var>${counter}</var>
<arg>${counter}+1</arg>
<doc>Returns the given values which can then be assigned to a variables.</doc>
<msg timestamp="20220807 18:54:53.122" level="INFO">${counter} = 2+1</msg>
<status status="PASS" starttime="20220807 18:54:53.121" endtime="20220807 18:54:53.122"/>
</kw>
<status status="PASS" starttime="20220807 18:54:49.431" endtime="20220807 18:54:53.122"/>
</iter>
<iter>
<var name="${counter}">3</var>
<kw name="Sleep" library="BuiltIn">
<arg>1</arg>
<doc>Pauses the test executed for the given time.</doc>
<msg timestamp="20220807 18:54:54.128" level="INFO">Slept 1 second</msg>
<status status="PASS" starttime="20220807 18:54:53.122" endtime="20220807 18:54:54.128"/>
</kw>
<kw name="Execute Javascript" library="SeleniumLibrary">
<arg>window.scroll(0,${counter}125)</arg>
<doc>Executes the given JavaScript code with possible arguments.</doc>
<msg timestamp="20220807 18:54:54.129" level="INFO">Executing JavaScript:
window.scroll(0,3125)
Without any arguments.</msg>
<status status="PASS" starttime="20220807 18:54:54.128" endtime="20220807 18:54:54.135"/>
</kw>
<kw name="Sleep" library="BuiltIn">
<arg>1</arg>
<doc>Pauses the test executed for the given time.</doc>
<msg timestamp="20220807 18:54:55.147" level="INFO">Slept 1 second</msg>
<status status="PASS" starttime="20220807 18:54:54.135" endtime="20220807 18:54:55.147"/>
</kw>
<kw name="Run Keyword And Return Status" library="BuiltIn">
<var>${status}</var>
<arg>Page Should Contain Button</arg>
<arg>${next button locator}</arg>
<arg>loglevel=NONE</arg>
<doc>Runs the given keyword with given arguments and returns the status as a Boolean value.</doc>
<kw name="Page Should Contain Button" library="SeleniumLibrary">
<arg>${next button locator}</arg>
<arg>loglevel=NONE</arg>
<doc>Verifies button ``locator`` is found from current page.</doc>
<msg timestamp="20220807 18:54:55.694" level="INFO" html="true">&lt;/td&gt;&lt;/tr&gt;&lt;tr&gt;&lt;td colspan="3"&gt;&lt;a href="selenium-screenshot-37.png"&gt;&lt;img src="selenium-screenshot-37.png" width="800px"&gt;&lt;/a&gt;</msg>
<msg timestamp="20220807 18:54:55.695" level="FAIL">Page should have contained button 'xpath=//a[@class='blu-paging__next']' but did not.</msg>
<status status="FAIL" starttime="20220807 18:54:55.147" endtime="20220807 18:54:55.695"/>
</kw>
<msg timestamp="20220807 18:54:55.695" level="INFO">${status} = False</msg>
<status status="PASS" starttime="20220807 18:54:55.147" endtime="20220807 18:54:55.695"/>
</kw>
<kw name="Sleep" library="BuiltIn">
<arg>1</arg>
<doc>Pauses the test executed for the given time.</doc>
<msg timestamp="20220807 18:54:56.708" level="INFO">Slept 1 second</msg>
<status status="PASS" starttime="20220807 18:54:55.696" endtime="20220807 18:54:56.708"/>
</kw>
<kw name="Run Keyword If" library="BuiltIn">
<arg>${status}</arg>
<arg>Exit For Loop</arg>
<doc>Runs the given keyword with the given arguments, if ``condition`` is true.</doc>
<status status="PASS" starttime="20220807 18:54:56.708" endtime="20220807 18:54:56.708"/>
</kw>
<kw name="Set Variable" library="BuiltIn">
<var>${counter}</var>
<arg>${counter}+1</arg>
<doc>Returns the given values which can then be assigned to a variables.</doc>
<msg timestamp="20220807 18:54:56.709" level="INFO">${counter} = 3+1</msg>
<status status="PASS" starttime="20220807 18:54:56.709" endtime="20220807 18:54:56.709"/>
</kw>
<status status="PASS" starttime="20220807 18:54:53.122" endtime="20220807 18:54:56.709"/>
</iter>
<status status="PASS" starttime="20220807 18:54:42.086" endtime="20220807 18:54:56.709"/>
</for>
<kw name="Sleep" library="BuiltIn">
<arg>2</arg>
<doc>Pauses the test executed for the given time.</doc>
<msg timestamp="20220807 18:54:58.713" level="INFO">Slept 2 seconds</msg>
<status status="PASS" starttime="20220807 18:54:56.709" endtime="20220807 18:54:58.713"/>
</kw>
<kw name="Get Text" library="SeleniumLibrary">
<var>${product group}</var>
<arg>${product group}</arg>
<doc>Returns the text value of the element identified by ``locator``.</doc>
<msg timestamp="20220807 18:54:59.144" level="INFO">${product group} = 5
5%(Rp1.000)
CASE XIAOMI REDMI 10A LIQUID SILICONE RUBBER SOFT CASE REDMI 10A
Rp20.000
Kota Jakarta Selatan
5,0
(1)
Terjual 4
5
Soft Case Xiaomi Redmi 10A Aero Color Button Matte Frame Camera
Rp15.00...</msg>
<status status="PASS" starttime="20220807 18:54:58.714" endtime="20220807 18:54:59.144"/>
</kw>
<kw name="Log To Console" library="BuiltIn">
<arg>VALID_DATA_BELOW</arg>
<doc>Logs the given message to the console.</doc>
<status status="PASS" starttime="20220807 18:54:59.144" endtime="20220807 18:54:59.144"/>
</kw>
<kw name="Log To Console" library="BuiltIn">
<arg>${product group}</arg>
<doc>Logs the given message to the console.</doc>
<status status="PASS" starttime="20220807 18:54:59.144" endtime="20220807 18:54:59.145"/>
</kw>
<kw name="Log To Console" library="BuiltIn">
<arg>VALID_DATA_ABOVE</arg>
<doc>Logs the given message to the console.</doc>
<status status="PASS" starttime="20220807 18:54:59.145" endtime="20220807 18:54:59.145"/>
</kw>
<kw name="Sleep" library="BuiltIn">
<arg>2</arg>
<doc>Pauses the test executed for the given time.</doc>
<msg timestamp="20220807 18:55:01.150" level="INFO">Slept 2 seconds</msg>
<status status="PASS" starttime="20220807 18:54:59.145" endtime="20220807 18:55:01.150"/>
</kw>
<kw name="Wait Until Element Is Visible" library="SeleniumLibrary">
<arg>${next button locator}</arg>
<doc>Waits until the element ``locator`` is visible.</doc>
<status status="PASS" starttime="20220807 18:55:01.150" endtime="20220807 18:55:01.163"/>
</kw>
<kw name="Click Element" library="SeleniumLibrary">
<arg>${next button locator}</arg>
<doc>Click the element identified by ``locator``.</doc>
<msg timestamp="20220807 18:55:01.163" level="INFO">Clicking element 'xpath=//a[@class='blu-paging__next']'.</msg>
<status status="PASS" starttime="20220807 18:55:01.163" endtime="20220807 18:55:01.377"/>
</kw>
<status status="PASS" starttime="20220807 18:54:41.083" endtime="20220807 18:55:01.377"/>
</kw>
<status status="PASS" starttime="20220807 18:54:41.083" endtime="20220807 18:55:01.377"/>
</kw>
<kw name="Get Product Name with Sort by Relevance Page 2 Blibli" library="stepBlibli">
<kw name="Get All Product Name Blibli" library="stepBlibli">
<arg>${NEXT PAGE BUTTON BLIBLI}</arg>
<arg>${DISPLAYED PRODUCTS BLIBLI}</arg>
<kw name="Sleep" library="BuiltIn">
<arg>1</arg>
<doc>Pauses the test executed for the given time.</doc>
<msg timestamp="20220807 18:55:02.391" level="INFO">Slept 1 second</msg>
<status status="PASS" starttime="20220807 18:55:01.378" endtime="20220807 18:55:02.391"/>
</kw>
<for flavor="IN RANGE">
<var>${counter}</var>
<value>0</value>
<value>4</value>
<iter>
<var name="${counter}">0</var>
<kw name="Sleep" library="BuiltIn">
<arg>1</arg>
<doc>Pauses the test executed for the given time.</doc>
<msg timestamp="20220807 18:55:03.396" level="INFO">Slept 1 second</msg>
<status status="PASS" starttime="20220807 18:55:02.391" endtime="20220807 18:55:03.396"/>
</kw>
<kw name="Execute Javascript" library="SeleniumLibrary">
<arg>window.scroll(0,${counter}125)</arg>
<doc>Executes the given JavaScript code with possible arguments.</doc>
<msg timestamp="20220807 18:55:03.396" level="INFO">Executing JavaScript:
window.scroll(0,0125)
Without any arguments.</msg>
<status status="PASS" starttime="20220807 18:55:03.396" endtime="20220807 18:55:03.408"/>
</kw>
<kw name="Sleep" library="BuiltIn">
<arg>1</arg>
<doc>Pauses the test executed for the given time.</doc>
<msg timestamp="20220807 18:55:04.417" level="INFO">Slept 1 second</msg>
<status status="PASS" starttime="20220807 18:55:03.409" endtime="20220807 18:55:04.417"/>
</kw>
<kw name="Run Keyword And Return Status" library="BuiltIn">
<var>${status}</var>
<arg>Page Should Contain Button</arg>
<arg>${next button locator}</arg>
<arg>loglevel=NONE</arg>
<doc>Runs the given keyword with given arguments and returns the status as a Boolean value.</doc>
<kw name="Page Should Contain Button" library="SeleniumLibrary">
<arg>${next button locator}</arg>
<arg>loglevel=NONE</arg>
<doc>Verifies button ``locator`` is found from current page.</doc>
<msg timestamp="20220807 18:55:04.996" level="INFO" html="true">&lt;/td&gt;&lt;/tr&gt;&lt;tr&gt;&lt;td colspan="3"&gt;&lt;a href="selenium-screenshot-38.png"&gt;&lt;img src="selenium-screenshot-38.png" width="800px"&gt;&lt;/a&gt;</msg>
<msg timestamp="20220807 18:55:04.997" level="FAIL">Page should have contained button 'xpath=//a[@class='blu-paging__next']' but did not.</msg>
<status status="FAIL" starttime="20220807 18:55:04.417" endtime="20220807 18:55:04.997"/>
</kw>
<msg timestamp="20220807 18:55:04.997" level="INFO">${status} = False</msg>
<status status="PASS" starttime="20220807 18:55:04.417" endtime="20220807 18:55:04.997"/>
</kw>
<kw name="Sleep" library="BuiltIn">
<arg>1</arg>
<doc>Pauses the test executed for the given time.</doc>
<msg timestamp="20220807 18:55:06.008" level="INFO">Slept 1 second</msg>
<status status="PASS" starttime="20220807 18:55:04.997" endtime="20220807 18:55:06.008"/>
</kw>
<kw name="Run Keyword If" library="BuiltIn">
<arg>${status}</arg>
<arg>Exit For Loop</arg>
<doc>Runs the given keyword with the given arguments, if ``condition`` is true.</doc>
<status status="PASS" starttime="20220807 18:55:06.008" endtime="20220807 18:55:06.008"/>
</kw>
<kw name="Set Variable" library="BuiltIn">
<var>${counter}</var>
<arg>${counter}+1</arg>
<doc>Returns the given values which can then be assigned to a variables.</doc>
<msg timestamp="20220807 18:55:06.008" level="INFO">${counter} = 0+1</msg>
<status status="PASS" starttime="20220807 18:55:06.008" endtime="20220807 18:55:06.009"/>
</kw>
<status status="PASS" starttime="20220807 18:55:02.391" endtime="20220807 18:55:06.009"/>
</iter>
<iter>
<var name="${counter}">1</var>
<kw name="Sleep" library="BuiltIn">
<arg>1</arg>
<doc>Pauses the test executed for the given time.</doc>
<msg timestamp="20220807 18:55:07.014" level="INFO">Slept 1 second</msg>
<status status="PASS" starttime="20220807 18:55:06.009" endtime="20220807 18:55:07.014"/>
</kw>
<kw name="Execute Javascript" library="SeleniumLibrary">
<arg>window.scroll(0,${counter}125)</arg>
<doc>Executes the given JavaScript code with possible arguments.</doc>
<msg timestamp="20220807 18:55:07.014" level="INFO">Executing JavaScript:
window.scroll(0,1125)
Without any arguments.</msg>
<status status="PASS" starttime="20220807 18:55:07.014" endtime="20220807 18:55:07.017"/>
</kw>
<kw name="Sleep" library="BuiltIn">
<arg>1</arg>
<doc>Pauses the test executed for the given time.</doc>
<msg timestamp="20220807 18:55:08.033" level="INFO">Slept 1 second</msg>
<status status="PASS" starttime="20220807 18:55:07.018" endtime="20220807 18:55:08.033"/>
</kw>
<kw name="Run Keyword And Return Status" library="BuiltIn">
<var>${status}</var>
<arg>Page Should Contain Button</arg>
<arg>${next button locator}</arg>
<arg>loglevel=NONE</arg>
<doc>Runs the given keyword with given arguments and returns the status as a Boolean value.</doc>
<kw name="Page Should Contain Button" library="SeleniumLibrary">
<arg>${next button locator}</arg>
<arg>loglevel=NONE</arg>
<doc>Verifies button ``locator`` is found from current page.</doc>
<msg timestamp="20220807 18:55:08.627" level="INFO" html="true">&lt;/td&gt;&lt;/tr&gt;&lt;tr&gt;&lt;td colspan="3"&gt;&lt;a href="selenium-screenshot-39.png"&gt;&lt;img src="selenium-screenshot-39.png" width="800px"&gt;&lt;/a&gt;</msg>
<msg timestamp="20220807 18:55:08.628" level="FAIL">Page should have contained button 'xpath=//a[@class='blu-paging__next']' but did not.</msg>
<status status="FAIL" starttime="20220807 18:55:08.033" endtime="20220807 18:55:08.628"/>
</kw>
<msg timestamp="20220807 18:55:08.628" level="INFO">${status} = False</msg>
<status status="PASS" starttime="20220807 18:55:08.033" endtime="20220807 18:55:08.628"/>
</kw>
<kw name="Sleep" library="BuiltIn">
<arg>1</arg>
<doc>Pauses the test executed for the given time.</doc>
<msg timestamp="20220807 18:55:09.642" level="INFO">Slept 1 second</msg>
<status status="PASS" starttime="20220807 18:55:08.628" endtime="20220807 18:55:09.642"/>
</kw>
<kw name="Run Keyword If" library="BuiltIn">
<arg>${status}</arg>
<arg>Exit For Loop</arg>
<doc>Runs the given keyword with the given arguments, if ``condition`` is true.</doc>
<status status="PASS" starttime="20220807 18:55:09.642" endtime="20220807 18:55:09.643"/>
</kw>
<kw name="Set Variable" library="BuiltIn">
<var>${counter}</var>
<arg>${counter}+1</arg>
<doc>Returns the given values which can then be assigned to a variables.</doc>
<msg timestamp="20220807 18:55:09.643" level="INFO">${counter} = 1+1</msg>
<status status="PASS" starttime="20220807 18:55:09.643" endtime="20220807 18:55:09.643"/>
</kw>
<status status="PASS" starttime="20220807 18:55:06.009" endtime="20220807 18:55:09.643"/>
</iter>
<iter>
<var name="${counter}">2</var>
<kw name="Sleep" library="BuiltIn">
<arg>1</arg>
<doc>Pauses the test executed for the given time.</doc>
<msg timestamp="20220807 18:55:10.646" level="INFO">Slept 1 second</msg>
<status status="PASS" starttime="20220807 18:55:09.644" endtime="20220807 18:55:10.646"/>
</kw>
<kw name="Execute Javascript" library="SeleniumLibrary">
<arg>window.scroll(0,${counter}125)</arg>
<doc>Executes the given JavaScript code with possible arguments.</doc>
<msg timestamp="20220807 18:55:10.646" level="INFO">Executing JavaScript:
window.scroll(0,2125)
Without any arguments.</msg>
<status status="PASS" starttime="20220807 18:55:10.646" endtime="20220807 18:55:10.650"/>
</kw>
<kw name="Sleep" library="BuiltIn">
<arg>1</arg>
<doc>Pauses the test executed for the given time.</doc>
<msg timestamp="20220807 18:55:11.662" level="INFO">Slept 1 second</msg>
<status status="PASS" starttime="20220807 18:55:10.650" endtime="20220807 18:55:11.662"/>
</kw>
<kw name="Run Keyword And Return Status" library="BuiltIn">
<var>${status}</var>
<arg>Page Should Contain Button</arg>
<arg>${next button locator}</arg>
<arg>loglevel=NONE</arg>
<doc>Runs the given keyword with given arguments and returns the status as a Boolean value.</doc>
<kw name="Page Should Contain Button" library="SeleniumLibrary">
<arg>${next button locator}</arg>
<arg>loglevel=NONE</arg>
<doc>Verifies button ``locator`` is found from current page.</doc>
<msg timestamp="20220807 18:55:12.185" level="INFO" html="true">&lt;/td&gt;&lt;/tr&gt;&lt;tr&gt;&lt;td colspan="3"&gt;&lt;a href="selenium-screenshot-40.png"&gt;&lt;img src="selenium-screenshot-40.png" width="800px"&gt;&lt;/a&gt;</msg>
<msg timestamp="20220807 18:55:12.185" level="FAIL">Page should have contained button 'xpath=//a[@class='blu-paging__next']' but did not.</msg>
<status status="FAIL" starttime="20220807 18:55:11.662" endtime="20220807 18:55:12.185"/>
</kw>
<msg timestamp="20220807 18:55:12.185" level="INFO">${status} = False</msg>
<status status="PASS" starttime="20220807 18:55:11.662" endtime="20220807 18:55:12.185"/>
</kw>
<kw name="Sleep" library="BuiltIn">
<arg>1</arg>
<doc>Pauses the test executed for the given time.</doc>
<msg timestamp="20220807 18:55:13.194" level="INFO">Slept 1 second</msg>
<status status="PASS" starttime="20220807 18:55:12.185" endtime="20220807 18:55:13.194"/>
</kw>
<kw name="Run Keyword If" library="BuiltIn">
<arg>${status}</arg>
<arg>Exit For Loop</arg>
<doc>Runs the given keyword with the given arguments, if ``condition`` is true.</doc>
<status status="PASS" starttime="20220807 18:55:13.194" endtime="20220807 18:55:13.195"/>
</kw>
<kw name="Set Variable" library="BuiltIn">
<var>${counter}</var>
<arg>${counter}+1</arg>
<doc>Returns the given values which can then be assigned to a variables.</doc>
<msg timestamp="20220807 18:55:13.195" level="INFO">${counter} = 2+1</msg>
<status status="PASS" starttime="20220807 18:55:13.195" endtime="20220807 18:55:13.195"/>
</kw>
<status status="PASS" starttime="20220807 18:55:09.644" endtime="20220807 18:55:13.195"/>
</iter>
<iter>
<var name="${counter}">3</var>
<kw name="Sleep" library="BuiltIn">
<arg>1</arg>
<doc>Pauses the test executed for the given time.</doc>
<msg timestamp="20220807 18:55:14.198" level="INFO">Slept 1 second</msg>
<status status="PASS" starttime="20220807 18:55:13.195" endtime="20220807 18:55:14.198"/>
</kw>
<kw name="Execute Javascript" library="SeleniumLibrary">
<arg>window.scroll(0,${counter}125)</arg>
<doc>Executes the given JavaScript code with possible arguments.</doc>
<msg timestamp="20220807 18:55:14.198" level="INFO">Executing JavaScript:
window.scroll(0,3125)
Without any arguments.</msg>
<status status="PASS" starttime="20220807 18:55:14.198" endtime="20220807 18:55:14.201"/>
</kw>
<kw name="Sleep" library="BuiltIn">
<arg>1</arg>
<doc>Pauses the test executed for the given time.</doc>
<msg timestamp="20220807 18:55:15.203" level="INFO">Slept 1 second</msg>
<status status="PASS" starttime="20220807 18:55:14.202" endtime="20220807 18:55:15.203"/>
</kw>
<kw name="Run Keyword And Return Status" library="BuiltIn">
<var>${status}</var>
<arg>Page Should Contain Button</arg>
<arg>${next button locator}</arg>
<arg>loglevel=NONE</arg>
<doc>Runs the given keyword with given arguments and returns the status as a Boolean value.</doc>
<kw name="Page Should Contain Button" library="SeleniumLibrary">
<arg>${next button locator}</arg>
<arg>loglevel=NONE</arg>
<doc>Verifies button ``locator`` is found from current page.</doc>
<msg timestamp="20220807 18:55:15.687" level="INFO" html="true">&lt;/td&gt;&lt;/tr&gt;&lt;tr&gt;&lt;td colspan="3"&gt;&lt;a href="selenium-screenshot-41.png"&gt;&lt;img src="selenium-screenshot-41.png" width="800px"&gt;&lt;/a&gt;</msg>
<msg timestamp="20220807 18:55:15.687" level="FAIL">Page should have contained button 'xpath=//a[@class='blu-paging__next']' but did not.</msg>
<status status="FAIL" starttime="20220807 18:55:15.203" endtime="20220807 18:55:15.687"/>
</kw>
<msg timestamp="20220807 18:55:15.687" level="INFO">${status} = False</msg>
<status status="PASS" starttime="20220807 18:55:15.203" endtime="20220807 18:55:15.687"/>
</kw>
<kw name="Sleep" library="BuiltIn">
<arg>1</arg>
<doc>Pauses the test executed for the given time.</doc>
<msg timestamp="20220807 18:55:16.702" level="INFO">Slept 1 second</msg>
<status status="PASS" starttime="20220807 18:55:15.688" endtime="20220807 18:55:16.702"/>
</kw>
<kw name="Run Keyword If" library="BuiltIn">
<arg>${status}</arg>
<arg>Exit For Loop</arg>
<doc>Runs the given keyword with the given arguments, if ``condition`` is true.</doc>
<status status="PASS" starttime="20220807 18:55:16.702" endtime="20220807 18:55:16.702"/>
</kw>
<kw name="Set Variable" library="BuiltIn">
<var>${counter}</var>
<arg>${counter}+1</arg>
<doc>Returns the given values which can then be assigned to a variables.</doc>
<msg timestamp="20220807 18:55:16.703" level="INFO">${counter} = 3+1</msg>
<status status="PASS" starttime="20220807 18:55:16.702" endtime="20220807 18:55:16.703"/>
</kw>
<status status="PASS" starttime="20220807 18:55:13.195" endtime="20220807 18:55:16.703"/>
</iter>
<status status="PASS" starttime="20220807 18:55:02.391" endtime="20220807 18:55:16.703"/>
</for>
<kw name="Sleep" library="BuiltIn">
<arg>2</arg>
<doc>Pauses the test executed for the given time.</doc>
<msg timestamp="20220807 18:55:18.711" level="INFO">Slept 2 seconds</msg>
<status status="PASS" starttime="20220807 18:55:16.703" endtime="20220807 18:55:18.711"/>
</kw>
<kw name="Get Text" library="SeleniumLibrary">
<var>${product group}</var>
<arg>${product group}</arg>
<doc>Returns the text value of the element identified by ``locator``.</doc>
<msg timestamp="20220807 18:55:19.070" level="INFO">${product group} = Shock TPU Case Casing Xiaomi RedMi 10a 9c Clear AntiCrack Soft
Rp269.000
Kota Jakarta Barat
Armor Carbon TPU Case Casing Xiaomi RedMi 10a 9C Black Soft Cover
Rp265.000
Kota Jakarta Barat
10 PCS FLIP C...</msg>
<status status="PASS" starttime="20220807 18:55:18.711" endtime="20220807 18:55:19.070"/>
</kw>
<kw name="Log To Console" library="BuiltIn">
<arg>VALID_DATA_BELOW</arg>
<doc>Logs the given message to the console.</doc>
<status status="PASS" starttime="20220807 18:55:19.070" endtime="20220807 18:55:19.070"/>
</kw>
<kw name="Log To Console" library="BuiltIn">
<arg>${product group}</arg>
<doc>Logs the given message to the console.</doc>
<status status="PASS" starttime="20220807 18:55:19.070" endtime="20220807 18:55:19.071"/>
</kw>
<kw name="Log To Console" library="BuiltIn">
<arg>VALID_DATA_ABOVE</arg>
<doc>Logs the given message to the console.</doc>
<status status="PASS" starttime="20220807 18:55:19.071" endtime="20220807 18:55:19.071"/>
</kw>
<kw name="Sleep" library="BuiltIn">
<arg>2</arg>
<doc>Pauses the test executed for the given time.</doc>
<msg timestamp="20220807 18:55:21.073" level="INFO">Slept 2 seconds</msg>
<status status="PASS" starttime="20220807 18:55:19.071" endtime="20220807 18:55:21.073"/>
</kw>
<kw name="Wait Until Element Is Visible" library="SeleniumLibrary">
<arg>${next button locator}</arg>
<doc>Waits until the element ``locator`` is visible.</doc>
<status status="PASS" starttime="20220807 18:55:21.073" endtime="20220807 18:55:21.088"/>
</kw>
<kw name="Click Element" library="SeleniumLibrary">
<arg>${next button locator}</arg>
<doc>Click the element identified by ``locator``.</doc>
<msg timestamp="20220807 18:55:21.089" level="INFO">Clicking element 'xpath=//a[@class='blu-paging__next']'.</msg>
<status status="PASS" starttime="20220807 18:55:21.088" endtime="20220807 18:55:21.292"/>
</kw>
<status status="PASS" starttime="20220807 18:55:01.378" endtime="20220807 18:55:21.292"/>
</kw>
<status status="PASS" starttime="20220807 18:55:01.377" endtime="20220807 18:55:21.292"/>
</kw>
<kw name="Close Browser" library="SeleniumLibrary">
<doc>Closes the current browser.</doc>
<status status="PASS" starttime="20220807 18:55:21.292" endtime="20220807 18:55:23.486"/>
</kw>
<status status="PASS" starttime="20220807 18:54:17.740" endtime="20220807 18:55:23.486"/>
</test>
<test id="s1-t2" name="BLIBLI Sort by Lowest Price" line="21">
<kw name="Open Website Blibli" library="stepBlibli">
<kw name="Open Browser" library="SeleniumLibrary">
<arg>@{URL BLIBLI}</arg>
<arg>options=add_argument("--disable-blink-features=AutomationControlled")</arg>
<doc>Opens a new browser instance to the optional ``url``.</doc>
<msg timestamp="20220807 18:55:23.490" level="INFO">Opening browser 'chrome' to base url 'https://www.blibli.com/'.</msg>
<status status="PASS" starttime="20220807 18:55:23.489" endtime="20220807 18:55:26.147"/>
</kw>
<kw name="Sleep" library="BuiltIn">
<arg>2</arg>
<doc>Pauses the test executed for the given time.</doc>
<msg timestamp="20220807 18:55:28.153" level="INFO">Slept 2 seconds</msg>
<status status="PASS" starttime="20220807 18:55:26.148" endtime="20220807 18:55:28.153"/>
</kw>
<kw name="Maximize Browser Window" library="SeleniumLibrary">
<doc>Maximizes current browser window.</doc>
<status status="PASS" starttime="20220807 18:55:28.153" endtime="20220807 18:55:28.360"/>
</kw>
<kw name="Sleep" library="BuiltIn">
<arg>2</arg>
<doc>Pauses the test executed for the given time.</doc>
<msg timestamp="20220807 18:55:30.374" level="INFO">Slept 2 seconds</msg>
<status status="PASS" starttime="20220807 18:55:28.360" endtime="20220807 18:55:30.374"/>
</kw>
<status status="PASS" starttime="20220807 18:55:23.489" endtime="20220807 18:55:30.374"/>
</kw>
<kw name="Close Pop Up Blibli" library="stepBlibli">
<kw name="Sleep" library="BuiltIn">
<arg>3</arg>
<doc>Pauses the test executed for the given time.</doc>
<msg timestamp="20220807 18:55:33.376" level="INFO">Slept 3 seconds</msg>
<status status="PASS" starttime="20220807 18:55:30.375" endtime="20220807 18:55:33.376"/>
</kw>
<kw name="Click Element At Coordinates" library="SeleniumLibrary">
<arg>${CLOSE POP UP BUTTON BLIBLI}</arg>
<arg>${X COORDINATES CLOSE BLIBLI}</arg>
<arg>${Y COORDINATES CLOSE BLIBLI}</arg>
<doc>Click the element ``locator`` at ``xoffset/yoffset``.</doc>
<msg timestamp="20220807 18:55:33.377" level="INFO">Clicking element 'xpath=//*[@id="blibliApp"]' at coordinates x=500, y=100.</msg>
<status status="PASS" starttime="20220807 18:55:33.376" endtime="20220807 18:55:33.947"/>
</kw>
<kw name="Sleep" library="BuiltIn">
<arg>1</arg>
<doc>Pauses the test executed for the given time.</doc>
<msg timestamp="20220807 18:55:34.954" level="INFO">Slept 1 second</msg>
<status status="PASS" starttime="20220807 18:55:33.947" endtime="20220807 18:55:34.954"/>
</kw>
<kw name="Click Element" library="SeleniumLibrary">
<arg>${CLOSE POP UP BUTTON PRICE BLIBLI}</arg>
<doc>Click the element identified by ``locator``.</doc>
<msg timestamp="20220807 18:55:34.954" level="INFO">Clicking element 'xpath=//button[@class='ticker__close b-order-right']'.</msg>
<status status="PASS" starttime="20220807 18:55:34.954" endtime="20220807 18:55:34.990"/>
</kw>
<kw name="Sleep" library="BuiltIn">
<arg>1</arg>
<doc>Pauses the test executed for the given time.</doc>
<msg timestamp="20220807 18:55:36.002" level="INFO">Slept 1 second</msg>
<status status="PASS" starttime="20220807 18:55:34.990" endtime="20220807 18:55:36.002"/>
</kw>
<status status="PASS" starttime="20220807 18:55:30.374" endtime="20220807 18:55:36.002"/>
</kw>
<kw name="Click Search Box Blibli" library="stepBlibli">
<kw name="Sleep" library="BuiltIn">
<arg>1</arg>
<doc>Pauses the test executed for the given time.</doc>
<msg timestamp="20220807 18:55:37.014" level="INFO">Slept 1 second</msg>
<status status="PASS" starttime="20220807 18:55:36.003" endtime="20220807 18:55:37.014"/>
</kw>
<kw name="Click Element" library="SeleniumLibrary">
<arg>${SEARCH BOX BLIBLI}</arg>
<doc>Click the element identified by ``locator``.</doc>
<msg timestamp="20220807 18:55:37.014" level="INFO">Clicking element 'xpath=//*[@id="blibliApp"]/div/header/div[2]/div[2]/div/div[1]/input'.</msg>
<status status="PASS" starttime="20220807 18:55:37.014" endtime="20220807 18:55:37.058"/>
</kw>
<kw name="Sleep" library="BuiltIn">
<arg>3</arg>
<doc>Pauses the test executed for the given time.</doc>
<msg timestamp="20220807 18:55:40.068" level="INFO">Slept 3 seconds</msg>
<status status="PASS" starttime="20220807 18:55:37.058" endtime="20220807 18:55:40.068"/>
</kw>
<status status="PASS" starttime="20220807 18:55:36.002" endtime="20220807 18:55:40.068"/>
</kw>
<kw name="Type Item 1 Name Blibli" library="stepBlibli">
<kw name="Input Text" library="SeleniumLibrary">
<arg>@{ITEM 1 NAME BLIBLI}</arg>
<doc>Types the given ``text`` into the text field identified by ``locator``.</doc>
<msg timestamp="20220807 18:55:40.068" level="INFO">Typing text 'case redmi 10a' into text field 'xpath=//*[@id="blibliApp"]/div/header/div[2]/div[2]/div/div[1]/input'.</msg>
<status status="PASS" starttime="20220807 18:55:40.068" endtime="20220807 18:55:40.126"/>
</kw>
<kw name="Sleep" library="BuiltIn">
<arg>3</arg>
<doc>Pauses the test executed for the given time.</doc>
<msg timestamp="20220807 18:55:43.137" level="INFO">Slept 3 seconds</msg>
<status status="PASS" starttime="20220807 18:55:40.126" endtime="20220807 18:55:43.137"/>
</kw>
<status status="PASS" starttime="20220807 18:55:40.068" endtime="20220807 18:55:43.137"/>
</kw>
<kw name="Hit Submit Button Blibli" library="stepBlibli">
<kw name="Click Element" library="SeleniumLibrary">
<arg>${SEARCH BUTTON BLIBLI}</arg>
<doc>Click the element identified by ``locator``.</doc>
<msg timestamp="20220807 18:55:43.138" level="INFO">Clicking element 'xpath=//*[@id="blibliApp"]/div/header/div[2]/div[2]/div/div[1]/div[2]/button'.</msg>
<status status="PASS" starttime="20220807 18:55:43.137" endtime="20220807 18:55:43.257"/>
</kw>
<kw name="Sleep" library="BuiltIn">
<arg>3</arg>
<doc>Pauses the test executed for the given time.</doc>
<msg timestamp="20220807 18:55:46.266" level="INFO">Slept 3 seconds</msg>
<status status="PASS" starttime="20220807 18:55:43.257" endtime="20220807 18:55:46.266"/>
</kw>
<status status="PASS" starttime="20220807 18:55:43.137" endtime="20220807 18:55:46.266"/>
</kw>
<kw name="Click Sort Option Blibli" library="stepBlibli">
<kw name="Sleep" library="BuiltIn">
<arg>1</arg>
<doc>Pauses the test executed for the given time.</doc>
<msg timestamp="20220807 18:55:47.270" level="INFO">Slept 1 second</msg>
<status status="PASS" starttime="20220807 18:55:46.267" endtime="20220807 18:55:47.270"/>
</kw>
<kw name="Mouse Over" library="SeleniumLibrary">
<arg>${SORT OPTIONS BLIBLI}</arg>
<doc>Simulates hovering the mouse over the element ``locator``.</doc>
<msg timestamp="20220807 18:55:47.270" level="INFO">Simulating Mouse Over on element 'xpath=//div[@class='blu-dropdown__trigger']'.</msg>
<status status="PASS" starttime="20220807 18:55:47.270" endtime="20220807 18:55:47.557"/>
</kw>
<kw name="Click Element" library="SeleniumLibrary">
<arg>${SORT OPTIONS BLIBLI}</arg>
<doc>Click the element identified by ``locator``.</doc>
<msg timestamp="20220807 18:55:47.557" level="INFO">Clicking element 'xpath=//div[@class='blu-dropdown__trigger']'.</msg>
<status status="PASS" starttime="20220807 18:55:47.557" endtime="20220807 18:55:47.608"/>
</kw>
<kw name="Sleep" library="BuiltIn">
<arg>1</arg>
<doc>Pauses the test executed for the given time.</doc>
<msg timestamp="20220807 18:55:48.624" level="INFO">Slept 1 second</msg>
<status status="PASS" starttime="20220807 18:55:47.608" endtime="20220807 18:55:48.624"/>
</kw>
<status status="PASS" starttime="20220807 18:55:46.266" endtime="20220807 18:55:48.624"/>
</kw>
<kw name="Choose Sort by Lowest Price Blibli" library="stepBlibli">
<kw name="Sleep" library="BuiltIn">
<arg>1</arg>
<doc>Pauses the test executed for the given time.</doc>
<msg timestamp="20220807 18:55:49.628" level="INFO">Slept 1 second</msg>
<status status="PASS" starttime="20220807 18:55:48.624" endtime="20220807 18:55:49.628"/>
</kw>
<kw name="Click Element" library="SeleniumLibrary">
<arg>${SORT OPTIONS LOWEST PRICE BLIBLI}</arg>
<doc>Click the element identified by ``locator``.</doc>
<msg timestamp="20220807 18:55:49.629" level="INFO">Clicking element 'xpath=//*[@id="catalogProductListContentDiv"]/div[1]/div/div[3]/div/div[3]/div[2]/ul/li[3]/button'.</msg>
<status status="PASS" starttime="20220807 18:55:49.628" endtime="20220807 18:55:49.768"/>
</kw>
<kw name="Sleep" library="BuiltIn">
<arg>1</arg>
<doc>Pauses the test executed for the given time.</doc>
<msg timestamp="20220807 18:55:50.774" level="INFO">Slept 1 second</msg>
<status status="PASS" starttime="20220807 18:55:49.768" endtime="20220807 18:55:50.774"/>
</kw>
<kw name="Click Element" library="SeleniumLibrary">
<arg>${VIEW ALL PRODUCTS BLIBLI}</arg>
<doc>Click the element identified by ``locator``.</doc>
<msg timestamp="20220807 18:55:50.775" level="INFO">Clicking element 'xpath=//*[@id="catalogProductListContentDiv"]/div[1]/div[1]/article/div/div/a'.</msg>
<status status="PASS" starttime="20220807 18:55:50.774" endtime="20220807 18:55:50.907"/>
</kw>
<status status="PASS" starttime="20220807 18:55:48.624" endtime="20220807 18:55:50.907"/>
</kw>
<kw name="Get Product Name with Sort by Lowest Price Page 1 Blibli" library="stepBlibli">
<kw name="Get All Product Name Blibli" library="stepBlibli">
<arg>${NEXT PAGE BUTTON BLIBLI}</arg>
<arg>${DISPLAYED PRODUCTS BLIBLI}</arg>
<kw name="Sleep" library="BuiltIn">
<arg>1</arg>
<doc>Pauses the test executed for the given time.</doc>
<msg timestamp="20220807 18:55:51.921" level="INFO">Slept 1 second</msg>
<status status="PASS" starttime="20220807 18:55:50.908" endtime="20220807 18:55:51.921"/>
</kw>
<for flavor="IN RANGE">
<var>${counter}</var>
<value>0</value>
<value>4</value>
<iter>
<var name="${counter}">0</var>
<kw name="Sleep" library="BuiltIn">
<arg>1</arg>
<doc>Pauses the test executed for the given time.</doc>
<msg timestamp="20220807 18:55:52.928" level="INFO">Slept 1 second</msg>
<status status="PASS" starttime="20220807 18:55:51.921" endtime="20220807 18:55:52.928"/>
</kw>
<kw name="Execute Javascript" library="SeleniumLibrary">
<arg>window.scroll(0,${counter}125)</arg>
<doc>Executes the given JavaScript code with possible arguments.</doc>
<msg timestamp="20220807 18:55:52.928" level="INFO">Executing JavaScript:
window.scroll(0,0125)
Without any arguments.</msg>
<status status="PASS" starttime="20220807 18:55:52.928" endtime="20220807 18:55:52.939"/>
</kw>
<kw name="Sleep" library="BuiltIn">
<arg>1</arg>
<doc>Pauses the test executed for the given time.</doc>
<msg timestamp="20220807 18:55:53.939" level="INFO">Slept 1 second</msg>
<status status="PASS" starttime="20220807 18:55:52.939" endtime="20220807 18:55:53.939"/>
</kw>
<kw name="Run Keyword And Return Status" library="BuiltIn">
<var>${status}</var>
<arg>Page Should Contain Button</arg>
<arg>${next button locator}</arg>
<arg>loglevel=NONE</arg>
<doc>Runs the given keyword with given arguments and returns the status as a Boolean value.</doc>
<kw name="Page Should Contain Button" library="SeleniumLibrary">
<arg>${next button locator}</arg>
<arg>loglevel=NONE</arg>
<doc>Verifies button ``locator`` is found from current page.</doc>
<msg timestamp="20220807 18:55:54.501" level="INFO" html="true">&lt;/td&gt;&lt;/tr&gt;&lt;tr&gt;&lt;td colspan="3"&gt;&lt;a href="selenium-screenshot-42.png"&gt;&lt;img src="selenium-screenshot-42.png" width="800px"&gt;&lt;/a&gt;</msg>
<msg timestamp="20220807 18:55:54.502" level="FAIL">Page should have contained button 'xpath=//a[@class='blu-paging__next']' but did not.</msg>
<status status="FAIL" starttime="20220807 18:55:53.939" endtime="20220807 18:55:54.502"/>
</kw>
<msg timestamp="20220807 18:55:54.502" level="INFO">${status} = False</msg>
<status status="PASS" starttime="20220807 18:55:53.939" endtime="20220807 18:55:54.502"/>
</kw>
<kw name="Sleep" library="BuiltIn">
<arg>1</arg>
<doc>Pauses the test executed for the given time.</doc>
<msg timestamp="20220807 18:55:55.508" level="INFO">Slept 1 second</msg>
<status status="PASS" starttime="20220807 18:55:54.503" endtime="20220807 18:55:55.508"/>
</kw>
<kw name="Run Keyword If" library="BuiltIn">
<arg>${status}</arg>
<arg>Exit For Loop</arg>
<doc>Runs the given keyword with the given arguments, if ``condition`` is true.</doc>
<status status="PASS" starttime="20220807 18:55:55.508" endtime="20220807 18:55:55.508"/>
</kw>
<kw name="Set Variable" library="BuiltIn">
<var>${counter}</var>
<arg>${counter}+1</arg>
<doc>Returns the given values which can then be assigned to a variables.</doc>
<msg timestamp="20220807 18:55:55.508" level="INFO">${counter} = 0+1</msg>
<status status="PASS" starttime="20220807 18:55:55.508" endtime="20220807 18:55:55.508"/>
</kw>
<status status="PASS" starttime="20220807 18:55:51.921" endtime="20220807 18:55:55.508"/>
</iter>
<iter>
<var name="${counter}">1</var>
<kw name="Sleep" library="BuiltIn">
<arg>1</arg>
<doc>Pauses the test executed for the given time.</doc>
<msg timestamp="20220807 18:55:56.523" level="INFO">Slept 1 second</msg>
<status status="PASS" starttime="20220807 18:55:55.509" endtime="20220807 18:55:56.523"/>
</kw>
<kw name="Execute Javascript" library="SeleniumLibrary">
<arg>window.scroll(0,${counter}125)</arg>
<doc>Executes the given JavaScript code with possible arguments.</doc>
<msg timestamp="20220807 18:55:56.523" level="INFO">Executing JavaScript:
window.scroll(0,1125)
Without any arguments.</msg>
<status status="PASS" starttime="20220807 18:55:56.523" endtime="20220807 18:55:56.527"/>
</kw>
<kw name="Sleep" library="BuiltIn">
<arg>1</arg>
<doc>Pauses the test executed for the given time.</doc>
<msg timestamp="20220807 18:55:57.533" level="INFO">Slept 1 second</msg>
<status status="PASS" starttime="20220807 18:55:56.527" endtime="20220807 18:55:57.533"/>
</kw>
<kw name="Run Keyword And Return Status" library="BuiltIn">
<var>${status}</var>
<arg>Page Should Contain Button</arg>
<arg>${next button locator}</arg>
<arg>loglevel=NONE</arg>
<doc>Runs the given keyword with given arguments and returns the status as a Boolean value.</doc>
<kw name="Page Should Contain Button" library="SeleniumLibrary">
<arg>${next button locator}</arg>
<arg>loglevel=NONE</arg>
<doc>Verifies button ``locator`` is found from current page.</doc>
<msg timestamp="20220807 18:55:58.156" level="INFO" html="true">&lt;/td&gt;&lt;/tr&gt;&lt;tr&gt;&lt;td colspan="3"&gt;&lt;a href="selenium-screenshot-43.png"&gt;&lt;img src="selenium-screenshot-43.png" width="800px"&gt;&lt;/a&gt;</msg>
<msg timestamp="20220807 18:55:58.156" level="FAIL">Page should have contained button 'xpath=//a[@class='blu-paging__next']' but did not.</msg>
<status status="FAIL" starttime="20220807 18:55:57.533" endtime="20220807 18:55:58.157"/>
</kw>
<msg timestamp="20220807 18:55:58.157" level="INFO">${status} = False</msg>
<status status="PASS" starttime="20220807 18:55:57.533" endtime="20220807 18:55:58.157"/>
</kw>
<kw name="Sleep" library="BuiltIn">
<arg>1</arg>
<doc>Pauses the test executed for the given time.</doc>
<msg timestamp="20220807 18:55:59.162" level="INFO">Slept 1 second</msg>
<status status="PASS" starttime="20220807 18:55:58.157" endtime="20220807 18:55:59.162"/>
</kw>
<kw name="Run Keyword If" library="BuiltIn">
<arg>${status}</arg>
<arg>Exit For Loop</arg>
<doc>Runs the given keyword with the given arguments, if ``condition`` is true.</doc>
<status status="PASS" starttime="20220807 18:55:59.162" endtime="20220807 18:55:59.162"/>
</kw>
<kw name="Set Variable" library="BuiltIn">
<var>${counter}</var>
<arg>${counter}+1</arg>
<doc>Returns the given values which can then be assigned to a variables.</doc>
<msg timestamp="20220807 18:55:59.163" level="INFO">${counter} = 1+1</msg>
<status status="PASS" starttime="20220807 18:55:59.162" endtime="20220807 18:55:59.163"/>
</kw>
<status status="PASS" starttime="20220807 18:55:55.508" endtime="20220807 18:55:59.163"/>
</iter>
<iter>
<var name="${counter}">2</var>
<kw name="Sleep" library="BuiltIn">
<arg>1</arg>
<doc>Pauses the test executed for the given time.</doc>
<msg timestamp="20220807 18:56:00.173" level="INFO">Slept 1 second</msg>
<status status="PASS" starttime="20220807 18:55:59.163" endtime="20220807 18:56:00.173"/>
</kw>
<kw name="Execute Javascript" library="SeleniumLibrary">
<arg>window.scroll(0,${counter}125)</arg>
<doc>Executes the given JavaScript code with possible arguments.</doc>
<msg timestamp="20220807 18:56:00.175" level="INFO">Executing JavaScript:
window.scroll(0,2125)
Without any arguments.</msg>
<status status="PASS" starttime="20220807 18:56:00.173" endtime="20220807 18:56:00.183"/>
</kw>
<kw name="Sleep" library="BuiltIn">
<arg>1</arg>
<doc>Pauses the test executed for the given time.</doc>
<msg timestamp="20220807 18:56:01.196" level="INFO">Slept 1 second</msg>
<status status="PASS" starttime="20220807 18:56:00.183" endtime="20220807 18:56:01.196"/>
</kw>
<kw name="Run Keyword And Return Status" library="BuiltIn">
<var>${status}</var>
<arg>Page Should Contain Button</arg>
<arg>${next button locator}</arg>
<arg>loglevel=NONE</arg>
<doc>Runs the given keyword with given arguments and returns the status as a Boolean value.</doc>
<kw name="Page Should Contain Button" library="SeleniumLibrary">
<arg>${next button locator}</arg>
<arg>loglevel=NONE</arg>
<doc>Verifies button ``locator`` is found from current page.</doc>
<msg timestamp="20220807 18:56:01.785" level="INFO" html="true">&lt;/td&gt;&lt;/tr&gt;&lt;tr&gt;&lt;td colspan="3"&gt;&lt;a href="selenium-screenshot-44.png"&gt;&lt;img src="selenium-screenshot-44.png" width="800px"&gt;&lt;/a&gt;</msg>
<msg timestamp="20220807 18:56:01.785" level="FAIL">Page should have contained button 'xpath=//a[@class='blu-paging__next']' but did not.</msg>
<status status="FAIL" starttime="20220807 18:56:01.196" endtime="20220807 18:56:01.785"/>
</kw>
<msg timestamp="20220807 18:56:01.785" level="INFO">${status} = False</msg>
<status status="PASS" starttime="20220807 18:56:01.196" endtime="20220807 18:56:01.785"/>
</kw>
<kw name="Sleep" library="BuiltIn">
<arg>1</arg>
<doc>Pauses the test executed for the given time.</doc>
<msg timestamp="20220807 18:56:02.791" level="INFO">Slept 1 second</msg>
<status status="PASS" starttime="20220807 18:56:01.785" endtime="20220807 18:56:02.791"/>
</kw>
<kw name="Run Keyword If" library="BuiltIn">
<arg>${status}</arg>
<arg>Exit For Loop</arg>
<doc>Runs the given keyword with the given arguments, if ``condition`` is true.</doc>
<status status="PASS" starttime="20220807 18:56:02.791" endtime="20220807 18:56:02.791"/>
</kw>
<kw name="Set Variable" library="BuiltIn">
<var>${counter}</var>
<arg>${counter}+1</arg>
<doc>Returns the given values which can then be assigned to a variables.</doc>
<msg timestamp="20220807 18:56:02.792" level="INFO">${counter} = 2+1</msg>
<status status="PASS" starttime="20220807 18:56:02.791" endtime="20220807 18:56:02.792"/>
</kw>
<status status="PASS" starttime="20220807 18:55:59.163" endtime="20220807 18:56:02.792"/>
</iter>
<iter>
<var name="${counter}">3</var>
<kw name="Sleep" library="BuiltIn">
<arg>1</arg>
<doc>Pauses the test executed for the given time.</doc>
<msg timestamp="20220807 18:56:03.800" level="INFO">Slept 1 second</msg>
<status status="PASS" starttime="20220807 18:56:02.792" endtime="20220807 18:56:03.800"/>
</kw>
<kw name="Execute Javascript" library="SeleniumLibrary">
<arg>window.scroll(0,${counter}125)</arg>
<doc>Executes the given JavaScript code with possible arguments.</doc>
<msg timestamp="20220807 18:56:03.800" level="INFO">Executing JavaScript:
window.scroll(0,3125)
Without any arguments.</msg>
<status status="PASS" starttime="20220807 18:56:03.800" endtime="20220807 18:56:03.803"/>
</kw>
<kw name="Sleep" library="BuiltIn">
<arg>1</arg>
<doc>Pauses the test executed for the given time.</doc>
<msg timestamp="20220807 18:56:04.808" level="INFO">Slept 1 second</msg>
<status status="PASS" starttime="20220807 18:56:03.803" endtime="20220807 18:56:04.808"/>
</kw>
<kw name="Run Keyword And Return Status" library="BuiltIn">
<var>${status}</var>
<arg>Page Should Contain Button</arg>
<arg>${next button locator}</arg>
<arg>loglevel=NONE</arg>
<doc>Runs the given keyword with given arguments and returns the status as a Boolean value.</doc>
<kw name="Page Should Contain Button" library="SeleniumLibrary">
<arg>${next button locator}</arg>
<arg>loglevel=NONE</arg>
<doc>Verifies button ``locator`` is found from current page.</doc>
<msg timestamp="20220807 18:56:05.289" level="INFO" html="true">&lt;/td&gt;&lt;/tr&gt;&lt;tr&gt;&lt;td colspan="3"&gt;&lt;a href="selenium-screenshot-45.png"&gt;&lt;img src="selenium-screenshot-45.png" width="800px"&gt;&lt;/a&gt;</msg>
<msg timestamp="20220807 18:56:05.289" level="FAIL">Page should have contained button 'xpath=//a[@class='blu-paging__next']' but did not.</msg>
<status status="FAIL" starttime="20220807 18:56:04.808" endtime="20220807 18:56:05.289"/>
</kw>
<msg timestamp="20220807 18:56:05.290" level="INFO">${status} = False</msg>
<status status="PASS" starttime="20220807 18:56:04.808" endtime="20220807 18:56:05.290"/>
</kw>
<kw name="Sleep" library="BuiltIn">
<arg>1</arg>
<doc>Pauses the test executed for the given time.</doc>
<msg timestamp="20220807 18:56:06.303" level="INFO">Slept 1 second</msg>
<status status="PASS" starttime="20220807 18:56:05.290" endtime="20220807 18:56:06.303"/>
</kw>
<kw name="Run Keyword If" library="BuiltIn">
<arg>${status}</arg>
<arg>Exit For Loop</arg>
<doc>Runs the given keyword with the given arguments, if ``condition`` is true.</doc>
<status status="PASS" starttime="20220807 18:56:06.303" endtime="20220807 18:56:06.303"/>
</kw>
<kw name="Set Variable" library="BuiltIn">
<var>${counter}</var>
<arg>${counter}+1</arg>
<doc>Returns the given values which can then be assigned to a variables.</doc>
<msg timestamp="20220807 18:56:06.304" level="INFO">${counter} = 3+1</msg>
<status status="PASS" starttime="20220807 18:56:06.303" endtime="20220807 18:56:06.304"/>
</kw>
<status status="PASS" starttime="20220807 18:56:02.792" endtime="20220807 18:56:06.304"/>
</iter>
<status status="PASS" starttime="20220807 18:55:51.921" endtime="20220807 18:56:06.304"/>
</for>
<kw name="Sleep" library="BuiltIn">
<arg>2</arg>
<doc>Pauses the test executed for the given time.</doc>
<msg timestamp="20220807 18:56:08.312" level="INFO">Slept 2 seconds</msg>
<status status="PASS" starttime="20220807 18:56:06.304" endtime="20220807 18:56:08.312"/>
</kw>
<kw name="Get Text" library="SeleniumLibrary">
<var>${product group}</var>
<arg>${product group}</arg>
<doc>Returns the text value of the element identified by ``locator``.</doc>
<msg timestamp="20220807 18:56:08.843" level="INFO">${product group} = 4
Xiaomi Redmi 8-Oppo Reno 10- A51-A71 Hydrogel anti gores full covered
Rp1.000 - Rp22.900
Kota Jakarta Barat
SILIKON ( XIAOMI REDMI 10A ) CASE ANTI CRACK BENING / SOFTCASE / SOFT CASE / CASING HP HAN...</msg>
<status status="PASS" starttime="20220807 18:56:08.312" endtime="20220807 18:56:08.843"/>
</kw>
<kw name="Log To Console" library="BuiltIn">
<arg>VALID_DATA_BELOW</arg>
<doc>Logs the given message to the console.</doc>
<status status="PASS" starttime="20220807 18:56:08.843" endtime="20220807 18:56:08.843"/>
</kw>
<kw name="Log To Console" library="BuiltIn">
<arg>${product group}</arg>
<doc>Logs the given message to the console.</doc>
<status status="PASS" starttime="20220807 18:56:08.843" endtime="20220807 18:56:08.844"/>
</kw>
<kw name="Log To Console" library="BuiltIn">
<arg>VALID_DATA_ABOVE</arg>
<doc>Logs the given message to the console.</doc>
<status status="PASS" starttime="20220807 18:56:08.844" endtime="20220807 18:56:08.844"/>
</kw>
<kw name="Sleep" library="BuiltIn">
<arg>2</arg>
<doc>Pauses the test executed for the given time.</doc>
<msg timestamp="20220807 18:56:10.854" level="INFO">Slept 2 seconds</msg>
<status status="PASS" starttime="20220807 18:56:08.844" endtime="20220807 18:56:10.854"/>
</kw>
<kw name="Wait Until Element Is Visible" library="SeleniumLibrary">
<arg>${next button locator}</arg>
<doc>Waits until the element ``locator`` is visible.</doc>
<status status="PASS" starttime="20220807 18:56:10.854" endtime="20220807 18:56:10.873"/>
</kw>
<kw name="Click Element" library="SeleniumLibrary">
<arg>${next button locator}</arg>
<doc>Click the element identified by ``locator``.</doc>
<msg timestamp="20220807 18:56:10.873" level="INFO">Clicking element 'xpath=//a[@class='blu-paging__next']'.</msg>
<status status="PASS" starttime="20220807 18:56:10.873" endtime="20220807 18:56:11.147"/>
</kw>
<status status="PASS" starttime="20220807 18:55:50.908" endtime="20220807 18:56:11.147"/>
</kw>
<status status="PASS" starttime="20220807 18:55:50.907" endtime="20220807 18:56:11.148"/>
</kw>
<kw name="Get Product Name with Sort by Lowest Price Page 2 Blibli" library="stepBlibli">
<kw name="Get All Product Name Blibli" library="stepBlibli">
<arg>${NEXT PAGE BUTTON BLIBLI}</arg>
<arg>${DISPLAYED PRODUCTS BLIBLI}</arg>
<kw name="Sleep" library="BuiltIn">
<arg>1</arg>
<doc>Pauses the test executed for the given time.</doc>
<msg timestamp="20220807 18:56:12.150" level="INFO">Slept 1 second</msg>
<status status="PASS" starttime="20220807 18:56:11.150" endtime="20220807 18:56:12.150"/>
</kw>
<for flavor="IN RANGE">
<var>${counter}</var>
<value>0</value>
<value>4</value>
<iter>
<var name="${counter}">0</var>
<kw name="Sleep" library="BuiltIn">
<arg>1</arg>
<doc>Pauses the test executed for the given time.</doc>
<msg timestamp="20220807 18:56:13.156" level="INFO">Slept 1 second</msg>
<status status="PASS" starttime="20220807 18:56:12.150" endtime="20220807 18:56:13.156"/>
</kw>
<kw name="Execute Javascript" library="SeleniumLibrary">
<arg>window.scroll(0,${counter}125)</arg>
<doc>Executes the given JavaScript code with possible arguments.</doc>
<msg timestamp="20220807 18:56:13.157" level="INFO">Executing JavaScript:
window.scroll(0,0125)
Without any arguments.</msg>
<status status="PASS" starttime="20220807 18:56:13.156" endtime="20220807 18:56:13.168"/>
</kw>
<kw name="Sleep" library="BuiltIn">
<arg>1</arg>
<doc>Pauses the test executed for the given time.</doc>
<msg timestamp="20220807 18:56:14.176" level="INFO">Slept 1 second</msg>
<status status="PASS" starttime="20220807 18:56:13.168" endtime="20220807 18:56:14.176"/>
</kw>
<kw name="Run Keyword And Return Status" library="BuiltIn">
<var>${status}</var>
<arg>Page Should Contain Button</arg>
<arg>${next button locator}</arg>
<arg>loglevel=NONE</arg>
<doc>Runs the given keyword with given arguments and returns the status as a Boolean value.</doc>
<kw name="Page Should Contain Button" library="SeleniumLibrary">
<arg>${next button locator}</arg>
<arg>loglevel=NONE</arg>
<doc>Verifies button ``locator`` is found from current page.</doc>
<msg timestamp="20220807 18:56:14.904" level="INFO" html="true">&lt;/td&gt;&lt;/tr&gt;&lt;tr&gt;&lt;td colspan="3"&gt;&lt;a href="selenium-screenshot-46.png"&gt;&lt;img src="selenium-screenshot-46.png" width="800px"&gt;&lt;/a&gt;</msg>
<msg timestamp="20220807 18:56:14.905" level="FAIL">Page should have contained button 'xpath=//a[@class='blu-paging__next']' but did not.</msg>
<status status="FAIL" starttime="20220807 18:56:14.176" endtime="20220807 18:56:14.906"/>
</kw>
<msg timestamp="20220807 18:56:14.906" level="INFO">${status} = False</msg>
<status status="PASS" starttime="20220807 18:56:14.176" endtime="20220807 18:56:14.906"/>
</kw>
<kw name="Sleep" library="BuiltIn">
<arg>1</arg>
<doc>Pauses the test executed for the given time.</doc>
<msg timestamp="20220807 18:56:15.923" level="INFO">Slept 1 second</msg>
<status status="PASS" starttime="20220807 18:56:14.907" endtime="20220807 18:56:15.923"/>
</kw>
<kw name="Run Keyword If" library="BuiltIn">
<arg>${status}</arg>
<arg>Exit For Loop</arg>
<doc>Runs the given keyword with the given arguments, if ``condition`` is true.</doc>
<status status="PASS" starttime="20220807 18:56:15.923" endtime="20220807 18:56:15.924"/>
</kw>
<kw name="Set Variable" library="BuiltIn">
<var>${counter}</var>
<arg>${counter}+1</arg>
<doc>Returns the given values which can then be assigned to a variables.</doc>
<msg timestamp="20220807 18:56:15.924" level="INFO">${counter} = 0+1</msg>
<status status="PASS" starttime="20220807 18:56:15.924" endtime="20220807 18:56:15.924"/>
</kw>
<status status="PASS" starttime="20220807 18:56:12.150" endtime="20220807 18:56:15.924"/>
</iter>
<iter>
<var name="${counter}">1</var>
<kw name="Sleep" library="BuiltIn">
<arg>1</arg>
<doc>Pauses the test executed for the given time.</doc>
<msg timestamp="20220807 18:56:16.937" level="INFO">Slept 1 second</msg>
<status status="PASS" starttime="20220807 18:56:15.924" endtime="20220807 18:56:16.937"/>
</kw>
<kw name="Execute Javascript" library="SeleniumLibrary">
<arg>window.scroll(0,${counter}125)</arg>
<doc>Executes the given JavaScript code with possible arguments.</doc>
<msg timestamp="20220807 18:56:16.938" level="INFO">Executing JavaScript:
window.scroll(0,1125)
Without any arguments.</msg>
<status status="PASS" starttime="20220807 18:56:16.937" endtime="20220807 18:56:16.947"/>
</kw>
<kw name="Sleep" library="BuiltIn">
<arg>1</arg>
<doc>Pauses the test executed for the given time.</doc>
<msg timestamp="20220807 18:56:17.960" level="INFO">Slept 1 second</msg>
<status status="PASS" starttime="20220807 18:56:16.947" endtime="20220807 18:56:17.960"/>
</kw>
<kw name="Run Keyword And Return Status" library="BuiltIn">
<var>${status}</var>
<arg>Page Should Contain Button</arg>
<arg>${next button locator}</arg>
<arg>loglevel=NONE</arg>
<doc>Runs the given keyword with given arguments and returns the status as a Boolean value.</doc>
<kw name="Page Should Contain Button" library="SeleniumLibrary">
<arg>${next button locator}</arg>
<arg>loglevel=NONE</arg>
<doc>Verifies button ``locator`` is found from current page.</doc>
<msg timestamp="20220807 18:56:18.648" level="INFO" html="true">&lt;/td&gt;&lt;/tr&gt;&lt;tr&gt;&lt;td colspan="3"&gt;&lt;a href="selenium-screenshot-47.png"&gt;&lt;img src="selenium-screenshot-47.png" width="800px"&gt;&lt;/a&gt;</msg>
<msg timestamp="20220807 18:56:18.649" level="FAIL">Page should have contained button 'xpath=//a[@class='blu-paging__next']' but did not.</msg>
<status status="FAIL" starttime="20220807 18:56:17.961" endtime="20220807 18:56:18.649"/>
</kw>
<msg timestamp="20220807 18:56:18.649" level="INFO">${status} = False</msg>
<status status="PASS" starttime="20220807 18:56:17.960" endtime="20220807 18:56:18.649"/>
</kw>
<kw name="Sleep" library="BuiltIn">
<arg>1</arg>
<doc>Pauses the test executed for the given time.</doc>
<msg timestamp="20220807 18:56:19.657" level="INFO">Slept 1 second</msg>
<status status="PASS" starttime="20220807 18:56:18.649" endtime="20220807 18:56:19.657"/>
</kw>
<kw name="Run Keyword If" library="BuiltIn">
<arg>${status}</arg>
<arg>Exit For Loop</arg>
<doc>Runs the given keyword with the given arguments, if ``condition`` is true.</doc>
<status status="PASS" starttime="20220807 18:56:19.657" endtime="20220807 18:56:19.657"/>
</kw>
<kw name="Set Variable" library="BuiltIn">
<var>${counter}</var>
<arg>${counter}+1</arg>
<doc>Returns the given values which can then be assigned to a variables.</doc>
<msg timestamp="20220807 18:56:19.658" level="INFO">${counter} = 1+1</msg>
<status status="PASS" starttime="20220807 18:56:19.657" endtime="20220807 18:56:19.658"/>
</kw>
<status status="PASS" starttime="20220807 18:56:15.924" endtime="20220807 18:56:19.658"/>
</iter>
<iter>
<var name="${counter}">2</var>
<kw name="Sleep" library="BuiltIn">
<arg>1</arg>
<doc>Pauses the test executed for the given time.</doc>
<msg timestamp="20220807 18:56:20.663" level="INFO">Slept 1 second</msg>
<status status="PASS" starttime="20220807 18:56:19.658" endtime="20220807 18:56:20.663"/>
</kw>
<kw name="Execute Javascript" library="SeleniumLibrary">
<arg>window.scroll(0,${counter}125)</arg>
<doc>Executes the given JavaScript code with possible arguments.</doc>
<msg timestamp="20220807 18:56:20.664" level="INFO">Executing JavaScript:
window.scroll(0,2125)
Without any arguments.</msg>
<status status="PASS" starttime="20220807 18:56:20.663" endtime="20220807 18:56:20.668"/>
</kw>
<kw name="Sleep" library="BuiltIn">
<arg>1</arg>
<doc>Pauses the test executed for the given time.</doc>
<msg timestamp="20220807 18:56:21.675" level="INFO">Slept 1 second</msg>
<status status="PASS" starttime="20220807 18:56:20.668" endtime="20220807 18:56:21.675"/>
</kw>
<kw name="Run Keyword And Return Status" library="BuiltIn">
<var>${status}</var>
<arg>Page Should Contain Button</arg>
<arg>${next button locator}</arg>
<arg>loglevel=NONE</arg>
<doc>Runs the given keyword with given arguments and returns the status as a Boolean value.</doc>
<kw name="Page Should Contain Button" library="SeleniumLibrary">
<arg>${next button locator}</arg>
<arg>loglevel=NONE</arg>
<doc>Verifies button ``locator`` is found from current page.</doc>
<msg timestamp="20220807 18:56:22.493" level="INFO" html="true">&lt;/td&gt;&lt;/tr&gt;&lt;tr&gt;&lt;td colspan="3"&gt;&lt;a href="selenium-screenshot-48.png"&gt;&lt;img src="selenium-screenshot-48.png" width="800px"&gt;&lt;/a&gt;</msg>
<msg timestamp="20220807 18:56:22.494" level="FAIL">Page should have contained button 'xpath=//a[@class='blu-paging__next']' but did not.</msg>
<status status="FAIL" starttime="20220807 18:56:21.676" endtime="20220807 18:56:22.494"/>
</kw>
<msg timestamp="20220807 18:56:22.494" level="INFO">${status} = False</msg>
<status status="PASS" starttime="20220807 18:56:21.676" endtime="20220807 18:56:22.494"/>
</kw>
<kw name="Sleep" library="BuiltIn">
<arg>1</arg>
<doc>Pauses the test executed for the given time.</doc>
<msg timestamp="20220807 18:56:23.498" level="INFO">Slept 1 second</msg>
<status status="PASS" starttime="20220807 18:56:22.494" endtime="20220807 18:56:23.498"/>
</kw>
<kw name="Run Keyword If" library="BuiltIn">
<arg>${status}</arg>
<arg>Exit For Loop</arg>
<doc>Runs the given keyword with the given arguments, if ``condition`` is true.</doc>
<status status="PASS" starttime="20220807 18:56:23.498" endtime="20220807 18:56:23.498"/>
</kw>
<kw name="Set Variable" library="BuiltIn">
<var>${counter}</var>
<arg>${counter}+1</arg>
<doc>Returns the given values which can then be assigned to a variables.</doc>
<msg timestamp="20220807 18:56:23.498" level="INFO">${counter} = 2+1</msg>
<status status="PASS" starttime="20220807 18:56:23.498" endtime="20220807 18:56:23.498"/>
</kw>
<status status="PASS" starttime="20220807 18:56:19.658" endtime="20220807 18:56:23.499"/>
</iter>
<iter>
<var name="${counter}">3</var>
<kw name="Sleep" library="BuiltIn">
<arg>1</arg>
<doc>Pauses the test executed for the given time.</doc>
<msg timestamp="20220807 18:56:24.502" level="INFO">Slept 1 second</msg>
<status status="PASS" starttime="20220807 18:56:23.499" endtime="20220807 18:56:24.502"/>
</kw>
<kw name="Execute Javascript" library="SeleniumLibrary">
<arg>window.scroll(0,${counter}125)</arg>
<doc>Executes the given JavaScript code with possible arguments.</doc>
<msg timestamp="20220807 18:56:24.502" level="INFO">Executing JavaScript:
window.scroll(0,3125)
Without any arguments.</msg>
<status status="PASS" starttime="20220807 18:56:24.502" endtime="20220807 18:56:24.506"/>
</kw>
<kw name="Sleep" library="BuiltIn">
<arg>1</arg>
<doc>Pauses the test executed for the given time.</doc>
<msg timestamp="20220807 18:56:25.516" level="INFO">Slept 1 second</msg>
<status status="PASS" starttime="20220807 18:56:24.506" endtime="20220807 18:56:25.516"/>
</kw>
<kw name="Run Keyword And Return Status" library="BuiltIn">
<var>${status}</var>
<arg>Page Should Contain Button</arg>
<arg>${next button locator}</arg>
<arg>loglevel=NONE</arg>
<doc>Runs the given keyword with given arguments and returns the status as a Boolean value.</doc>
<kw name="Page Should Contain Button" library="SeleniumLibrary">
<arg>${next button locator}</arg>
<arg>loglevel=NONE</arg>
<doc>Verifies button ``locator`` is found from current page.</doc>
<msg timestamp="20220807 18:56:26.015" level="INFO" html="true">&lt;/td&gt;&lt;/tr&gt;&lt;tr&gt;&lt;td colspan="3"&gt;&lt;a href="selenium-screenshot-49.png"&gt;&lt;img src="selenium-screenshot-49.png" width="800px"&gt;&lt;/a&gt;</msg>
<msg timestamp="20220807 18:56:26.016" level="FAIL">Page should have contained button 'xpath=//a[@class='blu-paging__next']' but did not.</msg>
<status status="FAIL" starttime="20220807 18:56:25.517" endtime="20220807 18:56:26.016"/>
</kw>
<msg timestamp="20220807 18:56:26.016" level="INFO">${status} = False</msg>
<status status="PASS" starttime="20220807 18:56:25.516" endtime="20220807 18:56:26.016"/>
</kw>
<kw name="Sleep" library="BuiltIn">
<arg>1</arg>
<doc>Pauses the test executed for the given time.</doc>
<msg timestamp="20220807 18:56:27.029" level="INFO">Slept 1 second</msg>
<status status="PASS" starttime="20220807 18:56:26.017" endtime="20220807 18:56:27.029"/>
</kw>
<kw name="Run Keyword If" library="BuiltIn">
<arg>${status}</arg>
<arg>Exit For Loop</arg>
<doc>Runs the given keyword with the given arguments, if ``condition`` is true.</doc>
<status status="PASS" starttime="20220807 18:56:27.029" endtime="20220807 18:56:27.029"/>
</kw>
<kw name="Set Variable" library="BuiltIn">
<var>${counter}</var>
<arg>${counter}+1</arg>
<doc>Returns the given values which can then be assigned to a variables.</doc>
<msg timestamp="20220807 18:56:27.030" level="INFO">${counter} = 3+1</msg>
<status status="PASS" starttime="20220807 18:56:27.029" endtime="20220807 18:56:27.030"/>
</kw>
<status status="PASS" starttime="20220807 18:56:23.499" endtime="20220807 18:56:27.030"/>
</iter>
<status status="PASS" starttime="20220807 18:56:12.150" endtime="20220807 18:56:27.030"/>
</for>
<kw name="Sleep" library="BuiltIn">
<arg>2</arg>
<doc>Pauses the test executed for the given time.</doc>
<msg timestamp="20220807 18:56:29.042" level="INFO">Slept 2 seconds</msg>
<status status="PASS" starttime="20220807 18:56:27.030" endtime="20220807 18:56:29.042"/>
</kw>
<kw name="Get Text" library="SeleniumLibrary">
<var>${product group}</var>
<arg>${product group}</arg>
<doc>Returns the text value of the element identified by ``locator``.</doc>
<msg timestamp="20220807 18:56:29.416" level="INFO">${product group} = 5
DOVE Realme C35 - Realme C31 - Redmi 10C - Redmi 10A - Infinix 12I Case My Choice Micois Michois
Rp25.000
Rp50.000
50%
Kota Jakarta Pusat
CASE XIAOMI NOTE 10 NOTE 10 PRO NOTE 4X NOTE 9 NOTE 9 PRO RE...</msg>
<status status="PASS" starttime="20220807 18:56:29.042" endtime="20220807 18:56:29.417"/>
</kw>
<kw name="Log To Console" library="BuiltIn">
<arg>VALID_DATA_BELOW</arg>
<doc>Logs the given message to the console.</doc>
<status status="PASS" starttime="20220807 18:56:29.417" endtime="20220807 18:56:29.417"/>
</kw>
<kw name="Log To Console" library="BuiltIn">
<arg>${product group}</arg>
<doc>Logs the given message to the console.</doc>
<status status="PASS" starttime="20220807 18:56:29.417" endtime="20220807 18:56:29.418"/>
</kw>
<kw name="Log To Console" library="BuiltIn">
<arg>VALID_DATA_ABOVE</arg>
<doc>Logs the given message to the console.</doc>
<status status="PASS" starttime="20220807 18:56:29.418" endtime="20220807 18:56:29.419"/>
</kw>
<kw name="Sleep" library="BuiltIn">
<arg>2</arg>
<doc>Pauses the test executed for the given time.</doc>
<msg timestamp="20220807 18:56:31.434" level="INFO">Slept 2 seconds</msg>
<status status="PASS" starttime="20220807 18:56:29.419" endtime="20220807 18:56:31.434"/>
</kw>
<kw name="Wait Until Element Is Visible" library="SeleniumLibrary">
<arg>${next button locator}</arg>
<doc>Waits until the element ``locator`` is visible.</doc>
<status status="PASS" starttime="20220807 18:56:31.434" endtime="20220807 18:56:31.450"/>
</kw>
<kw name="Click Element" library="SeleniumLibrary">
<arg>${next button locator}</arg>
<doc>Click the element identified by ``locator``.</doc>
<msg timestamp="20220807 18:56:31.451" level="INFO">Clicking element 'xpath=//a[@class='blu-paging__next']'.</msg>
<status status="PASS" starttime="20220807 18:56:31.451" endtime="20220807 18:56:31.784"/>
</kw>
<status status="PASS" starttime="20220807 18:56:11.149" endtime="20220807 18:56:31.784"/>
</kw>
<status status="PASS" starttime="20220807 18:56:11.148" endtime="20220807 18:56:31.785"/>
</kw>
<kw name="Close Browser" library="SeleniumLibrary">
<doc>Closes the current browser.</doc>
<status status="PASS" starttime="20220807 18:56:31.785" endtime="20220807 18:56:34.068"/>
</kw>
<status status="PASS" starttime="20220807 18:55:23.488" endtime="20220807 18:56:34.068"/>
</test>
<test id="s1-t3" name="BLIBLI Sort by Highest Price" line="33">
<kw name="Open Website Blibli" library="stepBlibli">
<kw name="Open Browser" library="SeleniumLibrary">
<arg>@{URL BLIBLI}</arg>
<arg>options=add_argument("--disable-blink-features=AutomationControlled")</arg>
<doc>Opens a new browser instance to the optional ``url``.</doc>
<msg timestamp="20220807 18:56:34.070" level="INFO">Opening browser 'chrome' to base url 'https://www.blibli.com/'.</msg>
<status status="PASS" starttime="20220807 18:56:34.069" endtime="20220807 18:56:36.154"/>
</kw>
<kw name="Sleep" library="BuiltIn">
<arg>2</arg>
<doc>Pauses the test executed for the given time.</doc>
<msg timestamp="20220807 18:56:38.156" level="INFO">Slept 2 seconds</msg>
<status status="PASS" starttime="20220807 18:56:36.154" endtime="20220807 18:56:38.156"/>
</kw>
<kw name="Maximize Browser Window" library="SeleniumLibrary">
<doc>Maximizes current browser window.</doc>
<status status="PASS" starttime="20220807 18:56:38.156" endtime="20220807 18:56:38.331"/>
</kw>
<kw name="Sleep" library="BuiltIn">
<arg>2</arg>
<doc>Pauses the test executed for the given time.</doc>
<msg timestamp="20220807 18:56:40.333" level="INFO">Slept 2 seconds</msg>
<status status="PASS" starttime="20220807 18:56:38.331" endtime="20220807 18:56:40.333"/>
</kw>
<status status="PASS" starttime="20220807 18:56:34.069" endtime="20220807 18:56:40.333"/>
</kw>
<kw name="Close Pop Up Blibli" library="stepBlibli">
<kw name="Sleep" library="BuiltIn">
<arg>3</arg>
<doc>Pauses the test executed for the given time.</doc>
<msg timestamp="20220807 18:56:43.344" level="INFO">Slept 3 seconds</msg>
<status status="PASS" starttime="20220807 18:56:40.334" endtime="20220807 18:56:43.344"/>
</kw>
<kw name="Click Element At Coordinates" library="SeleniumLibrary">
<arg>${CLOSE POP UP BUTTON BLIBLI}</arg>
<arg>${X COORDINATES CLOSE BLIBLI}</arg>
[...]
</kw>
<kw name="Sleep" library="BuiltIn">
<arg>1</arg>
<doc>Pauses the test executed for the given time.</doc>
<msg timestamp="20220807 18:59:47.141" level="INFO">Slept 1 second</msg>
<status status="PASS" starttime="20220807 18:59:46.137" endtime="20220807 18:59:47.141"/>
</kw>
<kw name="Run Keyword If" library="BuiltIn">
<arg>${status}</arg>
<arg>Exit For Loop</arg>
<doc>Runs the given keyword with the given arguments, if ``condition`` is true.</doc>
<status status="PASS" starttime="20220807 18:59:47.141" endtime="20220807 18:59:47.141"/>
</kw>
<kw name="Set Variable" library="BuiltIn">
<var>${counter}</var>
<arg>${counter}+1</arg>
<doc>Returns the given values which can then be assigned to a variables.</doc>
<msg timestamp="20220807 18:59:47.142" level="INFO">${counter} = 3+1</msg>
<status status="PASS" starttime="20220807 18:59:47.141" endtime="20220807 18:59:47.142"/>
</kw>
<status status="PASS" starttime="20220807 18:59:43.595" endtime="20220807 18:59:47.142"/>
</iter>
<status status="PASS" starttime="20220807 18:59:32.882" endtime="20220807 18:59:47.142"/>
</for>
<kw name="Sleep" library="BuiltIn">
<arg>2</arg>
<doc>Pauses the test executed for the given time.</doc>
<msg timestamp="20220807 18:59:49.157" level="INFO">Slept 2 seconds</msg>
<status status="PASS" starttime="20220807 18:59:47.142" endtime="20220807 18:59:49.157"/>
</kw>
<kw name="Get Text" library="SeleniumLibrary">
<var>${product group}</var>
<arg>${product group}</arg>
<doc>Returns the text value of the element identified by ``locator``.</doc>
<msg timestamp="20220807 18:59:49.533" level="INFO">${product group} = 5%(Rp5.150)
Casing Samsung Galaxy M10 / A10 Fusion Softcase Anti Crack Tough Armor
Rp103.000
Kab. Bekasi
Casing Hardcase Xiaomi Redmi Note 10 Pro Rabbit like a Banana FS7504
Rp100.000
Rp115.000
13%
Ko...</msg>
<status status="PASS" starttime="20220807 18:59:49.157" endtime="20220807 18:59:49.533"/>
</kw>
<kw name="Log To Console" library="BuiltIn">
<arg>VALID_DATA_BELOW</arg>
<doc>Logs the given message to the console.</doc>
<status status="PASS" starttime="20220807 18:59:49.534" endtime="20220807 18:59:49.534"/>
</kw>
<kw name="Log To Console" library="BuiltIn">
<arg>${product group}</arg>
<doc>Logs the given message to the console.</doc>
<status status="PASS" starttime="20220807 18:59:49.534" endtime="20220807 18:59:49.535"/>
</kw>
<kw name="Log To Console" library="BuiltIn">
<arg>VALID_DATA_ABOVE</arg>
<doc>Logs the given message to the console.</doc>
<status status="PASS" starttime="20220807 18:59:49.535" endtime="20220807 18:59:49.535"/>
</kw>
<kw name="Sleep" library="BuiltIn">
<arg>2</arg>
<doc>Pauses the test executed for the given time.</doc>
<msg timestamp="20220807 18:59:51.538" level="INFO">Slept 2 seconds</msg>
<status status="PASS" starttime="20220807 18:59:49.536" endtime="20220807 18:59:51.538"/>
</kw>
<kw name="Wait Until Element Is Visible" library="SeleniumLibrary">
<arg>${next button locator}</arg>
<doc>Waits until the element ``locator`` is visible.</doc>
<status status="PASS" starttime="20220807 18:59:51.538" endtime="20220807 18:59:51.551"/>
</kw>
<kw name="Click Element" library="SeleniumLibrary">
<arg>${next button locator}</arg>
<doc>Click the element identified by ``locator``.</doc>
<msg timestamp="20220807 18:59:51.552" level="INFO">Clicking element 'xpath=//a[@class='blu-paging__next']'.</msg>
<status status="PASS" starttime="20220807 18:59:51.552" endtime="20220807 18:59:51.759"/>
</kw>
<status status="PASS" starttime="20220807 18:59:31.874" endtime="20220807 18:59:51.760"/>
</kw>
<status status="PASS" starttime="20220807 18:59:31.873" endtime="20220807 18:59:51.760"/>
</kw>
<kw name="Get Product Name with Filter by Maximum Price Page 2 Blibli" library="stepBlibli">
<kw name="Get All Product Name Blibli" library="stepBlibli">
<arg>${NEXT PAGE BUTTON BLIBLI}</arg>
<arg>${DISPLAYED PRODUCTS BLIBLI}</arg>
<kw name="Sleep" library="BuiltIn">
<arg>1</arg>
<doc>Pauses the test executed for the given time.</doc>
<msg timestamp="20220807 18:59:52.762" level="INFO">Slept 1 second</msg>
<status status="PASS" starttime="20220807 18:59:51.761" endtime="20220807 18:59:52.762"/>
</kw>
<for flavor="IN RANGE">
<var>${counter}</var>
<value>0</value>
<value>4</value>
<iter>
<var name="${counter}">0</var>
<kw name="Sleep" library="BuiltIn">
<arg>1</arg>
<doc>Pauses the test executed for the given time.</doc>
<msg timestamp="20220807 18:59:53.768" level="INFO">Slept 1 second</msg>
<status status="PASS" starttime="20220807 18:59:52.763" endtime="20220807 18:59:53.768"/>
</kw>
<kw name="Execute Javascript" library="SeleniumLibrary">
<arg>window.scroll(0,${counter}125)</arg>
<doc>Executes the given JavaScript code with possible arguments.</doc>
<msg timestamp="20220807 18:59:53.768" level="INFO">Executing JavaScript:
window.scroll(0,0125)
Without any arguments.</msg>
<status status="PASS" starttime="20220807 18:59:53.768" endtime="20220807 18:59:53.779"/>
</kw>
<kw name="Sleep" library="BuiltIn">
<arg>1</arg>
<doc>Pauses the test executed for the given time.</doc>
<msg timestamp="20220807 18:59:54.789" level="INFO">Slept 1 second</msg>
<status status="PASS" starttime="20220807 18:59:53.779" endtime="20220807 18:59:54.789"/>
</kw>
<kw name="Run Keyword And Return Status" library="BuiltIn">
<var>${status}</var>
<arg>Page Should Contain Button</arg>
<arg>${next button locator}</arg>
<arg>loglevel=NONE</arg>
<doc>Runs the given keyword with given arguments and returns the status as a Boolean value.</doc>
<kw name="Page Should Contain Button" library="SeleniumLibrary">
<arg>${next button locator}</arg>
<arg>loglevel=NONE</arg>
<doc>Verifies button ``locator`` is found from current page.</doc>
<msg timestamp="20220807 18:59:55.471" level="INFO" html="true">&lt;/td&gt;&lt;/tr&gt;&lt;tr&gt;&lt;td colspan="3"&gt;&lt;a href="selenium-screenshot-70.png"&gt;&lt;img src="selenium-screenshot-70.png" width="800px"&gt;&lt;/a&gt;</msg>
<msg timestamp="20220807 18:59:55.471" level="FAIL">Page should have contained button 'xpath=//a[@class='blu-paging__next']' but did not.</msg>
<status status="FAIL" starttime="20220807 18:59:54.789" endtime="20220807 18:59:55.472"/>
</kw>
<msg timestamp="20220807 18:59:55.472" level="INFO">${status} = False</msg>
<status status="PASS" starttime="20220807 18:59:54.789" endtime="20220807 18:59:55.472"/>
</kw>
<kw name="Sleep" library="BuiltIn">
<arg>1</arg>
<doc>Pauses the test executed for the given time.</doc>
<msg timestamp="20220807 18:59:56.474" level="INFO">Slept 1 second</msg>
<status status="PASS" starttime="20220807 18:59:55.472" endtime="20220807 18:59:56.474"/>
</kw>
<kw name="Run Keyword If" library="BuiltIn">
<arg>${status}</arg>
<arg>Exit For Loop</arg>
<doc>Runs the given keyword with the given arguments, if ``condition`` is true.</doc>
<status status="PASS" starttime="20220807 18:59:56.474" endtime="20220807 18:59:56.475"/>
</kw>
<kw name="Set Variable" library="BuiltIn">
<var>${counter}</var>
<arg>${counter}+1</arg>
<doc>Returns the given values which can then be assigned to a variables.</doc>
<msg timestamp="20220807 18:59:56.476" level="INFO">${counter} = 0+1</msg>
<status status="PASS" starttime="20220807 18:59:56.475" endtime="20220807 18:59:56.476"/>
</kw>
<status status="PASS" starttime="20220807 18:59:52.762" endtime="20220807 18:59:56.476"/>
</iter>
<iter>
<var name="${counter}">1</var>
<kw name="Sleep" library="BuiltIn">
<arg>1</arg>
<doc>Pauses the test executed for the given time.</doc>
<msg timestamp="20220807 18:59:57.483" level="INFO">Slept 1 second</msg>
<status status="PASS" starttime="20220807 18:59:56.476" endtime="20220807 18:59:57.483"/>
</kw>
<kw name="Execute Javascript" library="SeleniumLibrary">
<arg>window.scroll(0,${counter}125)</arg>
<doc>Executes the given JavaScript code with possible arguments.</doc>
<msg timestamp="20220807 18:59:57.484" level="INFO">Executing JavaScript:
window.scroll(0,1125)
Without any arguments.</msg>
<status status="PASS" starttime="20220807 18:59:57.483" endtime="20220807 18:59:57.487"/>
</kw>
<kw name="Sleep" library="BuiltIn">
<arg>1</arg>
<doc>Pauses the test executed for the given time.</doc>
<msg timestamp="20220807 18:59:58.489" level="INFO">Slept 1 second</msg>
<status status="PASS" starttime="20220807 18:59:57.487" endtime="20220807 18:59:58.489"/>
</kw>
<kw name="Run Keyword And Return Status" library="BuiltIn">
<var>${status}</var>
<arg>Page Should Contain Button</arg>
<arg>${next button locator}</arg>
<arg>loglevel=NONE</arg>
<doc>Runs the given keyword with given arguments and returns the status as a Boolean value.</doc>
<kw name="Page Should Contain Button" library="SeleniumLibrary">
<arg>${next button locator}</arg>
<arg>loglevel=NONE</arg>
<doc>Verifies button ``locator`` is found from current page.</doc>
<msg timestamp="20220807 18:59:59.072" level="INFO" html="true">&lt;/td&gt;&lt;/tr&gt;&lt;tr&gt;&lt;td colspan="3"&gt;&lt;a href="selenium-screenshot-71.png"&gt;&lt;img src="selenium-screenshot-71.png" width="800px"&gt;&lt;/a&gt;</msg>
<msg timestamp="20220807 18:59:59.072" level="FAIL">Page should have contained button 'xpath=//a[@class='blu-paging__next']' but did not.</msg>
<status status="FAIL" starttime="20220807 18:59:58.489" endtime="20220807 18:59:59.072"/>
</kw>
<msg timestamp="20220807 18:59:59.072" level="INFO">${status} = False</msg>
<status status="PASS" starttime="20220807 18:59:58.489" endtime="20220807 18:59:59.072"/>
</kw>
<kw name="Sleep" library="BuiltIn">
<arg>1</arg>
<doc>Pauses the test executed for the given time.</doc>
<msg timestamp="20220807 19:00:00.083" level="INFO">Slept 1 second</msg>
<status status="PASS" starttime="20220807 18:59:59.072" endtime="20220807 19:00:00.083"/>
</kw>
<kw name="Run Keyword If" library="BuiltIn">
<arg>${status}</arg>
<arg>Exit For Loop</arg>
<doc>Runs the given keyword with the given arguments, if ``condition`` is true.</doc>
<status status="PASS" starttime="20220807 19:00:00.083" endtime="20220807 19:00:00.083"/>
</kw>
<kw name="Set Variable" library="BuiltIn">
<var>${counter}</var>
<arg>${counter}+1</arg>
<doc>Returns the given values which can then be assigned to a variables.</doc>
<msg timestamp="20220807 19:00:00.084" level="INFO">${counter} = 1+1</msg>
<status status="PASS" starttime="20220807 19:00:00.083" endtime="20220807 19:00:00.084"/>
</kw>
<status status="PASS" starttime="20220807 18:59:56.476" endtime="20220807 19:00:00.084"/>
</iter>
<iter>
<var name="${counter}">2</var>
<kw name="Sleep" library="BuiltIn">
<arg>1</arg>
<doc>Pauses the test executed for the given time.</doc>
<msg timestamp="20220807 19:00:01.096" level="INFO">Slept 1 second</msg>
<status status="PASS" starttime="20220807 19:00:00.084" endtime="20220807 19:00:01.096"/>
</kw>
<kw name="Execute Javascript" library="SeleniumLibrary">
<arg>window.scroll(0,${counter}125)</arg>
<doc>Executes the given JavaScript code with possible arguments.</doc>
<msg timestamp="20220807 19:00:01.097" level="INFO">Executing JavaScript:
window.scroll(0,2125)
Without any arguments.</msg>
<status status="PASS" starttime="20220807 19:00:01.096" endtime="20220807 19:00:01.102"/>
</kw>
<kw name="Sleep" library="BuiltIn">
<arg>1</arg>
<doc>Pauses the test executed for the given time.</doc>
<msg timestamp="20220807 19:00:02.106" level="INFO">Slept 1 second</msg>
<status status="PASS" starttime="20220807 19:00:01.102" endtime="20220807 19:00:02.106"/>
</kw>
<kw name="Run Keyword And Return Status" library="BuiltIn">
<var>${status}</var>
<arg>Page Should Contain Button</arg>
<arg>${next button locator}</arg>
<arg>loglevel=NONE</arg>
<doc>Runs the given keyword with given arguments and returns the status as a Boolean value.</doc>
<kw name="Page Should Contain Button" library="SeleniumLibrary">
<arg>${next button locator}</arg>
<arg>loglevel=NONE</arg>
<doc>Verifies button ``locator`` is found from current page.</doc>
<msg timestamp="20220807 19:00:03.659" level="INFO" html="true">&lt;/td&gt;&lt;/tr&gt;&lt;tr&gt;&lt;td colspan="3"&gt;&lt;a href="selenium-screenshot-72.png"&gt;&lt;img src="selenium-screenshot-72.png" width="800px"&gt;&lt;/a&gt;</msg>
<msg timestamp="20220807 19:00:03.659" level="FAIL">Page should have contained button 'xpath=//a[@class='blu-paging__next']' but did not.</msg>
<status status="FAIL" starttime="20220807 19:00:02.106" endtime="20220807 19:00:03.659"/>
</kw>
<msg timestamp="20220807 19:00:03.659" level="INFO">${status} = False</msg>
<status status="PASS" starttime="20220807 19:00:02.106" endtime="20220807 19:00:03.659"/>
</kw>
<kw name="Sleep" library="BuiltIn">
<arg>1</arg>
<doc>Pauses the test executed for the given time.</doc>
<msg timestamp="20220807 19:00:04.668" level="INFO">Slept 1 second</msg>
<status status="PASS" starttime="20220807 19:00:03.659" endtime="20220807 19:00:04.668"/>
</kw>
<kw name="Run Keyword If" library="BuiltIn">
<arg>${status}</arg>
<arg>Exit For Loop</arg>
<doc>Runs the given keyword with the given arguments, if ``condition`` is true.</doc>
<status status="PASS" starttime="20220807 19:00:04.668" endtime="20220807 19:00:04.668"/>
</kw>
<kw name="Set Variable" library="BuiltIn">
<var>${counter}</var>
<arg>${counter}+1</arg>
<doc>Returns the given values which can then be assigned to a variables.</doc>
<msg timestamp="20220807 19:00:04.669" level="INFO">${counter} = 2+1</msg>
<status status="PASS" starttime="20220807 19:00:04.668" endtime="20220807 19:00:04.669"/>
</kw>
<status status="PASS" starttime="20220807 19:00:00.084" endtime="20220807 19:00:04.669"/>
</iter>
<iter>
<var name="${counter}">3</var>
<kw name="Sleep" library="BuiltIn">
<arg>1</arg>
<doc>Pauses the test executed for the given time.</doc>
<msg timestamp="20220807 19:00:05.676" level="INFO">Slept 1 second</msg>
<status status="PASS" starttime="20220807 19:00:04.669" endtime="20220807 19:00:05.676"/>
</kw>
<kw name="Execute Javascript" library="SeleniumLibrary">
<arg>window.scroll(0,${counter}125)</arg>
<doc>Executes the given JavaScript code with possible arguments.</doc>
<msg timestamp="20220807 19:00:05.677" level="INFO">Executing JavaScript:
window.scroll(0,3125)
Without any arguments.</msg>
<status status="PASS" starttime="20220807 19:00:05.676" endtime="20220807 19:00:05.681"/>
</kw>
<kw name="Sleep" library="BuiltIn">
<arg>1</arg>
<doc>Pauses the test executed for the given time.</doc>
<msg timestamp="20220807 19:00:06.685" level="INFO">Slept 1 second</msg>
<status status="PASS" starttime="20220807 19:00:05.681" endtime="20220807 19:00:06.685"/>
</kw>
<kw name="Run Keyword And Return Status" library="BuiltIn">
<var>${status}</var>
<arg>Page Should Contain Button</arg>
<arg>${next button locator}</arg>
<arg>loglevel=NONE</arg>
<doc>Runs the given keyword with given arguments and returns the status as a Boolean value.</doc>
<kw name="Page Should Contain Button" library="SeleniumLibrary">
<arg>${next button locator}</arg>
<arg>loglevel=NONE</arg>
<doc>Verifies button ``locator`` is found from current page.</doc>
<msg timestamp="20220807 19:00:07.134" level="INFO" html="true">&lt;/td&gt;&lt;/tr&gt;&lt;tr&gt;&lt;td colspan="3"&gt;&lt;a href="selenium-screenshot-73.png"&gt;&lt;img src="selenium-screenshot-73.png" width="800px"&gt;&lt;/a&gt;</msg>
<msg timestamp="20220807 19:00:07.134" level="FAIL">Page should have contained button 'xpath=//a[@class='blu-paging__next']' but did not.</msg>
<status status="FAIL" starttime="20220807 19:00:06.686" endtime="20220807 19:00:07.135"/>
</kw>
<msg timestamp="20220807 19:00:07.135" level="INFO">${status} = False</msg>
<status status="PASS" starttime="20220807 19:00:06.685" endtime="20220807 19:00:07.135"/>
</kw>
<kw name="Sleep" library="BuiltIn">
<arg>1</arg>
<doc>Pauses the test executed for the given time.</doc>
<msg timestamp="20220807 19:00:08.139" level="INFO">Slept 1 second</msg>
<status status="PASS" starttime="20220807 19:00:07.135" endtime="20220807 19:00:08.139"/>
</kw>
<kw name="Run Keyword If" library="BuiltIn">
<arg>${status}</arg>
<arg>Exit For Loop</arg>
<doc>Runs the given keyword with the given arguments, if ``condition`` is true.</doc>
<status status="PASS" starttime="20220807 19:00:08.139" endtime="20220807 19:00:08.139"/>
</kw>
<kw name="Set Variable" library="BuiltIn">
<var>${counter}</var>
<arg>${counter}+1</arg>
<doc>Returns the given values which can then be assigned to a variables.</doc>
<msg timestamp="20220807 19:00:08.140" level="INFO">${counter} = 3+1</msg>
<status status="PASS" starttime="20220807 19:00:08.139" endtime="20220807 19:00:08.140"/>
</kw>
<status status="PASS" starttime="20220807 19:00:04.669" endtime="20220807 19:00:08.140"/>
</iter>
<status status="PASS" starttime="20220807 18:59:52.762" endtime="20220807 19:00:08.140"/>
</for>
<kw name="Sleep" library="BuiltIn">
<arg>2</arg>
<doc>Pauses the test executed for the given time.</doc>
<msg timestamp="20220807 19:00:10.148" level="INFO">Slept 2 seconds</msg>
<status status="PASS" starttime="20220807 19:00:08.140" endtime="20220807 19:00:10.148"/>
</kw>
<kw name="Get Text" library="SeleniumLibrary">
<var>${product group}</var>
<arg>${product group}</arg>
<doc>Returns the text value of the element identified by ``locator``.</doc>
<msg timestamp="20220807 19:00:10.554" level="INFO">${product group} = Casing Redmi Note 10 9s 9 8 7 Pro Redmi 9C 9A 9T Cool Tide Brand Kaws Soft Phone Case Shockproof Protective Cover
Rp87.000
Rp130.500
33%
Kota Jakarta Selatan
Luffy &amp; Son Goku Xiaomi Poco M3 Pro X3NFC ...</msg>
<status status="PASS" starttime="20220807 19:00:10.148" endtime="20220807 19:00:10.554"/>
</kw>
<kw name="Log To Console" library="BuiltIn">
<arg>VALID_DATA_BELOW</arg>
<doc>Logs the given message to the console.</doc>
<status status="PASS" starttime="20220807 19:00:10.554" endtime="20220807 19:00:10.555"/>
</kw>
<kw name="Log To Console" library="BuiltIn">
<arg>${product group}</arg>
<doc>Logs the given message to the console.</doc>
<status status="PASS" starttime="20220807 19:00:10.555" endtime="20220807 19:00:10.556"/>
</kw>
<kw name="Log To Console" library="BuiltIn">
<arg>VALID_DATA_ABOVE</arg>
<doc>Logs the given message to the console.</doc>
<status status="PASS" starttime="20220807 19:00:10.556" endtime="20220807 19:00:10.557"/>
</kw>
<kw name="Sleep" library="BuiltIn">
<arg>2</arg>
<doc>Pauses the test executed for the given time.</doc>
<msg timestamp="20220807 19:00:12.571" level="INFO">Slept 2 seconds</msg>
<status status="PASS" starttime="20220807 19:00:10.557" endtime="20220807 19:00:12.571"/>
</kw>
<kw name="Wait Until Element Is Visible" library="SeleniumLibrary">
<arg>${next button locator}</arg>
<doc>Waits until the element ``locator`` is visible.</doc>
<status status="PASS" starttime="20220807 19:00:12.571" endtime="20220807 19:00:12.587"/>
</kw>
<kw name="Click Element" library="SeleniumLibrary">
<arg>${next button locator}</arg>
<doc>Click the element identified by ``locator``.</doc>
<msg timestamp="20220807 19:00:12.587" level="INFO">Clicking element 'xpath=//a[@class='blu-paging__next']'.</msg>
<status status="PASS" starttime="20220807 19:00:12.587" endtime="20220807 19:00:12.775"/>
</kw>
<status status="PASS" starttime="20220807 18:59:51.760" endtime="20220807 19:00:12.775"/>
</kw>
<status status="PASS" starttime="20220807 18:59:51.760" endtime="20220807 19:00:12.775"/>
</kw>
<kw name="Close Browser" library="SeleniumLibrary">
<doc>Closes the current browser.</doc>
<status status="PASS" starttime="20220807 19:00:12.775" endtime="20220807 19:00:15.033"/>
</kw>
<status status="PASS" starttime="20220807 18:58:58.529" endtime="20220807 19:00:15.033"/>
</test>
<doc>This test suite to test functionality survey, each type survey have 1 survey</doc>
<status status="PASS" starttime="20220807 18:54:17.537" endtime="20220807 19:00:15.034"/>
</suite>
<statistics>
<total>
<stat pass="5" fail="0" skip="0">All Tests</stat>
</total>
<tag>
</tag>
<suite>
<stat pass="5" fail="0" skip="0" id="s1" name="BlibliElectronic">BlibliElectronic</stat>
</suite>
</statistics>
<errors>
</errors>
</robot>
