<?xml version="1.0" encoding="UTF-8"?>
<robot generator="Robot 3.2.2 (Python 3.7.0 on win32)" generated="20220601 23:55:27.135" rpa="false">
<suite id="s1" name="caseLazada" source="E:\Programs\Informatics\Github\robotframework-ecommerce\Tests\TestCases\caseLazada.robot">
<test id="s1-t1" name="LAZADA Open Website Under Test">
<kw name="Open Website Lazada" library="stepLazada">
<kw name="Open Browser" library="SeleniumLibrary">
<doc>Opens a new browser instance to the optional ``url``.</doc>
<arguments>
<arg>@{URL LAZADA}</arg>
</arguments>
<msg timestamp="20220601 23:55:27.303" level="INFO">Opening browser 'chrome' to base url 'https://www.lazada.co.id/'.</msg>
<status status="PASS" starttime="20220601 23:55:27.303" endtime="20220601 23:55:49.708"></status>
</kw>
<kw name="Sleep" library="BuiltIn">
<doc>Pauses the test executed for the given time.</doc>
<arguments>
<arg>3</arg>
</arguments>
<msg timestamp="20220601 23:55:52.721" level="INFO">Slept 3 seconds</msg>
<status status="PASS" starttime="20220601 23:55:49.708" endtime="20220601 23:55:52.721"></status>
</kw>
<kw name="Maximize Browser Window" library="SeleniumLibrary">
<doc>Maximizes current browser window.</doc>
<status status="PASS" starttime="20220601 23:55:52.721" endtime="20220601 23:55:52.848"></status>
</kw>
<status status="PASS" starttime="20220601 23:55:27.302" endtime="20220601 23:55:52.848"></status>
</kw>
<status status="PASS" starttime="20220601 23:55:27.302" endtime="20220601 23:55:52.848" critical="yes"></status>
</test>
<test id="s1-t2" name="LAZADA Search For Item">
<kw name="Click Search Box Lazada" library="stepLazada">
<kw name="Click Element" library="SeleniumLibrary">
<doc>Click the element identified by ``locator``.</doc>
<arguments>
<arg>${SEARCH BOX LAZADA}</arg>
</arguments>
<msg timestamp="20220601 23:55:52.850" level="INFO">Clicking element 'xpath=//*[@id="q"]'.</msg>
<status status="PASS" starttime="20220601 23:55:52.850" endtime="20220601 23:55:52.906"></status>
</kw>
<kw name="Sleep" library="BuiltIn">
<doc>Pauses the test executed for the given time.</doc>
<arguments>
<arg>3</arg>
</arguments>
<msg timestamp="20220601 23:55:55.908" level="INFO">Slept 3 seconds</msg>
<status status="PASS" starttime="20220601 23:55:52.906" endtime="20220601 23:55:55.908"></status>
</kw>
<status status="PASS" starttime="20220601 23:55:52.850" endtime="20220601 23:55:55.908"></status>
</kw>
<kw name="Type Item 1 Name Lazada" library="stepLazada">
<kw name="Input Text" library="SeleniumLibrary">
<doc>Types the given ``text`` into the text field identified by ``locator``.</doc>
<arguments>
<arg>@{ITEM 1 NAME LAZADA}</arg>
</arguments>
<msg timestamp="20220601 23:55:55.909" level="INFO">Typing text 'xiaomi' into text field 'xpath=//*[@id="q"]'.</msg>
<status status="PASS" starttime="20220601 23:55:55.909" endtime="20220601 23:55:55.968"></status>
</kw>
<kw name="Sleep" library="BuiltIn">
<doc>Pauses the test executed for the given time.</doc>
<arguments>
<arg>3</arg>
</arguments>
<msg timestamp="20220601 23:55:58.971" level="INFO">Slept 3 seconds</msg>
<status status="PASS" starttime="20220601 23:55:55.968" endtime="20220601 23:55:58.971"></status>
</kw>
<status status="PASS" starttime="20220601 23:55:55.908" endtime="20220601 23:55:58.971"></status>
</kw>
<kw name="Hit Submit Button Lazada" library="stepLazada">
<kw name="Click Element" library="SeleniumLibrary">
<doc>Click the element identified by ``locator``.</doc>
<arguments>
<arg>${SEARCH BUTTON LAZADA}</arg>
</arguments>
<msg timestamp="20220601 23:55:58.972" level="INFO">Clicking element 'xpath=//*[@id="topActionHeader"]/div/div[2]/div/div[1]/form/div/div[2]/button'.</msg>
<status status="PASS" starttime="20220601 23:55:58.972" endtime="20220601 23:56:22.156"></status>
</kw>
<kw name="Sleep" library="BuiltIn">
<doc>Pauses the test executed for the given time.</doc>
<arguments>
<arg>3</arg>
</arguments>
<msg timestamp="20220601 23:56:25.173" level="INFO">Slept 3 seconds</msg>
<status status="PASS" starttime="20220601 23:56:22.156" endtime="20220601 23:56:25.173"></status>
</kw>
<status status="PASS" starttime="20220601 23:55:58.971" endtime="20220601 23:56:25.173"></status>
</kw>
<status status="PASS" starttime="20220601 23:55:52.849" endtime="20220601 23:56:25.173" critical="yes"></status>
</test>
<test id="s1-t3" name="LAZADA Close Browser">
<kw name="Close Browser" library="SeleniumLibrary">
<doc>Closes the current browser.</doc>
<status status="PASS" starttime="20220601 23:56:25.175" endtime="20220601 23:56:27.318"></status>
</kw>
<status status="PASS" starttime="20220601 23:56:25.174" endtime="20220601 23:56:27.318" critical="yes"></status>
</test>
<doc>This test suite to test functionality survey, each type survey have 1 survey</doc>
<status status="PASS" starttime="20220601 23:55:27.136" endtime="20220601 23:56:27.319"></status>
</suite>
<statistics>
<total>
<stat pass="3" fail="0">Critical Tests</stat>
<stat pass="3" fail="0">All Tests</stat>
</total>
<tag>
</tag>
<suite>
<stat pass="3" fail="0" id="s1" name="caseLazada">caseLazada</stat>
</suite>
</statistics>
<errors>
</errors>
</robot>
