<?xml version="1.0" encoding="UTF-8"?>
<robot generator="Robot 5.0.1 (Python 3.7.0 on win32)" generated="20220703 23:53:18.198" rpa="false" schemaversion="3">
<suite id="s1" name="caseLazada" source="E:\Programs\Informatics\Github\robotframework-ecommerce\Tests\TestCases\caseLazada.robot">
<test id="s1-t1" name="LAZADA Open Website Under Test" line="11">
<kw name="Open Website Lazada" library="stepLazada">
<kw name="Open Browser" library="SeleniumLibrary">
<arg>@{URL LAZADA}</arg>
<doc>Opens a new browser instance to the optional ``url``.</doc>
<msg timestamp="20220703 23:53:18.839" level="INFO">Opening browser 'chrome' to base url 'https://www.lazada.co.id/'.</msg>
<status status="PASS" starttime="20220703 23:53:18.839" endtime="20220703 23:53:28.423"/>
</kw>
<kw name="Sleep" library="BuiltIn">
<arg>3</arg>
<doc>Pauses the test executed for the given time.</doc>
<msg timestamp="20220703 23:53:31.433" level="INFO">Slept 3 seconds</msg>
<status status="PASS" starttime="20220703 23:53:28.424" endtime="20220703 23:53:31.433"/>
</kw>
<kw name="Maximize Browser Window" library="SeleniumLibrary">
<doc>Maximizes current browser window.</doc>
<status status="PASS" starttime="20220703 23:53:31.433" endtime="20220703 23:53:31.563"/>
</kw>
<status status="PASS" starttime="20220703 23:53:18.839" endtime="20220703 23:53:31.563"/>
</kw>
<status status="PASS" starttime="20220703 23:53:18.838" endtime="20220703 23:53:31.563"/>
</test>
<test id="s1-t2" name="LAZADA Search For Item" line="14">
<kw name="Click Search Box Lazada" library="stepLazada">
<kw name="Click Element" library="SeleniumLibrary">
<arg>${SEARCH BOX LAZADA}</arg>
<doc>Click the element identified by ``locator``.</doc>
<msg timestamp="20220703 23:53:31.564" level="INFO">Clicking element 'xpath=//*[@id="q"]'.</msg>
<status status="PASS" starttime="20220703 23:53:31.564" endtime="20220703 23:53:31.635"/>
</kw>
<kw name="Sleep" library="BuiltIn">
<arg>3</arg>
<doc>Pauses the test executed for the given time.</doc>
<msg timestamp="20220703 23:53:34.643" level="INFO">Slept 3 seconds</msg>
<status status="PASS" starttime="20220703 23:53:31.635" endtime="20220703 23:53:34.643"/>
</kw>
<status status="PASS" starttime="20220703 23:53:31.564" endtime="20220703 23:53:34.643"/>
</kw>
<kw name="Type Item 1 Name Lazada" library="stepLazada">
<kw name="Input Text" library="SeleniumLibrary">
<arg>@{ITEM 1 NAME LAZADA}</arg>
<doc>Types the given ``text`` into the text field identified by ``locator``.</doc>
<msg timestamp="20220703 23:53:34.644" level="INFO">Typing text 'xiaomi' into text field 'xpath=//*[@id="q"]'.</msg>
<status status="PASS" starttime="20220703 23:53:34.643" endtime="20220703 23:53:34.703"/>
</kw>
<kw name="Sleep" library="BuiltIn">
<arg>3</arg>
<doc>Pauses the test executed for the given time.</doc>
<msg timestamp="20220703 23:53:37.705" level="INFO">Slept 3 seconds</msg>
<status status="PASS" starttime="20220703 23:53:34.703" endtime="20220703 23:53:37.705"/>
</kw>
<status status="PASS" starttime="20220703 23:53:34.643" endtime="20220703 23:53:37.705"/>
</kw>
<kw name="Hit Submit Button Lazada" library="stepLazada">
<kw name="Click Element" library="SeleniumLibrary">
<arg>${SEARCH BUTTON LAZADA}</arg>
<doc>Click the element identified by ``locator``.</doc>
<msg timestamp="20220703 23:53:37.706" level="INFO">Clicking element 'xpath=//*[@id="topActionHeader"]/div/div[2]/div/div[1]/form/div/div[2]/button'.</msg>
<status status="PASS" starttime="20220703 23:53:37.706" endtime="20220703 23:53:45.371"/>
</kw>
<kw name="Sleep" library="BuiltIn">
<arg>3</arg>
<doc>Pauses the test executed for the given time.</doc>
<msg timestamp="20220703 23:53:48.383" level="INFO">Slept 3 seconds</msg>
<status status="PASS" starttime="20220703 23:53:45.371" endtime="20220703 23:53:48.383"/>
</kw>
<status status="PASS" starttime="20220703 23:53:37.705" endtime="20220703 23:53:48.383"/>
</kw>
<status status="PASS" starttime="20220703 23:53:31.563" endtime="20220703 23:53:48.383"/>
</test>
<test id="s1-t3" name="LAZADA Get Displayed Items Name 1" line="19">
<kw name="Get All Product Name Lazada" library="stepLazada">
<for flavor="IN RANGE">
<var>${i}</var>
<value>0</value>
<value>2</value>
<iter>
<var name="${i}">0</var>
<kw name="Sleep" library="BuiltIn">
<arg>1</arg>
<doc>Pauses the test executed for the given time.</doc>
<msg timestamp="20220703 23:53:49.404" level="INFO">Slept 1 second</msg>
<status status="PASS" starttime="20220703 23:53:48.394" endtime="20220703 23:53:49.404"/>
</kw>
<for flavor="IN RANGE">
<var>${counter}</var>
<value>0</value>
<value>20</value>
<iter>
<var name="${counter}">0</var>
<kw name="Sleep" library="BuiltIn">
<arg>1</arg>
<doc>Pauses the test executed for the given time.</doc>
<msg timestamp="20220703 23:53:50.415" level="INFO">Slept 1 second</msg>
<status status="PASS" starttime="20220703 23:53:49.404" endtime="20220703 23:53:50.415"/>
</kw>
<kw name="Execute Javascript" library="SeleniumLibrary">
<arg>window.scrollTo(0,${counter}*500)</arg>
<doc>Executes the given JavaScript code with possible arguments.</doc>
<msg timestamp="20220703 23:53:50.416" level="INFO">Executing JavaScript:
window.scrollTo(0,0*500)
Without any arguments.</msg>
<status status="PASS" starttime="20220703 23:53:50.415" endtime="20220703 23:53:50.422"/>
</kw>
<kw name="Sleep" library="BuiltIn">
<arg>1</arg>
<doc>Pauses the test executed for the given time.</doc>
<msg timestamp="20220703 23:53:51.425" level="INFO">Slept 1 second</msg>
<status status="PASS" starttime="20220703 23:53:50.422" endtime="20220703 23:53:51.425"/>
</kw>
<kw name="Run Keyword And Return Status" library="BuiltIn">
<var>${status}</var>
<arg>Page Should Contain Element</arg>
<arg>${NEXT PAGE BUTTON LAZADA}</arg>
<arg>loglevel=NONE</arg>
<doc>Runs the given keyword with given arguments and returns the status as a Boolean value.</doc>
<kw name="Page Should Contain Element" library="SeleniumLibrary">
<arg>${NEXT PAGE BUTTON LAZADA}</arg>
<arg>loglevel=NONE</arg>
<doc>Verifies that element ``locator`` is found on the current page.</doc>
<msg timestamp="20220703 23:53:51.434" level="INFO">Current page contains element 'xpath=//*[@id="root"]/div/div[3]/div[1]/div/div[1]/div[4]/div/ul/li[9]/button'.</msg>
<status status="PASS" starttime="20220703 23:53:51.425" endtime="20220703 23:53:51.434"/>
</kw>
<msg timestamp="20220703 23:53:51.434" level="INFO">${status} = True</msg>
<status status="PASS" starttime="20220703 23:53:51.425" endtime="20220703 23:53:51.434"/>
</kw>
<kw name="Run Keyword If" library="BuiltIn">
<arg>${status}</arg>
<arg>Exit For Loop</arg>
<doc>Runs the given keyword with the given arguments, if ``condition`` is true.</doc>
<kw name="Exit For Loop" library="BuiltIn">
<doc>Stops executing the enclosing FOR loop.</doc>
<msg timestamp="20220703 23:53:51.435" level="INFO">Exiting for loop altogether.</msg>
<status status="PASS" starttime="20220703 23:53:51.435" endtime="20220703 23:53:51.435"/>
</kw>
<status status="PASS" starttime="20220703 23:53:51.434" endtime="20220703 23:53:51.435"/>
</kw>
<kw name="Set Variable" library="BuiltIn">
<var>${counter}</var>
<arg>${counter}+1</arg>
<doc>Returns the given values which can then be assigned to a variables.</doc>
<status status="NOT RUN" starttime="20220703 23:53:51.435" endtime="20220703 23:53:51.435"/>
</kw>
<status status="PASS" starttime="20220703 23:53:49.404" endtime="20220703 23:53:51.435"/>
</iter>
<status status="PASS" starttime="20220703 23:53:49.404" endtime="20220703 23:53:51.435"/>
</for>
<kw name="Sleep" library="BuiltIn">
<arg>1</arg>
<doc>Pauses the test executed for the given time.</doc>
<msg timestamp="20220703 23:53:52.438" level="INFO">Slept 1 second</msg>
<status status="PASS" starttime="20220703 23:53:51.436" endtime="20220703 23:53:52.438"/>
</kw>
<kw name="Get Text" library="SeleniumLibrary">
<var>${PRODUCTS 1 NAME LAZADA}</var>
<arg>${PRODUCTS 1 GROUP 1 LAZADA}</arg>
<doc>Returns the text value of the element identified by ``locator``.</doc>
<msg timestamp="20220703 23:53:52.721" level="INFO">${PRODUCTS 1 NAME LAZADA} = XIAOMI Redmi 10A 3/32GB
Rp1.499.000
Kota Jakarta Barat
Xiaomi Redmi Note 10S (8GB+128GB) Helio G95 64MP Quad Kamera Layar 6.43 inc Super AMOLED 5000mAh
Rp2.748.000
Rp3.299.000
-17%
(1854)
Kab. Sidoarj...</msg>
<status status="PASS" starttime="20220703 23:53:52.438" endtime="20220703 23:53:52.722"/>
</kw>
<kw name="Log To Console" library="BuiltIn">
<arg>${PRODUCTS 1 NAME LAZADA}</arg>
<doc>Logs the given message to the console.</doc>
<status status="PASS" starttime="20220703 23:53:52.722" endtime="20220703 23:53:52.722"/>
</kw>
<kw name="Sleep" library="BuiltIn">
<arg>1</arg>
<doc>Pauses the test executed for the given time.</doc>
<msg timestamp="20220703 23:53:53.736" level="INFO">Slept 1 second</msg>
<status status="PASS" starttime="20220703 23:53:52.723" endtime="20220703 23:53:53.736"/>
</kw>
<kw name="Click Element" library="SeleniumLibrary">
<arg>${NEXT PAGE BUTTON LAZADA}</arg>
<doc>Click the element identified by ``locator``.</doc>
<msg timestamp="20220703 23:53:53.736" level="INFO">Clicking element 'xpath=//*[@id="root"]/div/div[3]/div[1]/div/div[1]/div[4]/div/ul/li[9]/button'.</msg>
<status status="PASS" starttime="20220703 23:53:53.736" endtime="20220703 23:53:54.609"/>
</kw>
<kw name="Set Variable" library="BuiltIn">
<var>${i}</var>
<arg>${i}+1</arg>
<doc>Returns the given values which can then be assigned to a variables.</doc>
<msg timestamp="20220703 23:53:54.609" level="INFO">${i} = 0+1</msg>
<status status="PASS" starttime="20220703 23:53:54.609" endtime="20220703 23:53:54.609"/>
</kw>
<status status="PASS" starttime="20220703 23:53:48.394" endtime="20220703 23:53:54.609"/>
</iter>
<iter>
<var name="${i}">1</var>
<kw name="Sleep" library="BuiltIn">
<arg>1</arg>
<doc>Pauses the test executed for the given time.</doc>
<msg timestamp="20220703 23:53:55.620" level="INFO">Slept 1 second</msg>
<status status="PASS" starttime="20220703 23:53:54.609" endtime="20220703 23:53:55.620"/>
</kw>
<for flavor="IN RANGE">
<var>${counter}</var>
<value>0</value>
<value>20</value>
<iter>
<var name="${counter}">0</var>
<kw name="Sleep" library="BuiltIn">
<arg>1</arg>
<doc>Pauses the test executed for the given time.</doc>
<msg timestamp="20220703 23:53:56.629" level="INFO">Slept 1 second</msg>
<status status="PASS" starttime="20220703 23:53:55.620" endtime="20220703 23:53:56.629"/>
</kw>
<kw name="Execute Javascript" library="SeleniumLibrary">
<arg>window.scrollTo(0,${counter}*500)</arg>
<doc>Executes the given JavaScript code with possible arguments.</doc>
<msg timestamp="20220703 23:53:56.629" level="INFO">Executing JavaScript:
window.scrollTo(0,0*500)
Without any arguments.</msg>
<status status="PASS" starttime="20220703 23:53:56.629" endtime="20220703 23:53:56.632"/>
</kw>
<kw name="Sleep" library="BuiltIn">
<arg>1</arg>
<doc>Pauses the test executed for the given time.</doc>
<msg timestamp="20220703 23:53:57.643" level="INFO">Slept 1 second</msg>
<status status="PASS" starttime="20220703 23:53:56.632" endtime="20220703 23:53:57.643"/>
</kw>
<kw name="Run Keyword And Return Status" library="BuiltIn">
<var>${status}</var>
<arg>Page Should Contain Element</arg>
<arg>${NEXT PAGE BUTTON LAZADA}</arg>
<arg>loglevel=NONE</arg>
<doc>Runs the given keyword with given arguments and returns the status as a Boolean value.</doc>
<kw name="Page Should Contain Element" library="SeleniumLibrary">
<arg>${NEXT PAGE BUTTON LAZADA}</arg>
<arg>loglevel=NONE</arg>
<doc>Verifies that element ``locator`` is found on the current page.</doc>
<msg timestamp="20220703 23:53:57.649" level="INFO">Current page contains element 'xpath=//*[@id="root"]/div/div[3]/div[1]/div/div[1]/div[4]/div/ul/li[9]/button'.</msg>
<status status="PASS" starttime="20220703 23:53:57.643" endtime="20220703 23:53:57.649"/>
</kw>
<msg timestamp="20220703 23:53:57.649" level="INFO">${status} = True</msg>
<status status="PASS" starttime="20220703 23:53:57.643" endtime="20220703 23:53:57.649"/>
</kw>
<kw name="Run Keyword If" library="BuiltIn">
<arg>${status}</arg>
<arg>Exit For Loop</arg>
<doc>Runs the given keyword with the given arguments, if ``condition`` is true.</doc>
<kw name="Exit For Loop" library="BuiltIn">
<doc>Stops executing the enclosing FOR loop.</doc>
<msg timestamp="20220703 23:53:57.650" level="INFO">Exiting for loop altogether.</msg>
<status status="PASS" starttime="20220703 23:53:57.650" endtime="20220703 23:53:57.650"/>
</kw>
<status status="PASS" starttime="20220703 23:53:57.650" endtime="20220703 23:53:57.650"/>
</kw>
<kw name="Set Variable" library="BuiltIn">
<var>${counter}</var>
<arg>${counter}+1</arg>
<doc>Returns the given values which can then be assigned to a variables.</doc>
<status status="NOT RUN" starttime="20220703 23:53:57.650" endtime="20220703 23:53:57.650"/>
</kw>
<status status="PASS" starttime="20220703 23:53:55.620" endtime="20220703 23:53:57.651"/>
</iter>
<status status="PASS" starttime="20220703 23:53:55.620" endtime="20220703 23:53:57.651"/>
</for>
<kw name="Sleep" library="BuiltIn">
<arg>1</arg>
<doc>Pauses the test executed for the given time.</doc>
<msg timestamp="20220703 23:53:58.657" level="INFO">Slept 1 second</msg>
<status status="PASS" starttime="20220703 23:53:57.651" endtime="20220703 23:53:58.657"/>
</kw>
<kw name="Get Text" library="SeleniumLibrary">
<var>${PRODUCTS 1 NAME LAZADA}</var>
<arg>${PRODUCTS 1 GROUP 1 LAZADA}</arg>
<doc>Returns the text value of the element identified by ``locator``.</doc>
<msg timestamp="20220703 23:53:58.919" level="INFO">${PRODUCTS 1 NAME LAZADA} = Xiaomi Pad 5 6GB + 256GB Garansi Resmi Xiaomi Indonesia
Rp4.989.000
Rp6.199.000
-20%
(1)
Kota Jakarta Utara
xiaomi redmi 9A ram 3/32 2/32 garansi resmi
Rp1.225.000
Rp1.345.000
-9%
(1)
Kab. Tasikmalaya...</msg>
<status status="PASS" starttime="20220703 23:53:58.657" endtime="20220703 23:53:58.919"/>
</kw>
<kw name="Log To Console" library="BuiltIn">
<arg>${PRODUCTS 1 NAME LAZADA}</arg>
<doc>Logs the given message to the console.</doc>
<status status="PASS" starttime="20220703 23:53:58.919" endtime="20220703 23:53:58.927"/>
</kw>
<kw name="Sleep" library="BuiltIn">
<arg>1</arg>
<doc>Pauses the test executed for the given time.</doc>
<msg timestamp="20220703 23:53:59.941" level="INFO">Slept 1 second</msg>
<status status="PASS" starttime="20220703 23:53:58.927" endtime="20220703 23:53:59.941"/>
</kw>
<kw name="Click Element" library="SeleniumLibrary">
<arg>${NEXT PAGE BUTTON LAZADA}</arg>
<doc>Click the element identified by ``locator``.</doc>
<msg timestamp="20220703 23:53:59.941" level="INFO">Clicking element 'xpath=//*[@id="root"]/div/div[3]/div[1]/div/div[1]/div[4]/div/ul/li[9]/button'.</msg>
<status status="PASS" starttime="20220703 23:53:59.941" endtime="20220703 23:54:00.038"/>
</kw>
<kw name="Set Variable" library="BuiltIn">
<var>${i}</var>
<arg>${i}+1</arg>
<doc>Returns the given values which can then be assigned to a variables.</doc>
<msg timestamp="20220703 23:54:00.038" level="INFO">${i} = 1+1</msg>
<status status="PASS" starttime="20220703 23:54:00.038" endtime="20220703 23:54:00.038"/>
</kw>
<status status="PASS" starttime="20220703 23:53:54.609" endtime="20220703 23:54:00.038"/>
</iter>
<status status="PASS" starttime="20220703 23:53:48.384" endtime="20220703 23:54:00.038"/>
</for>
<status status="PASS" starttime="20220703 23:53:48.384" endtime="20220703 23:54:00.038"/>
</kw>
<status status="PASS" starttime="20220703 23:53:48.383" endtime="20220703 23:54:00.038"/>
</test>
<test id="s1-t4" name="LAZADA Close Browser" line="22">
<kw name="Close Browser" library="SeleniumLibrary">
<doc>Closes the current browser.</doc>
<status status="PASS" starttime="20220703 23:54:00.039" endtime="20220703 23:54:02.250"/>
</kw>
<status status="PASS" starttime="20220703 23:54:00.039" endtime="20220703 23:54:02.250"/>
</test>
<doc>This test suite to test functionality survey, each type survey have 1 survey</doc>
<status status="PASS" starttime="20220703 23:53:18.199" endtime="20220703 23:54:02.251"/>
</suite>
<statistics>
<total>
<stat pass="4" fail="0" skip="0">All Tests</stat>
</total>
<tag>
</tag>
<suite>
<stat pass="4" fail="0" skip="0" id="s1" name="caseLazada">caseLazada</stat>
</suite>
</statistics>
<errors>
</errors>
</robot>
