<?xml version="1.0" encoding="UTF-8"?>
<robot generator="Robot 5.0.1 (Python 3.7.0 on win32)" generated="20220810 01:05:01.661" rpa="false" schemaversion="3">
<suite id="s1" name="BlibliFashion" source="E:\Programs\Informatics\Github\robotframework-ecommerce\Tests\TestCases\Blibli\BlibliFashion.robot">
<test id="s1-t1" name="BLIBLI Sort by Relevance" line="11">
<kw name="Open Website Blibli" library="stepBlibli">
<kw name="Open Browser" library="SeleniumLibrary">
<arg>@{URL BLIBLI}</arg>
<arg>options=add_argument("--disable-blink-features=AutomationControlled")</arg>
<doc>Opens a new browser instance to the optional ``url``.</doc>
<msg timestamp="20220810 01:05:01.888" level="INFO">Opening browser 'chrome' to base url 'https://www.blibli.com/'.</msg>
<status status="PASS" starttime="20220810 01:05:01.887" endtime="20220810 01:05:05.222"/>
</kw>
<kw name="Sleep" library="BuiltIn">
<arg>2</arg>
<doc>Pauses the test executed for the given time.</doc>
<msg timestamp="20220810 01:05:07.233" level="INFO">Slept 2 seconds</msg>
<status status="PASS" starttime="20220810 01:05:05.222" endtime="20220810 01:05:07.233"/>
</kw>
<kw name="Maximize Browser Window" library="SeleniumLibrary">
<doc>Maximizes current browser window.</doc>
<status status="PASS" starttime="20220810 01:05:07.233" endtime="20220810 01:05:07.467"/>
</kw>
<kw name="Sleep" library="BuiltIn">
<arg>2</arg>
<doc>Pauses the test executed for the given time.</doc>
<msg timestamp="20220810 01:05:09.481" level="INFO">Slept 2 seconds</msg>
<status status="PASS" starttime="20220810 01:05:07.467" endtime="20220810 01:05:09.481"/>
</kw>
<status status="PASS" starttime="20220810 01:05:01.887" endtime="20220810 01:05:09.481"/>
</kw>
<kw name="Close Pop Up Blibli" library="stepBlibli">
<kw name="Sleep" library="BuiltIn">
<arg>3</arg>
<doc>Pauses the test executed for the given time.</doc>
<msg timestamp="20220810 01:05:12.484" level="INFO">Slept 3 seconds</msg>
<status status="PASS" starttime="20220810 01:05:09.482" endtime="20220810 01:05:12.484"/>
</kw>
<kw name="Click Element At Coordinates" library="SeleniumLibrary">
<arg>${CLOSE POP UP BUTTON BLIBLI}</arg>
<arg>${X COORDINATES CLOSE BLIBLI}</arg>
<arg>${Y COORDINATES CLOSE BLIBLI}</arg>
<doc>Click the element ``locator`` at ``xoffset/yoffset``.</doc>
<msg timestamp="20220810 01:05:12.484" level="INFO">Clicking element 'xpath=//*[@id="blibliApp"]' at coordinates x=500, y=100.</msg>
<status status="PASS" starttime="20220810 01:05:12.484" endtime="20220810 01:05:13.062"/>
</kw>
<kw name="Sleep" library="BuiltIn">
<arg>1</arg>
<doc>Pauses the test executed for the given time.</doc>
<msg timestamp="20220810 01:05:14.063" level="INFO">Slept 1 second</msg>
<status status="PASS" starttime="20220810 01:05:13.062" endtime="20220810 01:05:14.063"/>
</kw>
<kw name="Click Element" library="SeleniumLibrary">
<arg>${CLOSE POP UP BUTTON PRICE BLIBLI}</arg>
<doc>Click the element identified by ``locator``.</doc>
<msg timestamp="20220810 01:05:14.063" level="INFO">Clicking element 'xpath=//button[@class='ticker__close b-order-right']'.</msg>
<status status="PASS" starttime="20220810 01:05:14.063" endtime="20220810 01:05:14.102"/>
</kw>
<kw name="Sleep" library="BuiltIn">
<arg>1</arg>
<doc>Pauses the test executed for the given time.</doc>
<msg timestamp="20220810 01:05:15.109" level="INFO">Slept 1 second</msg>
<status status="PASS" starttime="20220810 01:05:14.102" endtime="20220810 01:05:15.109"/>
</kw>
<status status="PASS" starttime="20220810 01:05:09.481" endtime="20220810 01:05:15.109"/>
</kw>
<kw name="Click Search Box Blibli" library="stepBlibli">
<kw name="Sleep" library="BuiltIn">
<arg>1</arg>
<doc>Pauses the test executed for the given time.</doc>
<msg timestamp="20220810 01:05:16.123" level="INFO">Slept 1 second</msg>
<status status="PASS" starttime="20220810 01:05:15.109" endtime="20220810 01:05:16.123"/>
</kw>
<kw name="Click Element" library="SeleniumLibrary">
<arg>${SEARCH BOX BLIBLI}</arg>
<doc>Click the element identified by ``locator``.</doc>
<msg timestamp="20220810 01:05:16.123" level="INFO">Clicking element 'xpath=//*[@id="blibliApp"]/div/header/div[2]/div[2]/div/div[1]/input'.</msg>
<status status="PASS" starttime="20220810 01:05:16.123" endtime="20220810 01:05:16.166"/>
</kw>
<kw name="Sleep" library="BuiltIn">
<arg>3</arg>
<doc>Pauses the test executed for the given time.</doc>
<msg timestamp="20220810 01:05:19.168" level="INFO">Slept 3 seconds</msg>
<status status="PASS" starttime="20220810 01:05:16.166" endtime="20220810 01:05:19.168"/>
</kw>
<status status="PASS" starttime="20220810 01:05:15.109" endtime="20220810 01:05:19.168"/>
</kw>
<kw name="Type Item 2 Name Blibli" library="stepBlibli">
<kw name="Input Text" library="SeleniumLibrary">
<arg>@{ITEM 2 NAME BLIBLI}</arg>
<doc>Types the given ``text`` into the text field identified by ``locator``.</doc>
<msg timestamp="20220810 01:05:19.169" level="INFO">Typing text 'sweater rajut' into text field 'xpath=//*[@id="blibliApp"]/div/header/div[2]/div[2]/div/div[1]/input'.</msg>
<status status="PASS" starttime="20220810 01:05:19.168" endtime="20220810 01:05:19.217"/>
</kw>
<kw name="Sleep" library="BuiltIn">
<arg>3</arg>
<doc>Pauses the test executed for the given time.</doc>
<msg timestamp="20220810 01:05:22.223" level="INFO">Slept 3 seconds</msg>
<status status="PASS" starttime="20220810 01:05:19.217" endtime="20220810 01:05:22.223"/>
</kw>
<status status="PASS" starttime="20220810 01:05:19.168" endtime="20220810 01:05:22.223"/>
</kw>
<kw name="Hit Submit Button Blibli" library="stepBlibli">
<kw name="Click Element" library="SeleniumLibrary">
<arg>${SEARCH BUTTON BLIBLI}</arg>
<doc>Click the element identified by ``locator``.</doc>
<msg timestamp="20220810 01:05:22.224" level="INFO">Clicking element 'xpath=//*[@id="blibliApp"]/div/header/div[2]/div[2]/div/div[1]/div[2]/button'.</msg>
<status status="PASS" starttime="20220810 01:05:22.223" endtime="20220810 01:05:22.339"/>
</kw>
<kw name="Sleep" library="BuiltIn">
<arg>3</arg>
<doc>Pauses the test executed for the given time.</doc>
<msg timestamp="20220810 01:05:25.349" level="INFO">Slept 3 seconds</msg>
<status status="PASS" starttime="20220810 01:05:22.339" endtime="20220810 01:05:25.349"/>
</kw>
<status status="PASS" starttime="20220810 01:05:22.223" endtime="20220810 01:05:25.349"/>
</kw>
<kw name="Get Product Name with Sort by Relevance Page 1 Blibli" library="stepBlibli">
<kw name="Get All Product Name Blibli" library="stepBlibli">
<arg>${NEXT PAGE BUTTON BLIBLI}</arg>
<arg>${DISPLAYED PRODUCTS BLIBLI}</arg>
<kw name="Sleep" library="BuiltIn">
<arg>1</arg>
<doc>Pauses the test executed for the given time.</doc>
<msg timestamp="20220810 01:05:26.350" level="INFO">Slept 1 second</msg>
<status status="PASS" starttime="20220810 01:05:25.350" endtime="20220810 01:05:26.350"/>
</kw>
<for flavor="IN RANGE">
<var>${counter}</var>
<value>0</value>
<value>4</value>
<iter>
<var name="${counter}">0</var>
<kw name="Sleep" library="BuiltIn">
<arg>1</arg>
<doc>Pauses the test executed for the given time.</doc>
<msg timestamp="20220810 01:05:27.359" level="INFO">Slept 1 second</msg>
<status status="PASS" starttime="20220810 01:05:26.350" endtime="20220810 01:05:27.359"/>
</kw>
<kw name="Execute Javascript" library="SeleniumLibrary">
<arg>window.scroll(0,${counter}125)</arg>
<doc>Executes the given JavaScript code with possible arguments.</doc>
<msg timestamp="20220810 01:05:27.360" level="INFO">Executing JavaScript:
window.scroll(0,0125)
Without any arguments.</msg>
<status status="PASS" starttime="20220810 01:05:27.359" endtime="20220810 01:05:27.385"/>
</kw>
<kw name="Sleep" library="BuiltIn">
<arg>1</arg>
<doc>Pauses the test executed for the given time.</doc>
<msg timestamp="20220810 01:05:28.400" level="INFO">Slept 1 second</msg>
<status status="PASS" starttime="20220810 01:05:27.385" endtime="20220810 01:05:28.400"/>
</kw>
<kw name="Run Keyword And Return Status" library="BuiltIn">
<var>${status}</var>
<arg>Page Should Contain Button</arg>
<arg>${next button locator}</arg>
<arg>loglevel=NONE</arg>
<doc>Runs the given keyword with given arguments and returns the status as a Boolean value.</doc>
<kw name="Page Should Contain Button" library="SeleniumLibrary">
<arg>${next button locator}</arg>
<arg>loglevel=NONE</arg>
<doc>Verifies button ``locator`` is found from current page.</doc>
<msg timestamp="20220810 01:05:29.008" level="INFO" html="true">&lt;/td&gt;&lt;/tr&gt;&lt;tr&gt;&lt;td colspan="3"&gt;&lt;a href="selenium-screenshot-76.png"&gt;&lt;img src="selenium-screenshot-76.png" width="800px"&gt;&lt;/a&gt;</msg>
<msg timestamp="20220810 01:05:29.009" level="FAIL">Page should have contained button 'xpath=//a[@class='blu-paging__next']' but did not.</msg>
<status status="FAIL" starttime="20220810 01:05:28.400" endtime="20220810 01:05:29.010"/>
</kw>
<msg timestamp="20220810 01:05:29.010" level="INFO">${status} = False</msg>
<status status="PASS" starttime="20220810 01:05:28.400" endtime="20220810 01:05:29.010"/>
</kw>
<kw name="Sleep" library="BuiltIn">
<arg>1</arg>
<doc>Pauses the test executed for the given time.</doc>
<msg timestamp="20220810 01:05:30.020" level="INFO">Slept 1 second</msg>
<status status="PASS" starttime="20220810 01:05:29.010" endtime="20220810 01:05:30.020"/>
</kw>
<kw name="Run Keyword If" library="BuiltIn">
<arg>${status}</arg>
<arg>Exit For Loop</arg>
<doc>Runs the given keyword with the given arguments, if ``condition`` is true.</doc>
<status status="PASS" starttime="20220810 01:05:30.020" endtime="20220810 01:05:30.020"/>
</kw>
<kw name="Set Variable" library="BuiltIn">
<var>${counter}</var>
<arg>${counter}+1</arg>
<doc>Returns the given values which can then be assigned to a variables.</doc>
<msg timestamp="20220810 01:05:30.021" level="INFO">${counter} = 0+1</msg>
<status status="PASS" starttime="20220810 01:05:30.020" endtime="20220810 01:05:30.021"/>
</kw>
<status status="PASS" starttime="20220810 01:05:26.350" endtime="20220810 01:05:30.021"/>
</iter>
<iter>
<var name="${counter}">1</var>
<kw name="Sleep" library="BuiltIn">
<arg>1</arg>
<doc>Pauses the test executed for the given time.</doc>
<msg timestamp="20220810 01:05:31.023" level="INFO">Slept 1 second</msg>
<status status="PASS" starttime="20220810 01:05:30.021" endtime="20220810 01:05:31.023"/>
</kw>
<kw name="Execute Javascript" library="SeleniumLibrary">
<arg>window.scroll(0,${counter}125)</arg>
<doc>Executes the given JavaScript code with possible arguments.</doc>
<msg timestamp="20220810 01:05:31.023" level="INFO">Executing JavaScript:
window.scroll(0,1125)
Without any arguments.</msg>
<status status="PASS" starttime="20220810 01:05:31.023" endtime="20220810 01:05:31.028"/>
</kw>
<kw name="Sleep" library="BuiltIn">
<arg>1</arg>
<doc>Pauses the test executed for the given time.</doc>
<msg timestamp="20220810 01:05:32.035" level="INFO">Slept 1 second</msg>
<status status="PASS" starttime="20220810 01:05:31.029" endtime="20220810 01:05:32.035"/>
</kw>
<kw name="Run Keyword And Return Status" library="BuiltIn">
<var>${status}</var>
<arg>Page Should Contain Button</arg>
<arg>${next button locator}</arg>
<arg>loglevel=NONE</arg>
<doc>Runs the given keyword with given arguments and returns the status as a Boolean value.</doc>
<kw name="Page Should Contain Button" library="SeleniumLibrary">
<arg>${next button locator}</arg>
<arg>loglevel=NONE</arg>
<doc>Verifies button ``locator`` is found from current page.</doc>
<msg timestamp="20220810 01:05:32.656" level="INFO" html="true">&lt;/td&gt;&lt;/tr&gt;&lt;tr&gt;&lt;td colspan="3"&gt;&lt;a href="selenium-screenshot-77.png"&gt;&lt;img src="selenium-screenshot-77.png" width="800px"&gt;&lt;/a&gt;</msg>
<msg timestamp="20220810 01:05:32.656" level="FAIL">Page should have contained button 'xpath=//a[@class='blu-paging__next']' but did not.</msg>
<status status="FAIL" starttime="20220810 01:05:32.035" endtime="20220810 01:05:32.657"/>
</kw>
<msg timestamp="20220810 01:05:32.657" level="INFO">${status} = False</msg>
<status status="PASS" starttime="20220810 01:05:32.035" endtime="20220810 01:05:32.657"/>
</kw>
<kw name="Sleep" library="BuiltIn">
<arg>1</arg>
<doc>Pauses the test executed for the given time.</doc>
<msg timestamp="20220810 01:05:33.663" level="INFO">Slept 1 second</msg>
<status status="PASS" starttime="20220810 01:05:32.657" endtime="20220810 01:05:33.663"/>
</kw>
<kw name="Run Keyword If" library="BuiltIn">
<arg>${status}</arg>
<arg>Exit For Loop</arg>
<doc>Runs the given keyword with the given arguments, if ``condition`` is true.</doc>
<status status="PASS" starttime="20220810 01:05:33.663" endtime="20220810 01:05:33.664"/>
</kw>
<kw name="Set Variable" library="BuiltIn">
<var>${counter}</var>
<arg>${counter}+1</arg>
<doc>Returns the given values which can then be assigned to a variables.</doc>
<msg timestamp="20220810 01:05:33.664" level="INFO">${counter} = 1+1</msg>
<status status="PASS" starttime="20220810 01:05:33.664" endtime="20220810 01:05:33.664"/>
</kw>
<status status="PASS" starttime="20220810 01:05:30.021" endtime="20220810 01:05:33.664"/>
</iter>
<iter>
<var name="${counter}">2</var>
<kw name="Sleep" library="BuiltIn">
<arg>1</arg>
<doc>Pauses the test executed for the given time.</doc>
<msg timestamp="20220810 01:05:34.680" level="INFO">Slept 1 second</msg>
<status status="PASS" starttime="20220810 01:05:33.665" endtime="20220810 01:05:34.680"/>
</kw>
<kw name="Execute Javascript" library="SeleniumLibrary">
<arg>window.scroll(0,${counter}125)</arg>
<doc>Executes the given JavaScript code with possible arguments.</doc>
<msg timestamp="20220810 01:05:34.681" level="INFO">Executing JavaScript:
window.scroll(0,2125)
Without any arguments.</msg>
<status status="PASS" starttime="20220810 01:05:34.680" endtime="20220810 01:05:34.687"/>
</kw>
<kw name="Sleep" library="BuiltIn">
<arg>1</arg>
<doc>Pauses the test executed for the given time.</doc>
<msg timestamp="20220810 01:05:35.694" level="INFO">Slept 1 second</msg>
<status status="PASS" starttime="20220810 01:05:34.687" endtime="20220810 01:05:35.694"/>
</kw>
<kw name="Run Keyword And Return Status" library="BuiltIn">
<var>${status}</var>
<arg>Page Should Contain Button</arg>
<arg>${next button locator}</arg>
<arg>loglevel=NONE</arg>
<doc>Runs the given keyword with given arguments and returns the status as a Boolean value.</doc>
<kw name="Page Should Contain Button" library="SeleniumLibrary">
<arg>${next button locator}</arg>
<arg>loglevel=NONE</arg>
<doc>Verifies button ``locator`` is found from current page.</doc>
<msg timestamp="20220810 01:05:36.319" level="INFO" html="true">&lt;/td&gt;&lt;/tr&gt;&lt;tr&gt;&lt;td colspan="3"&gt;&lt;a href="selenium-screenshot-78.png"&gt;&lt;img src="selenium-screenshot-78.png" width="800px"&gt;&lt;/a&gt;</msg>
<msg timestamp="20220810 01:05:36.320" level="FAIL">Page should have contained button 'xpath=//a[@class='blu-paging__next']' but did not.</msg>
<status status="FAIL" starttime="20220810 01:05:35.694" endtime="20220810 01:05:36.320"/>
</kw>
<msg timestamp="20220810 01:05:36.320" level="INFO">${status} = False</msg>
<status status="PASS" starttime="20220810 01:05:35.694" endtime="20220810 01:05:36.320"/>
</kw>
<kw name="Sleep" library="BuiltIn">
<arg>1</arg>
<doc>Pauses the test executed for the given time.</doc>
<msg timestamp="20220810 01:05:37.328" level="INFO">Slept 1 second</msg>
<status status="PASS" starttime="20220810 01:05:36.320" endtime="20220810 01:05:37.328"/>
</kw>
<kw name="Run Keyword If" library="BuiltIn">
<arg>${status}</arg>
<arg>Exit For Loop</arg>
<doc>Runs the given keyword with the given arguments, if ``condition`` is true.</doc>
<status status="PASS" starttime="20220810 01:05:37.328" endtime="20220810 01:05:37.328"/>
</kw>
<kw name="Set Variable" library="BuiltIn">
<var>${counter}</var>
<arg>${counter}+1</arg>
<doc>Returns the given values which can then be assigned to a variables.</doc>
<msg timestamp="20220810 01:05:37.328" level="INFO">${counter} = 2+1</msg>
<status status="PASS" starttime="20220810 01:05:37.328" endtime="20220810 01:05:37.328"/>
</kw>
<status status="PASS" starttime="20220810 01:05:33.664" endtime="20220810 01:05:37.328"/>
</iter>
<iter>
<var name="${counter}">3</var>
<kw name="Sleep" library="BuiltIn">
<arg>1</arg>
<doc>Pauses the test executed for the given time.</doc>
<msg timestamp="20220810 01:05:38.343" level="INFO">Slept 1 second</msg>
<status status="PASS" starttime="20220810 01:05:37.329" endtime="20220810 01:05:38.343"/>
</kw>
<kw name="Execute Javascript" library="SeleniumLibrary">
<arg>window.scroll(0,${counter}125)</arg>
<doc>Executes the given JavaScript code with possible arguments.</doc>
<msg timestamp="20220810 01:05:38.343" level="INFO">Executing JavaScript:
window.scroll(0,3125)
Without any arguments.</msg>
<status status="PASS" starttime="20220810 01:05:38.343" endtime="20220810 01:05:38.347"/>
</kw>
<kw name="Sleep" library="BuiltIn">
<arg>1</arg>
<doc>Pauses the test executed for the given time.</doc>
<msg timestamp="20220810 01:05:39.360" level="INFO">Slept 1 second</msg>
<status status="PASS" starttime="20220810 01:05:38.347" endtime="20220810 01:05:39.360"/>
</kw>
<kw name="Run Keyword And Return Status" library="BuiltIn">
<var>${status}</var>
<arg>Page Should Contain Button</arg>
<arg>${next button locator}</arg>
<arg>loglevel=NONE</arg>
<doc>Runs the given keyword with given arguments and returns the status as a Boolean value.</doc>
<kw name="Page Should Contain Button" library="SeleniumLibrary">
<arg>${next button locator}</arg>
<arg>loglevel=NONE</arg>
<doc>Verifies button ``locator`` is found from current page.</doc>
<msg timestamp="20220810 01:05:39.841" level="INFO" html="true">&lt;/td&gt;&lt;/tr&gt;&lt;tr&gt;&lt;td colspan="3"&gt;&lt;a href="selenium-screenshot-79.png"&gt;&lt;img src="selenium-screenshot-79.png" width="800px"&gt;&lt;/a&gt;</msg>
<msg timestamp="20220810 01:05:39.841" level="FAIL">Page should have contained button 'xpath=//a[@class='blu-paging__next']' but did not.</msg>
<status status="FAIL" starttime="20220810 01:05:39.360" endtime="20220810 01:05:39.841"/>
</kw>
<msg timestamp="20220810 01:05:39.841" level="INFO">${status} = False</msg>
<status status="PASS" starttime="20220810 01:05:39.360" endtime="20220810 01:05:39.841"/>
</kw>
<kw name="Sleep" library="BuiltIn">
<arg>1</arg>
<doc>Pauses the test executed for the given time.</doc>
<msg timestamp="20220810 01:05:40.857" level="INFO">Slept 1 second</msg>
<status status="PASS" starttime="20220810 01:05:39.842" endtime="20220810 01:05:40.857"/>
</kw>
<kw name="Run Keyword If" library="BuiltIn">
<arg>${status}</arg>
<arg>Exit For Loop</arg>
<doc>Runs the given keyword with the given arguments, if ``condition`` is true.</doc>
<status status="PASS" starttime="20220810 01:05:40.857" endtime="20220810 01:05:40.857"/>
</kw>
<kw name="Set Variable" library="BuiltIn">
<var>${counter}</var>
<arg>${counter}+1</arg>
<doc>Returns the given values which can then be assigned to a variables.</doc>
<msg timestamp="20220810 01:05:40.857" level="INFO">${counter} = 3+1</msg>
<status status="PASS" starttime="20220810 01:05:40.857" endtime="20220810 01:05:40.857"/>
</kw>
<status status="PASS" starttime="20220810 01:05:37.329" endtime="20220810 01:05:40.858"/>
</iter>
<status status="PASS" starttime="20220810 01:05:26.350" endtime="20220810 01:05:40.858"/>
</for>
<kw name="Sleep" library="BuiltIn">
<arg>2</arg>
<doc>Pauses the test executed for the given time.</doc>
<msg timestamp="20220810 01:05:42.869" level="INFO">Slept 2 seconds</msg>
<status status="PASS" starttime="20220810 01:05:40.858" endtime="20220810 01:05:42.869"/>
</kw>
<kw name="Get Text" library="SeleniumLibrary">
<var>${product group}</var>
<arg>${product group}</arg>
<doc>Returns the text value of the element identified by ``locator``.</doc>
<msg timestamp="20220810 01:05:43.391" level="INFO">${product group} = FASHION.QU WILLY LILAC KARDIGAN RAJUT PREMIUM CARDIGAN
Rp30.900
Rp59.000
47%
Kota Jakarta Barat
4
Promo hingga 12 Ags 2022
VM Sweater Rajut Polos Basic Hoodie Zipper
Rp85.500
Rp165.000
48%
Kota Jakart...</msg>
<status status="PASS" starttime="20220810 01:05:42.869" endtime="20220810 01:05:43.391"/>
</kw>
<kw name="Log To Console" library="BuiltIn">
<arg>VALID_DATA_BELOW</arg>
<doc>Logs the given message to the console.</doc>
<status status="PASS" starttime="20220810 01:05:43.392" endtime="20220810 01:05:43.392"/>
</kw>
<kw name="Log To Console" library="BuiltIn">
<arg>${product group}</arg>
<doc>Logs the given message to the console.</doc>
<status status="PASS" starttime="20220810 01:05:43.392" endtime="20220810 01:05:43.392"/>
</kw>
<kw name="Log To Console" library="BuiltIn">
<arg>VALID_DATA_ABOVE</arg>
<doc>Logs the given message to the console.</doc>
<status status="PASS" starttime="20220810 01:05:43.393" endtime="20220810 01:05:43.393"/>
</kw>
<kw name="Sleep" library="BuiltIn">
<arg>2</arg>
<doc>Pauses the test executed for the given time.</doc>
<msg timestamp="20220810 01:05:45.393" level="INFO">Slept 2 seconds</msg>
<status status="PASS" starttime="20220810 01:05:43.393" endtime="20220810 01:05:45.393"/>
</kw>
<kw name="Wait Until Element Is Visible" library="SeleniumLibrary">
<arg>${next button locator}</arg>
<doc>Waits until the element ``locator`` is visible.</doc>
<status status="PASS" starttime="20220810 01:05:45.393" endtime="20220810 01:05:45.410"/>
</kw>
<kw name="Click Element" library="SeleniumLibrary">
<arg>${next button locator}</arg>
<doc>Click the element identified by ``locator``.</doc>
<msg timestamp="20220810 01:05:45.411" level="INFO">Clicking element 'xpath=//a[@class='blu-paging__next']'.</msg>
<status status="PASS" starttime="20220810 01:05:45.411" endtime="20220810 01:05:45.667"/>
</kw>
<status status="PASS" starttime="20220810 01:05:25.349" endtime="20220810 01:05:45.667"/>
</kw>
<status status="PASS" starttime="20220810 01:05:25.349" endtime="20220810 01:05:45.667"/>
</kw>
<kw name="Get Product Name with Sort by Relevance Page 2 Blibli" library="stepBlibli">
<kw name="Get All Product Name Blibli" library="stepBlibli">
<arg>${NEXT PAGE BUTTON BLIBLI}</arg>
<arg>${DISPLAYED PRODUCTS BLIBLI}</arg>
<kw name="Sleep" library="BuiltIn">
<arg>1</arg>
<doc>Pauses the test executed for the given time.</doc>
<msg timestamp="20220810 01:05:46.674" level="INFO">Slept 1 second</msg>
<status status="PASS" starttime="20220810 01:05:45.668" endtime="20220810 01:05:46.674"/>
</kw>
<for flavor="IN RANGE">
<var>${counter}</var>
<value>0</value>
<value>4</value>
<iter>
<var name="${counter}">0</var>
<kw name="Sleep" library="BuiltIn">
<arg>1</arg>
<doc>Pauses the test executed for the given time.</doc>
<msg timestamp="20220810 01:05:47.685" level="INFO">Slept 1 second</msg>
<status status="PASS" starttime="20220810 01:05:46.674" endtime="20220810 01:05:47.685"/>
</kw>
<kw name="Execute Javascript" library="SeleniumLibrary">
<arg>window.scroll(0,${counter}125)</arg>
<doc>Executes the given JavaScript code with possible arguments.</doc>
<msg timestamp="20220810 01:05:47.685" level="INFO">Executing JavaScript:
window.scroll(0,0125)
Without any arguments.</msg>
<status status="PASS" starttime="20220810 01:05:47.685" endtime="20220810 01:05:47.697"/>
</kw>
<kw name="Sleep" library="BuiltIn">
<arg>1</arg>
<doc>Pauses the test executed for the given time.</doc>
<msg timestamp="20220810 01:05:48.712" level="INFO">Slept 1 second</msg>
<status status="PASS" starttime="20220810 01:05:47.697" endtime="20220810 01:05:48.712"/>
</kw>
<kw name="Run Keyword And Return Status" library="BuiltIn">
<var>${status}</var>
<arg>Page Should Contain Button</arg>
<arg>${next button locator}</arg>
<arg>loglevel=NONE</arg>
<doc>Runs the given keyword with given arguments and returns the status as a Boolean value.</doc>
<kw name="Page Should Contain Button" library="SeleniumLibrary">
<arg>${next button locator}</arg>
<arg>loglevel=NONE</arg>
<doc>Verifies button ``locator`` is found from current page.</doc>
<msg timestamp="20220810 01:05:49.312" level="INFO" html="true">&lt;/td&gt;&lt;/tr&gt;&lt;tr&gt;&lt;td colspan="3"&gt;&lt;a href="selenium-screenshot-80.png"&gt;&lt;img src="selenium-screenshot-80.png" width="800px"&gt;&lt;/a&gt;</msg>
<msg timestamp="20220810 01:05:49.312" level="FAIL">Page should have contained button 'xpath=//a[@class='blu-paging__next']' but did not.</msg>
<status status="FAIL" starttime="20220810 01:05:48.712" endtime="20220810 01:05:49.313"/>
</kw>
<msg timestamp="20220810 01:05:49.313" level="INFO">${status} = False</msg>
<status status="PASS" starttime="20220810 01:05:48.712" endtime="20220810 01:05:49.313"/>
</kw>
<kw name="Sleep" library="BuiltIn">
<arg>1</arg>
<doc>Pauses the test executed for the given time.</doc>
<msg timestamp="20220810 01:05:50.320" level="INFO">Slept 1 second</msg>
<status status="PASS" starttime="20220810 01:05:49.313" endtime="20220810 01:05:50.320"/>
</kw>
<kw name="Run Keyword If" library="BuiltIn">
<arg>${status}</arg>
<arg>Exit For Loop</arg>
<doc>Runs the given keyword with the given arguments, if ``condition`` is true.</doc>
<status status="PASS" starttime="20220810 01:05:50.320" endtime="20220810 01:05:50.320"/>
</kw>
<kw name="Set Variable" library="BuiltIn">
<var>${counter}</var>
<arg>${counter}+1</arg>
<doc>Returns the given values which can then be assigned to a variables.</doc>
<msg timestamp="20220810 01:05:50.321" level="INFO">${counter} = 0+1</msg>
<status status="PASS" starttime="20220810 01:05:50.320" endtime="20220810 01:05:50.321"/>
</kw>
<status status="PASS" starttime="20220810 01:05:46.674" endtime="20220810 01:05:50.321"/>
</iter>
<iter>
<var name="${counter}">1</var>
<kw name="Sleep" library="BuiltIn">
<arg>1</arg>
<doc>Pauses the test executed for the given time.</doc>
<msg timestamp="20220810 01:05:51.329" level="INFO">Slept 1 second</msg>
<status status="PASS" starttime="20220810 01:05:50.321" endtime="20220810 01:05:51.329"/>
</kw>
<kw name="Execute Javascript" library="SeleniumLibrary">
<arg>window.scroll(0,${counter}125)</arg>
<doc>Executes the given JavaScript code with possible arguments.</doc>
<msg timestamp="20220810 01:05:51.330" level="INFO">Executing JavaScript:
window.scroll(0,1125)
Without any arguments.</msg>
<status status="PASS" starttime="20220810 01:05:51.329" endtime="20220810 01:05:51.334"/>
</kw>
<kw name="Sleep" library="BuiltIn">
<arg>1</arg>
<doc>Pauses the test executed for the given time.</doc>
<msg timestamp="20220810 01:05:52.348" level="INFO">Slept 1 second</msg>
<status status="PASS" starttime="20220810 01:05:51.334" endtime="20220810 01:05:52.348"/>
</kw>
<kw name="Run Keyword And Return Status" library="BuiltIn">
<var>${status}</var>
<arg>Page Should Contain Button</arg>
<arg>${next button locator}</arg>
<arg>loglevel=NONE</arg>
<doc>Runs the given keyword with given arguments and returns the status as a Boolean value.</doc>
<kw name="Page Should Contain Button" library="SeleniumLibrary">
<arg>${next button locator}</arg>
<arg>loglevel=NONE</arg>
<doc>Verifies button ``locator`` is found from current page.</doc>
<msg timestamp="20220810 01:05:52.928" level="INFO" html="true">&lt;/td&gt;&lt;/tr&gt;&lt;tr&gt;&lt;td colspan="3"&gt;&lt;a href="selenium-screenshot-81.png"&gt;&lt;img src="selenium-screenshot-81.png" width="800px"&gt;&lt;/a&gt;</msg>
<msg timestamp="20220810 01:05:52.928" level="FAIL">Page should have contained button 'xpath=//a[@class='blu-paging__next']' but did not.</msg>
<status status="FAIL" starttime="20220810 01:05:52.348" endtime="20220810 01:05:52.928"/>
</kw>
<msg timestamp="20220810 01:05:52.928" level="INFO">${status} = False</msg>
<status status="PASS" starttime="20220810 01:05:52.348" endtime="20220810 01:05:52.928"/>
</kw>
<kw name="Sleep" library="BuiltIn">
<arg>1</arg>
<doc>Pauses the test executed for the given time.</doc>
<msg timestamp="20220810 01:05:53.942" level="INFO">Slept 1 second</msg>
<status status="PASS" starttime="20220810 01:05:52.929" endtime="20220810 01:05:53.942"/>
</kw>
<kw name="Run Keyword If" library="BuiltIn">
<arg>${status}</arg>
<arg>Exit For Loop</arg>
<doc>Runs the given keyword with the given arguments, if ``condition`` is true.</doc>
<status status="PASS" starttime="20220810 01:05:53.942" endtime="20220810 01:05:53.942"/>
</kw>
<kw name="Set Variable" library="BuiltIn">
<var>${counter}</var>
<arg>${counter}+1</arg>
<doc>Returns the given values which can then be assigned to a variables.</doc>
<msg timestamp="20220810 01:05:53.943" level="INFO">${counter} = 1+1</msg>
<status status="PASS" starttime="20220810 01:05:53.942" endtime="20220810 01:05:53.943"/>
</kw>
<status status="PASS" starttime="20220810 01:05:50.321" endtime="20220810 01:05:53.943"/>
</iter>
<iter>
<var name="${counter}">2</var>
<kw name="Sleep" library="BuiltIn">
<arg>1</arg>
<doc>Pauses the test executed for the given time.</doc>
<msg timestamp="20220810 01:05:54.955" level="INFO">Slept 1 second</msg>
<status status="PASS" starttime="20220810 01:05:53.943" endtime="20220810 01:05:54.955"/>
</kw>
<kw name="Execute Javascript" library="SeleniumLibrary">
<arg>window.scroll(0,${counter}125)</arg>
<doc>Executes the given JavaScript code with possible arguments.</doc>
<msg timestamp="20220810 01:05:54.955" level="INFO">Executing JavaScript:
window.scroll(0,2125)
Without any arguments.</msg>
<status status="PASS" starttime="20220810 01:05:54.955" endtime="20220810 01:05:54.958"/>
</kw>
<kw name="Sleep" library="BuiltIn">
<arg>1</arg>
<doc>Pauses the test executed for the given time.</doc>
<msg timestamp="20220810 01:05:55.960" level="INFO">Slept 1 second</msg>
<status status="PASS" starttime="20220810 01:05:54.959" endtime="20220810 01:05:55.960"/>
</kw>
<kw name="Run Keyword And Return Status" library="BuiltIn">
<var>${status}</var>
<arg>Page Should Contain Button</arg>
<arg>${next button locator}</arg>
<arg>loglevel=NONE</arg>
<doc>Runs the given keyword with given arguments and returns the status as a Boolean value.</doc>
<kw name="Page Should Contain Button" library="SeleniumLibrary">
<arg>${next button locator}</arg>
<arg>loglevel=NONE</arg>
<doc>Verifies button ``locator`` is found from current page.</doc>
<msg timestamp="20220810 01:05:56.629" level="INFO" html="true">&lt;/td&gt;&lt;/tr&gt;&lt;tr&gt;&lt;td colspan="3"&gt;&lt;a href="selenium-screenshot-82.png"&gt;&lt;img src="selenium-screenshot-82.png" width="800px"&gt;&lt;/a&gt;</msg>
<msg timestamp="20220810 01:05:56.629" level="FAIL">Page should have contained button 'xpath=//a[@class='blu-paging__next']' but did not.</msg>
<status status="FAIL" starttime="20220810 01:05:55.960" endtime="20220810 01:05:56.629"/>
</kw>
<msg timestamp="20220810 01:05:56.629" level="INFO">${status} = False</msg>
<status status="PASS" starttime="20220810 01:05:55.960" endtime="20220810 01:05:56.629"/>
</kw>
<kw name="Sleep" library="BuiltIn">
<arg>1</arg>
<doc>Pauses the test executed for the given time.</doc>
<msg timestamp="20220810 01:05:57.643" level="INFO">Slept 1 second</msg>
<status status="PASS" starttime="20220810 01:05:56.630" endtime="20220810 01:05:57.643"/>
</kw>
<kw name="Run Keyword If" library="BuiltIn">
<arg>${status}</arg>
<arg>Exit For Loop</arg>
<doc>Runs the given keyword with the given arguments, if ``condition`` is true.</doc>
<status status="PASS" starttime="20220810 01:05:57.643" endtime="20220810 01:05:57.643"/>
</kw>
<kw name="Set Variable" library="BuiltIn">
<var>${counter}</var>
<arg>${counter}+1</arg>
<doc>Returns the given values which can then be assigned to a variables.</doc>
<msg timestamp="20220810 01:05:57.644" level="INFO">${counter} = 2+1</msg>
<status status="PASS" starttime="20220810 01:05:57.643" endtime="20220810 01:05:57.644"/>
</kw>
<status status="PASS" starttime="20220810 01:05:53.943" endtime="20220810 01:05:57.644"/>
</iter>
<iter>
<var name="${counter}">3</var>
<kw name="Sleep" library="BuiltIn">
<arg>1</arg>
<doc>Pauses the test executed for the given time.</doc>
<msg timestamp="20220810 01:05:58.659" level="INFO">Slept 1 second</msg>
<status status="PASS" starttime="20220810 01:05:57.644" endtime="20220810 01:05:58.659"/>
</kw>
<kw name="Execute Javascript" library="SeleniumLibrary">
<arg>window.scroll(0,${counter}125)</arg>
<doc>Executes the given JavaScript code with possible arguments.</doc>
<msg timestamp="20220810 01:05:58.659" level="INFO">Executing JavaScript:
window.scroll(0,3125)
Without any arguments.</msg>
<status status="PASS" starttime="20220810 01:05:58.659" endtime="20220810 01:05:58.662"/>
</kw>
<kw name="Sleep" library="BuiltIn">
<arg>1</arg>
<doc>Pauses the test executed for the given time.</doc>
<msg timestamp="20220810 01:05:59.663" level="INFO">Slept 1 second</msg>
<status status="PASS" starttime="20220810 01:05:58.662" endtime="20220810 01:05:59.663"/>
</kw>
<kw name="Run Keyword And Return Status" library="BuiltIn">
<var>${status}</var>
<arg>Page Should Contain Button</arg>
<arg>${next button locator}</arg>
<arg>loglevel=NONE</arg>
<doc>Runs the given keyword with given arguments and returns the status as a Boolean value.</doc>
<kw name="Page Should Contain Button" library="SeleniumLibrary">
<arg>${next button locator}</arg>
<arg>loglevel=NONE</arg>
<doc>Verifies button ``locator`` is found from current page.</doc>
<msg timestamp="20220810 01:06:00.169" level="INFO" html="true">&lt;/td&gt;&lt;/tr&gt;&lt;tr&gt;&lt;td colspan="3"&gt;&lt;a href="selenium-screenshot-83.png"&gt;&lt;img src="selenium-screenshot-83.png" width="800px"&gt;&lt;/a&gt;</msg>
<msg timestamp="20220810 01:06:00.169" level="FAIL">Page should have contained button 'xpath=//a[@class='blu-paging__next']' but did not.</msg>
<status status="FAIL" starttime="20220810 01:05:59.663" endtime="20220810 01:06:00.169"/>
</kw>
<msg timestamp="20220810 01:06:00.169" level="INFO">${status} = False</msg>
<status status="PASS" starttime="20220810 01:05:59.663" endtime="20220810 01:06:00.169"/>
</kw>
<kw name="Sleep" library="BuiltIn">
<arg>1</arg>
<doc>Pauses the test executed for the given time.</doc>
<msg timestamp="20220810 01:06:01.172" level="INFO">Slept 1 second</msg>
<status status="PASS" starttime="20220810 01:06:00.169" endtime="20220810 01:06:01.172"/>
</kw>
<kw name="Run Keyword If" library="BuiltIn">
<arg>${status}</arg>
<arg>Exit For Loop</arg>
<doc>Runs the given keyword with the given arguments, if ``condition`` is true.</doc>
<status status="PASS" starttime="20220810 01:06:01.172" endtime="20220810 01:06:01.172"/>
</kw>
<kw name="Set Variable" library="BuiltIn">
<var>${counter}</var>
<arg>${counter}+1</arg>
<doc>Returns the given values which can then be assigned to a variables.</doc>
<msg timestamp="20220810 01:06:01.173" level="INFO">${counter} = 3+1</msg>
<status status="PASS" starttime="20220810 01:06:01.173" endtime="20220810 01:06:01.173"/>
</kw>
<status status="PASS" starttime="20220810 01:05:57.644" endtime="20220810 01:06:01.173"/>
</iter>
<status status="PASS" starttime="20220810 01:05:46.674" endtime="20220810 01:06:01.173"/>
</for>
<kw name="Sleep" library="BuiltIn">
<arg>2</arg>
<doc>Pauses the test executed for the given time.</doc>
<msg timestamp="20220810 01:06:03.188" level="INFO">Slept 2 seconds</msg>
<status status="PASS" starttime="20220810 01:06:01.174" endtime="20220810 01:06:03.188"/>
</kw>
<kw name="Get Text" library="SeleniumLibrary">
<var>${product group}</var>
<arg>${product group}</arg>
<doc>Returns the text value of the element identified by ``locator``.</doc>
<msg timestamp="20220810 01:06:03.602" level="INFO">${product group} = 3
Cardigan Rajut Elizabeth – Baheera
Rp280.000
Kota Cimahi
Gudang Fashion SWE 644 Sweater Rajutan Pria - Multicolor
Rp75.999
Rp145.000
47%
Kota Jakarta Barat
4,5
(2)
Terjual 4
3
Okechuku NEW RIKA Knit...</msg>
<status status="PASS" starttime="20220810 01:06:03.188" endtime="20220810 01:06:03.602"/>
</kw>
<kw name="Log To Console" library="BuiltIn">
<arg>VALID_DATA_BELOW</arg>
<doc>Logs the given message to the console.</doc>
<status status="PASS" starttime="20220810 01:06:03.602" endtime="20220810 01:06:03.602"/>
</kw>
<kw name="Log To Console" library="BuiltIn">
<arg>${product group}</arg>
<doc>Logs the given message to the console.</doc>
<status status="PASS" starttime="20220810 01:06:03.602" endtime="20220810 01:06:03.603"/>
</kw>
<kw name="Log To Console" library="BuiltIn">
<arg>VALID_DATA_ABOVE</arg>
<doc>Logs the given message to the console.</doc>
<status status="PASS" starttime="20220810 01:06:03.603" endtime="20220810 01:06:03.603"/>
</kw>
<kw name="Sleep" library="BuiltIn">
<arg>2</arg>
<doc>Pauses the test executed for the given time.</doc>
<msg timestamp="20220810 01:06:05.618" level="INFO">Slept 2 seconds</msg>
<status status="PASS" starttime="20220810 01:06:03.603" endtime="20220810 01:06:05.618"/>
</kw>
<kw name="Wait Until Element Is Visible" library="SeleniumLibrary">
<arg>${next button locator}</arg>
<doc>Waits until the element ``locator`` is visible.</doc>
<status status="PASS" starttime="20220810 01:06:05.618" endtime="20220810 01:06:05.632"/>
</kw>
<kw name="Click Element" library="SeleniumLibrary">
<arg>${next button locator}</arg>
<doc>Click the element identified by ``locator``.</doc>
<msg timestamp="20220810 01:06:05.633" level="INFO">Clicking element 'xpath=//a[@class='blu-paging__next']'.</msg>
<status status="PASS" starttime="20220810 01:06:05.632" endtime="20220810 01:06:05.855"/>
</kw>
<status status="PASS" starttime="20220810 01:05:45.667" endtime="20220810 01:06:05.855"/>
</kw>
<status status="PASS" starttime="20220810 01:05:45.667" endtime="20220810 01:06:05.855"/>
</kw>
<kw name="Close Browser" library="SeleniumLibrary">
<doc>Closes the current browser.</doc>
<status status="PASS" starttime="20220810 01:06:05.856" endtime="20220810 01:06:08.054"/>
</kw>
<status status="PASS" starttime="20220810 01:05:01.886" endtime="20220810 01:06:08.054"/>
</test>
<test id="s1-t2" name="BLIBLI Sort by Lowest Price" line="21">
<kw name="Open Website Blibli" library="stepBlibli">
<kw name="Open Browser" library="SeleniumLibrary">
<arg>@{URL BLIBLI}</arg>
<arg>options=add_argument("--disable-blink-features=AutomationControlled")</arg>
<doc>Opens a new browser instance to the optional ``url``.</doc>
<msg timestamp="20220810 01:06:08.056" level="INFO">Opening browser 'chrome' to base url 'https://www.blibli.com/'.</msg>
<status status="PASS" starttime="20220810 01:06:08.056" endtime="20220810 01:06:11.118"/>
</kw>
<kw name="Sleep" library="BuiltIn">
<arg>2</arg>
<doc>Pauses the test executed for the given time.</doc>
<msg timestamp="20220810 01:06:13.119" level="INFO">Slept 2 seconds</msg>
<status status="PASS" starttime="20220810 01:06:11.119" endtime="20220810 01:06:13.119"/>
</kw>
<kw name="Maximize Browser Window" library="SeleniumLibrary">
<doc>Maximizes current browser window.</doc>
<status status="PASS" starttime="20220810 01:06:13.119" endtime="20220810 01:06:13.244"/>
</kw>
<kw name="Sleep" library="BuiltIn">
<arg>2</arg>
<doc>Pauses the test executed for the given time.</doc>
<msg timestamp="20220810 01:06:15.257" level="INFO">Slept 2 seconds</msg>
<status status="PASS" starttime="20220810 01:06:13.244" endtime="20220810 01:06:15.257"/>
</kw>
<status status="PASS" starttime="20220810 01:06:08.055" endtime="20220810 01:06:15.258"/>
</kw>
<kw name="Close Pop Up Blibli" library="stepBlibli">
<kw name="Sleep" library="BuiltIn">
<arg>3</arg>
<doc>Pauses the test executed for the given time.</doc>
<msg timestamp="20220810 01:06:18.271" level="INFO">Slept 3 seconds</msg>
<status status="PASS" starttime="20220810 01:06:15.259" endtime="20220810 01:06:18.271"/>
</kw>
<kw name="Click Element At Coordinates" library="SeleniumLibrary">
<arg>${CLOSE POP UP BUTTON BLIBLI}</arg>
<arg>${X COORDINATES CLOSE BLIBLI}</arg>
<arg>${Y COORDINATES CLOSE BLIBLI}</arg>
<doc>Click the element ``locator`` at ``xoffset/yoffset``.</doc>
<msg timestamp="20220810 01:06:18.271" level="INFO">Clicking element 'xpath=//*[@id="blibliApp"]' at coordinates x=500, y=100.</msg>
<status status="PASS" starttime="20220810 01:06:18.271" endtime="20220810 01:06:18.848"/>
</kw>
<kw name="Sleep" library="BuiltIn">
<arg>1</arg>
<doc>Pauses the test executed for the given time.</doc>
<msg timestamp="20220810 01:06:19.863" level="INFO">Slept 1 second</msg>
<status status="PASS" starttime="20220810 01:06:18.848" endtime="20220810 01:06:19.863"/>
</kw>
<kw name="Click Element" library="SeleniumLibrary">
<arg>${CLOSE POP UP BUTTON PRICE BLIBLI}</arg>
<doc>Click the element identified by ``locator``.</doc>
<msg timestamp="20220810 01:06:19.863" level="INFO">Clicking element 'xpath=//button[@class='ticker__close b-order-right']'.</msg>
<status status="PASS" starttime="20220810 01:06:19.863" endtime="20220810 01:06:19.901"/>
</kw>
<kw name="Sleep" library="BuiltIn">
<arg>1</arg>
<doc>Pauses the test executed for the given time.</doc>
<msg timestamp="20220810 01:06:20.906" level="INFO">Slept 1 second</msg>
<status status="PASS" starttime="20220810 01:06:19.901" endtime="20220810 01:06:20.906"/>
</kw>
<status status="PASS" starttime="20220810 01:06:15.258" endtime="20220810 01:06:20.906"/>
</kw>
<kw name="Click Search Box Blibli" library="stepBlibli">
<kw name="Sleep" library="BuiltIn">
<arg>1</arg>
<doc>Pauses the test executed for the given time.</doc>
<msg timestamp="20220810 01:06:21.921" level="INFO">Slept 1 second</msg>
<status status="PASS" starttime="20220810 01:06:20.907" endtime="20220810 01:06:21.921"/>
</kw>
<kw name="Click Element" library="SeleniumLibrary">
<arg>${SEARCH BOX BLIBLI}</arg>
<doc>Click the element identified by ``locator``.</doc>
<msg timestamp="20220810 01:06:21.921" level="INFO">Clicking element 'xpath=//*[@id="blibliApp"]/div/header/div[2]/div[2]/div/div[1]/input'.</msg>
<status status="PASS" starttime="20220810 01:06:21.921" endtime="20220810 01:06:21.964"/>
</kw>
<kw name="Sleep" library="BuiltIn">
<arg>3</arg>
<doc>Pauses the test executed for the given time.</doc>
<msg timestamp="20220810 01:06:24.980" level="INFO">Slept 3 seconds</msg>
<status status="PASS" starttime="20220810 01:06:21.964" endtime="20220810 01:06:24.980"/>
</kw>
<status status="PASS" starttime="20220810 01:06:20.906" endtime="20220810 01:06:24.980"/>
</kw>
<kw name="Type Item 2 Name Blibli" library="stepBlibli">
<kw name="Input Text" library="SeleniumLibrary">
<arg>@{ITEM 2 NAME BLIBLI}</arg>
<doc>Types the given ``text`` into the text field identified by ``locator``.</doc>
<msg timestamp="20220810 01:06:24.981" level="INFO">Typing text 'sweater rajut' into text field 'xpath=//*[@id="blibliApp"]/div/header/div[2]/div[2]/div/div[1]/input'.</msg>
<status status="PASS" starttime="20220810 01:06:24.981" endtime="20220810 01:06:25.035"/>
</kw>
<kw name="Sleep" library="BuiltIn">
<arg>3</arg>
<doc>Pauses the test executed for the given time.</doc>
<msg timestamp="20220810 01:06:28.037" level="INFO">Slept 3 seconds</msg>
<status status="PASS" starttime="20220810 01:06:25.035" endtime="20220810 01:06:28.037"/>
</kw>
<status status="PASS" starttime="20220810 01:06:24.980" endtime="20220810 01:06:28.037"/>
</kw>
<kw name="Hit Submit Button Blibli" library="stepBlibli">
<kw name="Click Element" library="SeleniumLibrary">
<arg>${SEARCH BUTTON BLIBLI}</arg>
<doc>Click the element identified by ``locator``.</doc>
<msg timestamp="20220810 01:06:28.037" level="INFO">Clicking element 'xpath=//*[@id="blibliApp"]/div/header/div[2]/div[2]/div/div[1]/div[2]/button'.</msg>
<status status="PASS" starttime="20220810 01:06:28.037" endtime="20220810 01:06:28.173"/>
</kw>
<kw name="Sleep" library="BuiltIn">
<arg>3</arg>
<doc>Pauses the test executed for the given time.</doc>
<msg timestamp="20220810 01:06:31.177" level="INFO">Slept 3 seconds</msg>
<status status="PASS" starttime="20220810 01:06:28.174" endtime="20220810 01:06:31.177"/>
</kw>
<status status="PASS" starttime="20220810 01:06:28.037" endtime="20220810 01:06:31.177"/>
</kw>
<kw name="Click Sort Option Blibli" library="stepBlibli">
<kw name="Sleep" library="BuiltIn">
<arg>1</arg>
<doc>Pauses the test executed for the given time.</doc>
<msg timestamp="20220810 01:06:32.192" level="INFO">Slept 1 second</msg>
<status status="PASS" starttime="20220810 01:06:31.177" endtime="20220810 01:06:32.192"/>
</kw>
<kw name="Mouse Over" library="SeleniumLibrary">
<arg>${SORT OPTIONS BLIBLI}</arg>
<doc>Simulates hovering the mouse over the element ``locator``.</doc>
<msg timestamp="20220810 01:06:32.192" level="INFO">Simulating Mouse Over on element 'xpath=//div[@class='blu-dropdown__trigger']'.</msg>
<status status="PASS" starttime="20220810 01:06:32.192" endtime="20220810 01:06:32.473"/>
</kw>
<kw name="Click Element" library="SeleniumLibrary">
<arg>${SORT OPTIONS BLIBLI}</arg>
<doc>Click the element identified by ``locator``.</doc>
<msg timestamp="20220810 01:06:32.474" level="INFO">Clicking element 'xpath=//div[@class='blu-dropdown__trigger']'.</msg>
<status status="PASS" starttime="20220810 01:06:32.474" endtime="20220810 01:06:32.513"/>
</kw>
<kw name="Sleep" library="BuiltIn">
<arg>1</arg>
<doc>Pauses the test executed for the given time.</doc>
<msg timestamp="20220810 01:06:33.519" level="INFO">Slept 1 second</msg>
<status status="PASS" starttime="20220810 01:06:32.513" endtime="20220810 01:06:33.519"/>
</kw>
<status status="PASS" starttime="20220810 01:06:31.177" endtime="20220810 01:06:33.519"/>
</kw>
<kw name="Choose Sort by Lowest Price Blibli" library="stepBlibli">
<kw name="Sleep" library="BuiltIn">
<arg>1</arg>
<doc>Pauses the test executed for the given time.</doc>
<msg timestamp="20220810 01:06:34.532" level="INFO">Slept 1 second</msg>
<status status="PASS" starttime="20220810 01:06:33.519" endtime="20220810 01:06:34.532"/>
</kw>
<kw name="Click Element" library="SeleniumLibrary">
<arg>${SORT OPTIONS LOWEST PRICE BLIBLI}</arg>
<doc>Click the element identified by ``locator``.</doc>
<msg timestamp="20220810 01:06:34.532" level="INFO">Clicking element 'xpath=//*[@id="catalogProductListContentDiv"]/div[1]/div/div[3]/div/div[3]/div[2]/ul/li[3]/button'.</msg>
<status status="PASS" starttime="20220810 01:06:34.532" endtime="20220810 01:06:34.685"/>
</kw>
<kw name="Sleep" library="BuiltIn">
<arg>2</arg>
<doc>Pauses the test executed for the given time.</doc>
<msg timestamp="20220810 01:06:36.691" level="INFO">Slept 2 seconds</msg>
<status status="PASS" starttime="20220810 01:06:34.685" endtime="20220810 01:06:36.691"/>
</kw>
<kw name="Click Element" library="SeleniumLibrary">
<arg>${VIEW ALL PRODUCTS BLIBLI}</arg>
<doc>Click the element identified by ``locator``.</doc>
<msg timestamp="20220810 01:06:36.691" level="INFO">Clicking element 'xpath=//*[@id="catalogProductListContentDiv"]/div[1]/div[1]/article/div/div/a'.</msg>
<status status="PASS" starttime="20220810 01:06:36.691" endtime="20220810 01:06:36.836"/>
</kw>
<status status="PASS" starttime="20220810 01:06:33.519" endtime="20220810 01:06:36.836"/>
</kw>
<kw name="Get Product Name with Sort by Lowest Price Page 1 Blibli" library="stepBlibli">
<kw name="Get All Product Name Blibli" library="stepBlibli">
<arg>${NEXT PAGE BUTTON BLIBLI}</arg>
<arg>${DISPLAYED PRODUCTS BLIBLI}</arg>
<kw name="Sleep" library="BuiltIn">
<arg>1</arg>
<doc>Pauses the test executed for the given time.</doc>
<msg timestamp="20220810 01:06:37.845" level="INFO">Slept 1 second</msg>
<status status="PASS" starttime="20220810 01:06:36.837" endtime="20220810 01:06:37.845"/>
</kw>
<for flavor="IN RANGE">
<var>${counter}</var>
<value>0</value>
<value>4</value>
<iter>
<var name="${counter}">0</var>
<kw name="Sleep" library="BuiltIn">
<arg>1</arg>
<doc>Pauses the test executed for the given time.</doc>
<msg timestamp="20220810 01:06:38.853" level="INFO">Slept 1 second</msg>
<status status="PASS" starttime="20220810 01:06:37.845" endtime="20220810 01:06:38.853"/>
</kw>
<kw name="Execute Javascript" library="SeleniumLibrary">
<arg>window.scroll(0,${counter}125)</arg>
<doc>Executes the given JavaScript code with possible arguments.</doc>
<msg timestamp="20220810 01:06:38.853" level="INFO">Executing JavaScript:
window.scroll(0,0125)
Without any arguments.</msg>
<status status="PASS" starttime="20220810 01:06:38.853" endtime="20220810 01:06:38.866"/>
</kw>
<kw name="Sleep" library="BuiltIn">
<arg>1</arg>
<doc>Pauses the test executed for the given time.</doc>
<msg timestamp="20220810 01:06:39.876" level="INFO">Slept 1 second</msg>
<status status="PASS" starttime="20220810 01:06:38.866" endtime="20220810 01:06:39.876"/>
</kw>
<kw name="Run Keyword And Return Status" library="BuiltIn">
<var>${status}</var>
<arg>Page Should Contain Button</arg>
<arg>${next button locator}</arg>
<arg>loglevel=NONE</arg>
<doc>Runs the given keyword with given arguments and returns the status as a Boolean value.</doc>
<kw name="Page Should Contain Button" library="SeleniumLibrary">
<arg>${next button locator}</arg>
<arg>loglevel=NONE</arg>
<doc>Verifies button ``locator`` is found from current page.</doc>
<msg timestamp="20220810 01:06:40.446" level="INFO" html="true">&lt;/td&gt;&lt;/tr&gt;&lt;tr&gt;&lt;td colspan="3"&gt;&lt;a href="selenium-screenshot-84.png"&gt;&lt;img src="selenium-screenshot-84.png" width="800px"&gt;&lt;/a&gt;</msg>
<msg timestamp="20220810 01:06:40.446" level="FAIL">Page should have contained button 'xpath=//a[@class='blu-paging__next']' but did not.</msg>
<status status="FAIL" starttime="20220810 01:06:39.876" endtime="20220810 01:06:40.447"/>
</kw>
<msg timestamp="20220810 01:06:40.447" level="INFO">${status} = False</msg>
<status status="PASS" starttime="20220810 01:06:39.876" endtime="20220810 01:06:40.447"/>
</kw>
<kw name="Sleep" library="BuiltIn">
<arg>1</arg>
<doc>Pauses the test executed for the given time.</doc>
<msg timestamp="20220810 01:06:41.454" level="INFO">Slept 1 second</msg>
<status status="PASS" starttime="20220810 01:06:40.447" endtime="20220810 01:06:41.454"/>
</kw>
<kw name="Run Keyword If" library="BuiltIn">
<arg>${status}</arg>
<arg>Exit For Loop</arg>
<doc>Runs the given keyword with the given arguments, if ``condition`` is true.</doc>
<status status="PASS" starttime="20220810 01:06:41.454" endtime="20220810 01:06:41.454"/>
</kw>
<kw name="Set Variable" library="BuiltIn">
<var>${counter}</var>
<arg>${counter}+1</arg>
<doc>Returns the given values which can then be assigned to a variables.</doc>
<msg timestamp="20220810 01:06:41.455" level="INFO">${counter} = 0+1</msg>
<status status="PASS" starttime="20220810 01:06:41.454" endtime="20220810 01:06:41.455"/>
</kw>
<status status="PASS" starttime="20220810 01:06:37.845" endtime="20220810 01:06:41.455"/>
</iter>
<iter>
<var name="${counter}">1</var>
<kw name="Sleep" library="BuiltIn">
<arg>1</arg>
<doc>Pauses the test executed for the given time.</doc>
<msg timestamp="20220810 01:06:42.469" level="INFO">Slept 1 second</msg>
<status status="PASS" starttime="20220810 01:06:41.455" endtime="20220810 01:06:42.469"/>
</kw>
<kw name="Execute Javascript" library="SeleniumLibrary">
<arg>window.scroll(0,${counter}125)</arg>
<doc>Executes the given JavaScript code with possible arguments.</doc>
<msg timestamp="20220810 01:06:42.470" level="INFO">Executing JavaScript:
window.scroll(0,1125)
Without any arguments.</msg>
<status status="PASS" starttime="20220810 01:06:42.469" endtime="20220810 01:06:42.472"/>
</kw>
<kw name="Sleep" library="BuiltIn">
<arg>1</arg>
<doc>Pauses the test executed for the given time.</doc>
<msg timestamp="20220810 01:06:43.486" level="INFO">Slept 1 second</msg>
<status status="PASS" starttime="20220810 01:06:42.473" endtime="20220810 01:06:43.486"/>
</kw>
<kw name="Run Keyword And Return Status" library="BuiltIn">
<var>${status}</var>
<arg>Page Should Contain Button</arg>
<arg>${next button locator}</arg>
<arg>loglevel=NONE</arg>
<doc>Runs the given keyword with given arguments and returns the status as a Boolean value.</doc>
<kw name="Page Should Contain Button" library="SeleniumLibrary">
<arg>${next button locator}</arg>
<arg>loglevel=NONE</arg>
<doc>Verifies button ``locator`` is found from current page.</doc>
<msg timestamp="20220810 01:06:44.081" level="INFO" html="true">&lt;/td&gt;&lt;/tr&gt;&lt;tr&gt;&lt;td colspan="3"&gt;&lt;a href="selenium-screenshot-85.png"&gt;&lt;img src="selenium-screenshot-85.png" width="800px"&gt;&lt;/a&gt;</msg>
<msg timestamp="20220810 01:06:44.081" level="FAIL">Page should have contained button 'xpath=//a[@class='blu-paging__next']' but did not.</msg>
<status status="FAIL" starttime="20220810 01:06:43.486" endtime="20220810 01:06:44.082"/>
</kw>
<msg timestamp="20220810 01:06:44.082" level="INFO">${status} = False</msg>
<status status="PASS" starttime="20220810 01:06:43.486" endtime="20220810 01:06:44.082"/>
</kw>
<kw name="Sleep" library="BuiltIn">
<arg>1</arg>
<doc>Pauses the test executed for the given time.</doc>
<msg timestamp="20220810 01:06:45.089" level="INFO">Slept 1 second</msg>
<status status="PASS" starttime="20220810 01:06:44.082" endtime="20220810 01:06:45.089"/>
</kw>
<kw name="Run Keyword If" library="BuiltIn">
<arg>${status}</arg>
<arg>Exit For Loop</arg>
<doc>Runs the given keyword with the given arguments, if ``condition`` is true.</doc>
<status status="PASS" starttime="20220810 01:06:45.089" endtime="20220810 01:06:45.089"/>
</kw>
<kw name="Set Variable" library="BuiltIn">
<var>${counter}</var>
<arg>${counter}+1</arg>
<doc>Returns the given values which can then be assigned to a variables.</doc>
<msg timestamp="20220810 01:06:45.090" level="INFO">${counter} = 1+1</msg>
<status status="PASS" starttime="20220810 01:06:45.089" endtime="20220810 01:06:45.090"/>
</kw>
<status status="PASS" starttime="20220810 01:06:41.455" endtime="20220810 01:06:45.090"/>
</iter>
<iter>
<var name="${counter}">2</var>
<kw name="Sleep" library="BuiltIn">
<arg>1</arg>
<doc>Pauses the test executed for the given time.</doc>
<msg timestamp="20220810 01:06:46.095" level="INFO">Slept 1 second</msg>
<status status="PASS" starttime="20220810 01:06:45.090" endtime="20220810 01:06:46.095"/>
</kw>
<kw name="Execute Javascript" library="SeleniumLibrary">
<arg>window.scroll(0,${counter}125)</arg>
<doc>Executes the given JavaScript code with possible arguments.</doc>
<msg timestamp="20220810 01:06:46.095" level="INFO">Executing JavaScript:
window.scroll(0,2125)
Without any arguments.</msg>
<status status="PASS" starttime="20220810 01:06:46.095" endtime="20220810 01:06:46.098"/>
</kw>
<kw name="Sleep" library="BuiltIn">
<arg>1</arg>
<doc>Pauses the test executed for the given time.</doc>
<msg timestamp="20220810 01:06:47.113" level="INFO">Slept 1 second</msg>
<status status="PASS" starttime="20220810 01:06:46.098" endtime="20220810 01:06:47.113"/>
</kw>
<kw name="Run Keyword And Return Status" library="BuiltIn">
<var>${status}</var>
<arg>Page Should Contain Button</arg>
<arg>${next button locator}</arg>
<arg>loglevel=NONE</arg>
<doc>Runs the given keyword with given arguments and returns the status as a Boolean value.</doc>
<kw name="Page Should Contain Button" library="SeleniumLibrary">
<arg>${next button locator}</arg>
<arg>loglevel=NONE</arg>
<doc>Verifies button ``locator`` is found from current page.</doc>
<msg timestamp="20220810 01:06:47.715" level="INFO" html="true">&lt;/td&gt;&lt;/tr&gt;&lt;tr&gt;&lt;td colspan="3"&gt;&lt;a href="selenium-screenshot-86.png"&gt;&lt;img src="selenium-screenshot-86.png" width="800px"&gt;&lt;/a&gt;</msg>
<msg timestamp="20220810 01:06:47.715" level="FAIL">Page should have contained button 'xpath=//a[@class='blu-paging__next']' but did not.</msg>
<status status="FAIL" starttime="20220810 01:06:47.113" endtime="20220810 01:06:47.715"/>
</kw>
<msg timestamp="20220810 01:06:47.716" level="INFO">${status} = False</msg>
<status status="PASS" starttime="20220810 01:06:47.113" endtime="20220810 01:06:47.716"/>
</kw>
<kw name="Sleep" library="BuiltIn">
<arg>1</arg>
<doc>Pauses the test executed for the given time.</doc>
<msg timestamp="20220810 01:06:48.718" level="INFO">Slept 1 second</msg>
<status status="PASS" starttime="20220810 01:06:47.716" endtime="20220810 01:06:48.718"/>
</kw>
<kw name="Run Keyword If" library="BuiltIn">
<arg>${status}</arg>
<arg>Exit For Loop</arg>
<doc>Runs the given keyword with the given arguments, if ``condition`` is true.</doc>
<status status="PASS" starttime="20220810 01:06:48.718" endtime="20220810 01:06:48.718"/>
</kw>
<kw name="Set Variable" library="BuiltIn">
<var>${counter}</var>
<arg>${counter}+1</arg>
<doc>Returns the given values which can then be assigned to a variables.</doc>
<msg timestamp="20220810 01:06:48.719" level="INFO">${counter} = 2+1</msg>
<status status="PASS" starttime="20220810 01:06:48.718" endtime="20220810 01:06:48.719"/>
</kw>
<status status="PASS" starttime="20220810 01:06:45.090" endtime="20220810 01:06:48.719"/>
</iter>
<iter>
<var name="${counter}">3</var>
<kw name="Sleep" library="BuiltIn">
<arg>1</arg>
<doc>Pauses the test executed for the given time.</doc>
<msg timestamp="20220810 01:06:49.726" level="INFO">Slept 1 second</msg>
<status status="PASS" starttime="20220810 01:06:48.719" endtime="20220810 01:06:49.726"/>
</kw>
<kw name="Execute Javascript" library="SeleniumLibrary">
<arg>window.scroll(0,${counter}125)</arg>
<doc>Executes the given JavaScript code with possible arguments.</doc>
<msg timestamp="20220810 01:06:49.727" level="INFO">Executing JavaScript:
window.scroll(0,3125)
Without any arguments.</msg>
<status status="PASS" starttime="20220810 01:06:49.726" endtime="20220810 01:06:49.730"/>
</kw>
<kw name="Sleep" library="BuiltIn">
<arg>1</arg>
<doc>Pauses the test executed for the given time.</doc>
<msg timestamp="20220810 01:06:50.739" level="INFO">Slept 1 second</msg>
<status status="PASS" starttime="20220810 01:06:49.730" endtime="20220810 01:06:50.739"/>
</kw>
<kw name="Run Keyword And Return Status" library="BuiltIn">
<var>${status}</var>
<arg>Page Should Contain Button</arg>
<arg>${next button locator}</arg>
<arg>loglevel=NONE</arg>
<doc>Runs the given keyword with given arguments and returns the status as a Boolean value.</doc>
<kw name="Page Should Contain Button" library="SeleniumLibrary">
<arg>${next button locator}</arg>
<arg>loglevel=NONE</arg>
<doc>Verifies button ``locator`` is found from current page.</doc>
<msg timestamp="20220810 01:06:51.273" level="INFO" html="true">&lt;/td&gt;&lt;/tr&gt;&lt;tr&gt;&lt;td colspan="3"&gt;&lt;a href="selenium-screenshot-87.png"&gt;&lt;img src="selenium-screenshot-87.png" width="800px"&gt;&lt;/a&gt;</msg>
<msg timestamp="20220810 01:06:51.273" level="FAIL">Page should have contained button 'xpath=//a[@class='blu-paging__next']' but did not.</msg>
<status status="FAIL" starttime="20220810 01:06:50.739" endtime="20220810 01:06:51.274"/>
</kw>
<msg timestamp="20220810 01:06:51.274" level="INFO">${status} = False</msg>
<status status="PASS" starttime="20220810 01:06:50.739" endtime="20220810 01:06:51.274"/>
</kw>
<kw name="Sleep" library="BuiltIn">
<arg>1</arg>
<doc>Pauses the test executed for the given time.</doc>
<msg timestamp="20220810 01:06:52.280" level="INFO">Slept 1 second</msg>
<status status="PASS" starttime="20220810 01:06:51.274" endtime="20220810 01:06:52.280"/>
</kw>
<kw name="Run Keyword If" library="BuiltIn">
<arg>${status}</arg>
<arg>Exit For Loop</arg>
<doc>Runs the given keyword with the given arguments, if ``condition`` is true.</doc>
<status status="PASS" starttime="20220810 01:06:52.280" endtime="20220810 01:06:52.280"/>
</kw>
<kw name="Set Variable" library="BuiltIn">
<var>${counter}</var>
<arg>${counter}+1</arg>
<doc>Returns the given values which can then be assigned to a variables.</doc>
<msg timestamp="20220810 01:06:52.280" level="INFO">${counter} = 3+1</msg>
<status status="PASS" starttime="20220810 01:06:52.280" endtime="20220810 01:06:52.280"/>
</kw>
<status status="PASS" starttime="20220810 01:06:48.719" endtime="20220810 01:06:52.280"/>
</iter>
<status status="PASS" starttime="20220810 01:06:37.845" endtime="20220810 01:06:52.280"/>
</for>
<kw name="Sleep" library="BuiltIn">
<arg>2</arg>
<doc>Pauses the test executed for the given time.</doc>
<msg timestamp="20220810 01:06:54.296" level="INFO">Slept 2 seconds</msg>
<status status="PASS" starttime="20220810 01:06:52.280" endtime="20220810 01:06:54.296"/>
</kw>
<kw name="Get Text" library="SeleniumLibrary">
<var>${product group}</var>
<arg>${product group}</arg>
<doc>Returns the text value of the element identified by ``locator``.</doc>
<msg timestamp="20220810 01:06:54.695" level="INFO">${product group} = Sweater Wanita Stripe
Rp15.000
Kota Jakarta Timur
8
Atasan Wanita Sweater Wanita Murah Blouse Clarisa Top Knit Rib
Rp18.900
Rp35.000
46%
Kota Jakarta Barat
rajut dan cardigan Import
Rp20.000
Kota Jaka...</msg>
<status status="PASS" starttime="20220810 01:06:54.296" endtime="20220810 01:06:54.695"/>
</kw>
<kw name="Log To Console" library="BuiltIn">
<arg>VALID_DATA_BELOW</arg>
<doc>Logs the given message to the console.</doc>
<status status="PASS" starttime="20220810 01:06:54.696" endtime="20220810 01:06:54.696"/>
</kw>
<kw name="Log To Console" library="BuiltIn">
<arg>${product group}</arg>
<doc>Logs the given message to the console.</doc>
<status status="PASS" starttime="20220810 01:06:54.696" endtime="20220810 01:06:54.696"/>
</kw>
<kw name="Log To Console" library="BuiltIn">
<arg>VALID_DATA_ABOVE</arg>
<doc>Logs the given message to the console.</doc>
<status status="PASS" starttime="20220810 01:06:54.696" endtime="20220810 01:06:54.696"/>
</kw>
<kw name="Sleep" library="BuiltIn">
<arg>2</arg>
<doc>Pauses the test executed for the given time.</doc>
<msg timestamp="20220810 01:06:56.699" level="INFO">Slept 2 seconds</msg>
<status status="PASS" starttime="20220810 01:06:54.696" endtime="20220810 01:06:56.699"/>
</kw>
<kw name="Wait Until Element Is Visible" library="SeleniumLibrary">
<arg>${next button locator}</arg>
<doc>Waits until the element ``locator`` is visible.</doc>
<status status="PASS" starttime="20220810 01:06:56.699" endtime="20220810 01:06:56.717"/>
</kw>
<kw name="Click Element" library="SeleniumLibrary">
<arg>${next button locator}</arg>
<doc>Click the element identified by ``locator``.</doc>
<msg timestamp="20220810 01:06:56.718" level="INFO">Clicking element 'xpath=//a[@class='blu-paging__next']'.</msg>
<status status="PASS" starttime="20220810 01:06:56.717" endtime="20220810 01:06:56.998"/>
</kw>
<status status="PASS" starttime="20220810 01:06:36.836" endtime="20220810 01:06:56.999"/>
</kw>
<status status="PASS" starttime="20220810 01:06:36.836" endtime="20220810 01:06:56.999"/>
</kw>
<kw name="Get Product Name with Sort by Lowest Price Page 2 Blibli" library="stepBlibli">
<kw name="Get All Product Name Blibli" library="stepBlibli">
<arg>${NEXT PAGE BUTTON BLIBLI}</arg>
<arg>${DISPLAYED PRODUCTS BLIBLI}</arg>
<kw name="Sleep" library="BuiltIn">
<arg>1</arg>
<doc>Pauses the test executed for the given time.</doc>
<msg timestamp="20220810 01:06:58.009" level="INFO">Slept 1 second</msg>
<status status="PASS" starttime="20220810 01:06:57.000" endtime="20220810 01:06:58.009"/>
</kw>
<for flavor="IN RANGE">
<var>${counter}</var>
<value>0</value>
<value>4</value>
<iter>
<var name="${counter}">0</var>
<kw name="Sleep" library="BuiltIn">
<arg>1</arg>
<doc>Pauses the test executed for the given time.</doc>
<msg timestamp="20220810 01:06:59.016" level="INFO">Slept 1 second</msg>
<status status="PASS" starttime="20220810 01:06:58.010" endtime="20220810 01:06:59.016"/>
</kw>
<kw name="Execute Javascript" library="SeleniumLibrary">
<arg>window.scroll(0,${counter}125)</arg>
<doc>Executes the given JavaScript code with possible arguments.</doc>
<msg timestamp="20220810 01:06:59.017" level="INFO">Executing JavaScript:
window.scroll(0,0125)
Without any arguments.</msg>
<status status="PASS" starttime="20220810 01:06:59.016" endtime="20220810 01:06:59.027"/>
</kw>
<kw name="Sleep" library="BuiltIn">
<arg>1</arg>
<doc>Pauses the test executed for the given time.</doc>
<msg timestamp="20220810 01:07:00.039" level="INFO">Slept 1 second</msg>
<status status="PASS" starttime="20220810 01:06:59.027" endtime="20220810 01:07:00.039"/>
</kw>
<kw name="Run Keyword And Return Status" library="BuiltIn">
<var>${status}</var>
<arg>Page Should Contain Button</arg>
<arg>${next button locator}</arg>
<arg>loglevel=NONE</arg>
<doc>Runs the given keyword with given arguments and returns the status as a Boolean value.</doc>
<kw name="Page Should Contain Button" library="SeleniumLibrary">
<arg>${next button locator}</arg>
<arg>loglevel=NONE</arg>
<doc>Verifies button ``locator`` is found from current page.</doc>
<msg timestamp="20220810 01:07:00.622" level="INFO" html="true">&lt;/td&gt;&lt;/tr&gt;&lt;tr&gt;&lt;td colspan="3"&gt;&lt;a href="selenium-screenshot-88.png"&gt;&lt;img src="selenium-screenshot-88.png" width="800px"&gt;&lt;/a&gt;</msg>
<msg timestamp="20220810 01:07:00.623" level="FAIL">Page should have contained button 'xpath=//a[@class='blu-paging__next']' but did not.</msg>
<status status="FAIL" starttime="20220810 01:07:00.039" endtime="20220810 01:07:00.623"/>
</kw>
<msg timestamp="20220810 01:07:00.623" level="INFO">${status} = False</msg>
<status status="PASS" starttime="20220810 01:07:00.039" endtime="20220810 01:07:00.623"/>
</kw>
<kw name="Sleep" library="BuiltIn">
<arg>1</arg>
<doc>Pauses the test executed for the given time.</doc>
<msg timestamp="20220810 01:07:01.628" level="INFO">Slept 1 second</msg>
<status status="PASS" starttime="20220810 01:07:00.623" endtime="20220810 01:07:01.628"/>
</kw>
<kw name="Run Keyword If" library="BuiltIn">
<arg>${status}</arg>
<arg>Exit For Loop</arg>
<doc>Runs the given keyword with the given arguments, if ``condition`` is true.</doc>
<status status="PASS" starttime="20220810 01:07:01.628" endtime="20220810 01:07:01.628"/>
</kw>
<kw name="Set Variable" library="BuiltIn">
<var>${counter}</var>
<arg>${counter}+1</arg>
<doc>Returns the given values which can then be assigned to a variables.</doc>
<msg timestamp="20220810 01:07:01.628" level="INFO">${counter} = 0+1</msg>
<status status="PASS" starttime="20220810 01:07:01.628" endtime="20220810 01:07:01.628"/>
</kw>
<status status="PASS" starttime="20220810 01:06:58.009" endtime="20220810 01:07:01.629"/>
</iter>
<iter>
<var name="${counter}">1</var>
<kw name="Sleep" library="BuiltIn">
<arg>1</arg>
<doc>Pauses the test executed for the given time.</doc>
<msg timestamp="20220810 01:07:02.634" level="INFO">Slept 1 second</msg>
<status status="PASS" starttime="20220810 01:07:01.629" endtime="20220810 01:07:02.634"/>
</kw>
<kw name="Execute Javascript" library="SeleniumLibrary">
<arg>window.scroll(0,${counter}125)</arg>
<doc>Executes the given JavaScript code with possible arguments.</doc>
<msg timestamp="20220810 01:07:02.635" level="INFO">Executing JavaScript:
window.scroll(0,1125)
Without any arguments.</msg>
<status status="PASS" starttime="20220810 01:07:02.634" endtime="20220810 01:07:02.638"/>
</kw>
<kw name="Sleep" library="BuiltIn">
<arg>1</arg>
<doc>Pauses the test executed for the given time.</doc>
<msg timestamp="20220810 01:07:03.651" level="INFO">Slept 1 second</msg>
<status status="PASS" starttime="20220810 01:07:02.639" endtime="20220810 01:07:03.651"/>
</kw>
<kw name="Run Keyword And Return Status" library="BuiltIn">
<var>${status}</var>
<arg>Page Should Contain Button</arg>
<arg>${next button locator}</arg>
<arg>loglevel=NONE</arg>
<doc>Runs the given keyword with given arguments and returns the status as a Boolean value.</doc>
<kw name="Page Should Contain Button" library="SeleniumLibrary">
<arg>${next button locator}</arg>
<arg>loglevel=NONE</arg>
<doc>Verifies button ``locator`` is found from current page.</doc>
<msg timestamp="20220810 01:07:04.262" level="INFO" html="true">&lt;/td&gt;&lt;/tr&gt;&lt;tr&gt;&lt;td colspan="3"&gt;&lt;a href="selenium-screenshot-89.png"&gt;&lt;img src="selenium-screenshot-89.png" width="800px"&gt;&lt;/a&gt;</msg>
<msg timestamp="20220810 01:07:04.262" level="FAIL">Page should have contained button 'xpath=//a[@class='blu-paging__next']' but did not.</msg>
<status status="FAIL" starttime="20220810 01:07:03.651" endtime="20220810 01:07:04.262"/>
</kw>
<msg timestamp="20220810 01:07:04.263" level="INFO">${status} = False</msg>
<status status="PASS" starttime="20220810 01:07:03.651" endtime="20220810 01:07:04.263"/>
</kw>
<kw name="Sleep" library="BuiltIn">
<arg>1</arg>
<doc>Pauses the test executed for the given time.</doc>
<msg timestamp="20220810 01:07:05.265" level="INFO">Slept 1 second</msg>
<status status="PASS" starttime="20220810 01:07:04.263" endtime="20220810 01:07:05.265"/>
</kw>
<kw name="Run Keyword If" library="BuiltIn">
<arg>${status}</arg>
<arg>Exit For Loop</arg>
<doc>Runs the given keyword with the given arguments, if ``condition`` is true.</doc>
<status status="PASS" starttime="20220810 01:07:05.265" endtime="20220810 01:07:05.265"/>
</kw>
<kw name="Set Variable" library="BuiltIn">
<var>${counter}</var>
<arg>${counter}+1</arg>
<doc>Returns the given values which can then be assigned to a variables.</doc>
<msg timestamp="20220810 01:07:05.266" level="INFO">${counter} = 1+1</msg>
<status status="PASS" starttime="20220810 01:07:05.265" endtime="20220810 01:07:05.266"/>
</kw>
<status status="PASS" starttime="20220810 01:07:01.629" endtime="20220810 01:07:05.266"/>
</iter>
<iter>
<var name="${counter}">2</var>
<kw name="Sleep" library="BuiltIn">
<arg>1</arg>
<doc>Pauses the test executed for the given time.</doc>
<msg timestamp="20220810 01:07:06.275" level="INFO">Slept 1 second</msg>
<status status="PASS" starttime="20220810 01:07:05.266" endtime="20220810 01:07:06.275"/>
</kw>
<kw name="Execute Javascript" library="SeleniumLibrary">
<arg>window.scroll(0,${counter}125)</arg>
<doc>Executes the given JavaScript code with possible arguments.</doc>
<msg timestamp="20220810 01:07:06.275" level="INFO">Executing JavaScript:
window.scroll(0,2125)
Without any arguments.</msg>
<status status="PASS" starttime="20220810 01:07:06.275" endtime="20220810 01:07:06.278"/>
</kw>
<kw name="Sleep" library="BuiltIn">
<arg>1</arg>
<doc>Pauses the test executed for the given time.</doc>
<msg timestamp="20220810 01:07:07.289" level="INFO">Slept 1 second</msg>
<status status="PASS" starttime="20220810 01:07:06.279" endtime="20220810 01:07:07.289"/>
</kw>
<kw name="Run Keyword And Return Status" library="BuiltIn">
<var>${status}</var>
<arg>Page Should Contain Button</arg>
<arg>${next button locator}</arg>
<arg>loglevel=NONE</arg>
<doc>Runs the given keyword with given arguments and returns the status as a Boolean value.</doc>
<kw name="Page Should Contain Button" library="SeleniumLibrary">
<arg>${next button locator}</arg>
<arg>loglevel=NONE</arg>
<doc>Verifies button ``locator`` is found from current page.</doc>
<msg timestamp="20220810 01:07:07.885" level="INFO" html="true">&lt;/td&gt;&lt;/tr&gt;&lt;tr&gt;&lt;td colspan="3"&gt;&lt;a href="selenium-screenshot-90.png"&gt;&lt;img src="selenium-screenshot-90.png" width="800px"&gt;&lt;/a&gt;</msg>
<msg timestamp="20220810 01:07:07.886" level="FAIL">Page should have contained button 'xpath=//a[@class='blu-paging__next']' but did not.</msg>
<status status="FAIL" starttime="20220810 01:07:07.289" endtime="20220810 01:07:07.886"/>
</kw>
<msg timestamp="20220810 01:07:07.886" level="INFO">${status} = False</msg>
<status status="PASS" starttime="20220810 01:07:07.289" endtime="20220810 01:07:07.886"/>
</kw>
<kw name="Sleep" library="BuiltIn">
<arg>1</arg>
<doc>Pauses the test executed for the given time.</doc>
<msg timestamp="20220810 01:07:08.889" level="INFO">Slept 1 second</msg>
<status status="PASS" starttime="20220810 01:07:07.886" endtime="20220810 01:07:08.889"/>
</kw>
<kw name="Run Keyword If" library="BuiltIn">
<arg>${status}</arg>
<arg>Exit For Loop</arg>
<doc>Runs the given keyword with the given arguments, if ``condition`` is true.</doc>
<status status="PASS" starttime="20220810 01:07:08.889" endtime="20220810 01:07:08.889"/>
</kw>
<kw name="Set Variable" library="BuiltIn">
<var>${counter}</var>
<arg>${counter}+1</arg>
<doc>Returns the given values which can then be assigned to a variables.</doc>
<msg timestamp="20220810 01:07:08.890" level="INFO">${counter} = 2+1</msg>
<status status="PASS" starttime="20220810 01:07:08.889" endtime="20220810 01:07:08.890"/>
</kw>
<status status="PASS" starttime="20220810 01:07:05.266" endtime="20220810 01:07:08.890"/>
</iter>
<iter>
<var name="${counter}">3</var>
<kw name="Sleep" library="BuiltIn">
<arg>1</arg>
<doc>Pauses the test executed for the given time.</doc>
<msg timestamp="20220810 01:07:09.905" level="INFO">Slept 1 second</msg>
<status status="PASS" starttime="20220810 01:07:08.890" endtime="20220810 01:07:09.905"/>
</kw>
<kw name="Execute Javascript" library="SeleniumLibrary">
<arg>window.scroll(0,${counter}125)</arg>
<doc>Executes the given JavaScript code with possible arguments.</doc>
<msg timestamp="20220810 01:07:09.905" level="INFO">Executing JavaScript:
window.scroll(0,3125)
Without any arguments.</msg>
<status status="PASS" starttime="20220810 01:07:09.905" endtime="20220810 01:07:09.911"/>
</kw>
<kw name="Sleep" library="BuiltIn">
<arg>1</arg>
<doc>Pauses the test executed for the given time.</doc>
<msg timestamp="20220810 01:07:10.921" level="INFO">Slept 1 second</msg>
<status status="PASS" starttime="20220810 01:07:09.911" endtime="20220810 01:07:10.921"/>
</kw>
<kw name="Run Keyword And Return Status" library="BuiltIn">
<var>${status}</var>
<arg>Page Should Contain Button</arg>
<arg>${next button locator}</arg>
<arg>loglevel=NONE</arg>
<doc>Runs the given keyword with given arguments and returns the status as a Boolean value.</doc>
<kw name="Page Should Contain Button" library="SeleniumLibrary">
<arg>${next button locator}</arg>
<arg>loglevel=NONE</arg>
<doc>Verifies button ``locator`` is found from current page.</doc>
<msg timestamp="20220810 01:07:11.415" level="INFO" html="true">&lt;/td&gt;&lt;/tr&gt;&lt;tr&gt;&lt;td colspan="3"&gt;&lt;a href="selenium-screenshot-91.png"&gt;&lt;img src="selenium-screenshot-91.png" width="800px"&gt;&lt;/a&gt;</msg>
<msg timestamp="20220810 01:07:11.415" level="FAIL">Page should have contained button 'xpath=//a[@class='blu-paging__next']' but did not.</msg>
<status status="FAIL" starttime="20220810 01:07:10.921" endtime="20220810 01:07:11.415"/>
</kw>
<msg timestamp="20220810 01:07:11.415" level="INFO">${status} = False</msg>
<status status="PASS" starttime="20220810 01:07:10.921" endtime="20220810 01:07:11.415"/>
</kw>
<kw name="Sleep" library="BuiltIn">
<arg>1</arg>
<doc>Pauses the test executed for the given time.</doc>
<msg timestamp="20220810 01:07:12.424" level="INFO">Slept 1 second</msg>
<status status="PASS" starttime="20220810 01:07:11.416" endtime="20220810 01:07:12.424"/>
</kw>
<kw name="Run Keyword If" library="BuiltIn">
<arg>${status}</arg>
<arg>Exit For Loop</arg>
<doc>Runs the given keyword with the given arguments, if ``condition`` is true.</doc>
<status status="PASS" starttime="20220810 01:07:12.424" endtime="20220810 01:07:12.424"/>
</kw>
<kw name="Set Variable" library="BuiltIn">
<var>${counter}</var>
<arg>${counter}+1</arg>
<doc>Returns the given values which can then be assigned to a variables.</doc>
<msg timestamp="20220810 01:07:12.424" level="INFO">${counter} = 3+1</msg>
<status status="PASS" starttime="20220810 01:07:12.424" endtime="20220810 01:07:12.425"/>
</kw>
<status status="PASS" starttime="20220810 01:07:08.890" endtime="20220810 01:07:12.425"/>
</iter>
<status status="PASS" starttime="20220810 01:06:58.009" endtime="20220810 01:07:12.425"/>
</for>
<kw name="Sleep" library="BuiltIn">
<arg>2</arg>
<doc>Pauses the test executed for the given time.</doc>
<msg timestamp="20220810 01:07:14.433" level="INFO">Slept 2 seconds</msg>
<status status="PASS" starttime="20220810 01:07:12.425" endtime="20220810 01:07:14.433"/>
</kw>
<kw name="Get Text" library="SeleniumLibrary">
<var>${product group}</var>
<arg>${product group}</arg>
<doc>Returns the text value of the element identified by ``locator``.</doc>
<msg timestamp="20220810 01:07:14.853" level="INFO">${product group} = Hingga 1%
JAKET RAJUT BONEKA BAYI SNI LUSIANA E 655100
Rp28.175
Kota Surakarta (Solo)
5,0
(1)
Terjual 2
8
Promo hingga 12 Ags 2022
CARDIGAN CROP BAILEY ATASAN OUTER CARDY RAJUT WANITA
Rp30.000
Rp70.00...</msg>
<status status="PASS" starttime="20220810 01:07:14.433" endtime="20220810 01:07:14.853"/>
</kw>
<kw name="Log To Console" library="BuiltIn">
<arg>VALID_DATA_BELOW</arg>
<doc>Logs the given message to the console.</doc>
<status status="PASS" starttime="20220810 01:07:14.853" endtime="20220810 01:07:14.853"/>
</kw>
<kw name="Log To Console" library="BuiltIn">
<arg>${product group}</arg>
<doc>Logs the given message to the console.</doc>
<status status="PASS" starttime="20220810 01:07:14.853" endtime="20220810 01:07:14.853"/>
</kw>
<kw name="Log To Console" library="BuiltIn">
<arg>VALID_DATA_ABOVE</arg>
<doc>Logs the given message to the console.</doc>
<status status="PASS" starttime="20220810 01:07:14.853" endtime="20220810 01:07:14.854"/>
</kw>
<kw name="Sleep" library="BuiltIn">
<arg>2</arg>
<doc>Pauses the test executed for the given time.</doc>
<msg timestamp="20220810 01:07:16.857" level="INFO">Slept 2 seconds</msg>
<status status="PASS" starttime="20220810 01:07:14.854" endtime="20220810 01:07:16.857"/>
</kw>
<kw name="Wait Until Element Is Visible" library="SeleniumLibrary">
<arg>${next button locator}</arg>
<doc>Waits until the element ``locator`` is visible.</doc>
<status status="PASS" starttime="20220810 01:07:16.857" endtime="20220810 01:07:16.872"/>
</kw>
<kw name="Click Element" library="SeleniumLibrary">
<arg>${next button locator}</arg>
<doc>Click the element identified by ``locator``.</doc>
<msg timestamp="20220810 01:07:16.873" level="INFO">Clicking element 'xpath=//a[@class='blu-paging__next']'.</msg>
<status status="PASS" starttime="20220810 01:07:16.873" endtime="20220810 01:07:17.085"/>
</kw>
<status status="PASS" starttime="20220810 01:06:56.999" endtime="20220810 01:07:17.085"/>
</kw>
<status status="PASS" starttime="20220810 01:06:56.999" endtime="20220810 01:07:17.085"/>
</kw>
<kw name="Close Browser" library="SeleniumLibrary">
<doc>Closes the current browser.</doc>
<status status="PASS" starttime="20220810 01:07:17.085" endtime="20220810 01:07:19.388"/>
</kw>
<status status="PASS" starttime="20220810 01:06:08.055" endtime="20220810 01:07:19.388"/>
</test>
<test id="s1-t3" name="BLIBLI Sort by Highest Price" line="33">
<kw name="Open Website Blibli" library="stepBlibli">
<kw name="Open Browser" library="SeleniumLibrary">
<arg>@{URL BLIBLI}</arg>
<arg>options=add_argument("--disable-blink-features=AutomationControlled")</arg>
<doc>Opens a new browser instance to the optional ``url``.</doc>
<msg timestamp="20220810 01:07:19.390" level="INFO">Opening browser 'chrome' to base url 'https://www.blibli.com/'.</msg>
<status status="PASS" starttime="20220810 01:07:19.389" endtime="20220810 01:07:22.521"/>
</kw>
<kw name="Sleep" library="BuiltIn">
<arg>2</arg>
<doc>Pauses the test executed for the given time.</doc>
<msg timestamp="20220810 01:07:24.524" level="INFO">Slept 2 seconds</msg>
<status status="PASS" starttime="20220810 01:07:22.521" endtime="20220810 01:07:24.524"/>
</kw>
<kw name="Maximize Browser Window" library="SeleniumLibrary">
<doc>Maximizes current browser window.</doc>
<status status="PASS" starttime="20220810 01:07:24.524" endtime="20220810 01:07:24.713"/>
</kw>
<kw name="Sleep" library="BuiltIn">
<arg>2</arg>
<doc>Pauses the test executed for the given time.</doc>
<msg timestamp="20220810 01:07:26.725" level="INFO">Slept 2 seconds</msg>
<status status="PASS" starttime="20220810 01:07:24.713" endtime="20220810 01:07:26.725"/>
</kw>
<status status="PASS" starttime="20220810 01:07:19.389" endtime="20220810 01:07:26.725"/>
</kw>
<kw name="Close Pop Up Blibli" library="stepBlibli">
<kw name="Sleep" library="BuiltIn">
<arg>3</arg>
<doc>Pauses the test executed for the given time.</doc>
<msg timestamp="20220810 01:07:29.728" level="INFO">Slept 3 seconds</msg>
<status status="PASS" starttime="20220810 01:07:26.726" endtime="20220810 01:07:29.728"/>
</kw>
<kw name="Click Element At Coordinates" library="SeleniumLibrary">
<arg>${CLOSE POP UP BUTTON BLIBLI}</arg>
<arg>${X COORDINATES CLOSE BLIBLI}</arg>
[...]
</kw>
<kw name="Sleep" library="BuiltIn">
<arg>1</arg>
<doc>Pauses the test executed for the given time.</doc>
<msg timestamp="20220810 01:10:35.578" level="INFO">Slept 1 second</msg>
<status status="PASS" starttime="20220810 01:10:34.576" endtime="20220810 01:10:35.578"/>
</kw>
<kw name="Run Keyword If" library="BuiltIn">
<arg>${status}</arg>
<arg>Exit For Loop</arg>
<doc>Runs the given keyword with the given arguments, if ``condition`` is true.</doc>
<status status="PASS" starttime="20220810 01:10:35.578" endtime="20220810 01:10:35.578"/>
</kw>
<kw name="Set Variable" library="BuiltIn">
<var>${counter}</var>
<arg>${counter}+1</arg>
<doc>Returns the given values which can then be assigned to a variables.</doc>
<msg timestamp="20220810 01:10:35.579" level="INFO">${counter} = 3+1</msg>
<status status="PASS" starttime="20220810 01:10:35.578" endtime="20220810 01:10:35.579"/>
</kw>
<status status="PASS" starttime="20220810 01:10:32.075" endtime="20220810 01:10:35.579"/>
</iter>
<status status="PASS" starttime="20220810 01:10:21.289" endtime="20220810 01:10:35.579"/>
</for>
<kw name="Sleep" library="BuiltIn">
<arg>2</arg>
<doc>Pauses the test executed for the given time.</doc>
<msg timestamp="20220810 01:10:37.594" level="INFO">Slept 2 seconds</msg>
<status status="PASS" starttime="20220810 01:10:35.579" endtime="20220810 01:10:37.594"/>
</kw>
<kw name="Get Text" library="SeleniumLibrary">
<var>${product group}</var>
<arg>${product group}</arg>
<doc>Returns the text value of the element identified by ``locator``.</doc>
<msg timestamp="20220810 01:10:38.004" level="INFO">${product group} = Sweater wanita - DOREEN KNIT
Rp100.000
Kota Jakarta Timur
4
sweater rajut korea v neck
Rp100.000
Rp150.000
33%
Kota Jakarta Selatan
{HAZEERA} Long cardigan Rajut Premium Super
Rp100.000
Kota Bandung
3...</msg>
<status status="PASS" starttime="20220810 01:10:37.594" endtime="20220810 01:10:38.005"/>
</kw>
<kw name="Log To Console" library="BuiltIn">
<arg>VALID_DATA_BELOW</arg>
<doc>Logs the given message to the console.</doc>
<status status="PASS" starttime="20220810 01:10:38.005" endtime="20220810 01:10:38.005"/>
</kw>
<kw name="Log To Console" library="BuiltIn">
<arg>${product group}</arg>
<doc>Logs the given message to the console.</doc>
<status status="PASS" starttime="20220810 01:10:38.005" endtime="20220810 01:10:38.005"/>
</kw>
<kw name="Log To Console" library="BuiltIn">
<arg>VALID_DATA_ABOVE</arg>
<doc>Logs the given message to the console.</doc>
<status status="PASS" starttime="20220810 01:10:38.005" endtime="20220810 01:10:38.006"/>
</kw>
<kw name="Sleep" library="BuiltIn">
<arg>2</arg>
<doc>Pauses the test executed for the given time.</doc>
<msg timestamp="20220810 01:10:40.019" level="INFO">Slept 2 seconds</msg>
<status status="PASS" starttime="20220810 01:10:38.006" endtime="20220810 01:10:40.019"/>
</kw>
<kw name="Wait Until Element Is Visible" library="SeleniumLibrary">
<arg>${next button locator}</arg>
<doc>Waits until the element ``locator`` is visible.</doc>
<status status="PASS" starttime="20220810 01:10:40.019" endtime="20220810 01:10:40.036"/>
</kw>
<kw name="Click Element" library="SeleniumLibrary">
<arg>${next button locator}</arg>
<doc>Click the element identified by ``locator``.</doc>
<msg timestamp="20220810 01:10:40.037" level="INFO">Clicking element 'xpath=//a[@class='blu-paging__next']'.</msg>
<status status="PASS" starttime="20220810 01:10:40.036" endtime="20220810 01:10:40.280"/>
</kw>
<status status="PASS" starttime="20220810 01:10:20.277" endtime="20220810 01:10:40.280"/>
</kw>
<status status="PASS" starttime="20220810 01:10:20.277" endtime="20220810 01:10:40.280"/>
</kw>
<kw name="Get Product Name with Filter by Maximum Price Page 2 Blibli" library="stepBlibli">
<kw name="Get All Product Name Blibli" library="stepBlibli">
<arg>${NEXT PAGE BUTTON BLIBLI}</arg>
<arg>${DISPLAYED PRODUCTS BLIBLI}</arg>
<kw name="Sleep" library="BuiltIn">
<arg>1</arg>
<doc>Pauses the test executed for the given time.</doc>
<msg timestamp="20220810 01:10:41.297" level="INFO">Slept 1 second</msg>
<status status="PASS" starttime="20220810 01:10:40.282" endtime="20220810 01:10:41.297"/>
</kw>
<for flavor="IN RANGE">
<var>${counter}</var>
<value>0</value>
<value>4</value>
<iter>
<var name="${counter}">0</var>
<kw name="Sleep" library="BuiltIn">
<arg>1</arg>
<doc>Pauses the test executed for the given time.</doc>
<msg timestamp="20220810 01:10:42.308" level="INFO">Slept 1 second</msg>
<status status="PASS" starttime="20220810 01:10:41.297" endtime="20220810 01:10:42.308"/>
</kw>
<kw name="Execute Javascript" library="SeleniumLibrary">
<arg>window.scroll(0,${counter}125)</arg>
<doc>Executes the given JavaScript code with possible arguments.</doc>
<msg timestamp="20220810 01:10:42.308" level="INFO">Executing JavaScript:
window.scroll(0,0125)
Without any arguments.</msg>
<status status="PASS" starttime="20220810 01:10:42.308" endtime="20220810 01:10:42.318"/>
</kw>
<kw name="Sleep" library="BuiltIn">
<arg>1</arg>
<doc>Pauses the test executed for the given time.</doc>
<msg timestamp="20220810 01:10:43.324" level="INFO">Slept 1 second</msg>
<status status="PASS" starttime="20220810 01:10:42.318" endtime="20220810 01:10:43.324"/>
</kw>
<kw name="Run Keyword And Return Status" library="BuiltIn">
<var>${status}</var>
<arg>Page Should Contain Button</arg>
<arg>${next button locator}</arg>
<arg>loglevel=NONE</arg>
<doc>Runs the given keyword with given arguments and returns the status as a Boolean value.</doc>
<kw name="Page Should Contain Button" library="SeleniumLibrary">
<arg>${next button locator}</arg>
<arg>loglevel=NONE</arg>
<doc>Verifies button ``locator`` is found from current page.</doc>
<msg timestamp="20220810 01:10:43.889" level="INFO" html="true">&lt;/td&gt;&lt;/tr&gt;&lt;tr&gt;&lt;td colspan="3"&gt;&lt;a href="selenium-screenshot-112.png"&gt;&lt;img src="selenium-screenshot-112.png" width="800px"&gt;&lt;/a&gt;</msg>
<msg timestamp="20220810 01:10:43.890" level="FAIL">Page should have contained button 'xpath=//a[@class='blu-paging__next']' but did not.</msg>
<status status="FAIL" starttime="20220810 01:10:43.324" endtime="20220810 01:10:43.890"/>
</kw>
<msg timestamp="20220810 01:10:43.890" level="INFO">${status} = False</msg>
<status status="PASS" starttime="20220810 01:10:43.324" endtime="20220810 01:10:43.890"/>
</kw>
<kw name="Sleep" library="BuiltIn">
<arg>1</arg>
<doc>Pauses the test executed for the given time.</doc>
<msg timestamp="20220810 01:10:44.897" level="INFO">Slept 1 second</msg>
<status status="PASS" starttime="20220810 01:10:43.890" endtime="20220810 01:10:44.897"/>
</kw>
<kw name="Run Keyword If" library="BuiltIn">
<arg>${status}</arg>
<arg>Exit For Loop</arg>
<doc>Runs the given keyword with the given arguments, if ``condition`` is true.</doc>
<status status="PASS" starttime="20220810 01:10:44.897" endtime="20220810 01:10:44.897"/>
</kw>
<kw name="Set Variable" library="BuiltIn">
<var>${counter}</var>
<arg>${counter}+1</arg>
<doc>Returns the given values which can then be assigned to a variables.</doc>
<msg timestamp="20220810 01:10:44.897" level="INFO">${counter} = 0+1</msg>
<status status="PASS" starttime="20220810 01:10:44.897" endtime="20220810 01:10:44.897"/>
</kw>
<status status="PASS" starttime="20220810 01:10:41.297" endtime="20220810 01:10:44.897"/>
</iter>
<iter>
<var name="${counter}">1</var>
<kw name="Sleep" library="BuiltIn">
<arg>1</arg>
<doc>Pauses the test executed for the given time.</doc>
<msg timestamp="20220810 01:10:45.904" level="INFO">Slept 1 second</msg>
<status status="PASS" starttime="20220810 01:10:44.898" endtime="20220810 01:10:45.904"/>
</kw>
<kw name="Execute Javascript" library="SeleniumLibrary">
<arg>window.scroll(0,${counter}125)</arg>
<doc>Executes the given JavaScript code with possible arguments.</doc>
<msg timestamp="20220810 01:10:45.905" level="INFO">Executing JavaScript:
window.scroll(0,1125)
Without any arguments.</msg>
<status status="PASS" starttime="20220810 01:10:45.904" endtime="20220810 01:10:45.910"/>
</kw>
<kw name="Sleep" library="BuiltIn">
<arg>1</arg>
<doc>Pauses the test executed for the given time.</doc>
<msg timestamp="20220810 01:10:46.912" level="INFO">Slept 1 second</msg>
<status status="PASS" starttime="20220810 01:10:45.910" endtime="20220810 01:10:46.912"/>
</kw>
<kw name="Run Keyword And Return Status" library="BuiltIn">
<var>${status}</var>
<arg>Page Should Contain Button</arg>
<arg>${next button locator}</arg>
<arg>loglevel=NONE</arg>
<doc>Runs the given keyword with given arguments and returns the status as a Boolean value.</doc>
<kw name="Page Should Contain Button" library="SeleniumLibrary">
<arg>${next button locator}</arg>
<arg>loglevel=NONE</arg>
<doc>Verifies button ``locator`` is found from current page.</doc>
<msg timestamp="20220810 01:10:47.513" level="INFO" html="true">&lt;/td&gt;&lt;/tr&gt;&lt;tr&gt;&lt;td colspan="3"&gt;&lt;a href="selenium-screenshot-113.png"&gt;&lt;img src="selenium-screenshot-113.png" width="800px"&gt;&lt;/a&gt;</msg>
<msg timestamp="20220810 01:10:47.513" level="FAIL">Page should have contained button 'xpath=//a[@class='blu-paging__next']' but did not.</msg>
<status status="FAIL" starttime="20220810 01:10:46.912" endtime="20220810 01:10:47.514"/>
</kw>
<msg timestamp="20220810 01:10:47.514" level="INFO">${status} = False</msg>
<status status="PASS" starttime="20220810 01:10:46.912" endtime="20220810 01:10:47.514"/>
</kw>
<kw name="Sleep" library="BuiltIn">
<arg>1</arg>
<doc>Pauses the test executed for the given time.</doc>
<msg timestamp="20220810 01:10:48.528" level="INFO">Slept 1 second</msg>
<status status="PASS" starttime="20220810 01:10:47.514" endtime="20220810 01:10:48.528"/>
</kw>
<kw name="Run Keyword If" library="BuiltIn">
<arg>${status}</arg>
<arg>Exit For Loop</arg>
<doc>Runs the given keyword with the given arguments, if ``condition`` is true.</doc>
<status status="PASS" starttime="20220810 01:10:48.528" endtime="20220810 01:10:48.528"/>
</kw>
<kw name="Set Variable" library="BuiltIn">
<var>${counter}</var>
<arg>${counter}+1</arg>
<doc>Returns the given values which can then be assigned to a variables.</doc>
<msg timestamp="20220810 01:10:48.528" level="INFO">${counter} = 1+1</msg>
<status status="PASS" starttime="20220810 01:10:48.528" endtime="20220810 01:10:48.528"/>
</kw>
<status status="PASS" starttime="20220810 01:10:44.898" endtime="20220810 01:10:48.528"/>
</iter>
<iter>
<var name="${counter}">2</var>
<kw name="Sleep" library="BuiltIn">
<arg>1</arg>
<doc>Pauses the test executed for the given time.</doc>
<msg timestamp="20220810 01:10:49.539" level="INFO">Slept 1 second</msg>
<status status="PASS" starttime="20220810 01:10:48.529" endtime="20220810 01:10:49.539"/>
</kw>
<kw name="Execute Javascript" library="SeleniumLibrary">
<arg>window.scroll(0,${counter}125)</arg>
<doc>Executes the given JavaScript code with possible arguments.</doc>
<msg timestamp="20220810 01:10:49.540" level="INFO">Executing JavaScript:
window.scroll(0,2125)
Without any arguments.</msg>
<status status="PASS" starttime="20220810 01:10:49.539" endtime="20220810 01:10:49.543"/>
</kw>
<kw name="Sleep" library="BuiltIn">
<arg>1</arg>
<doc>Pauses the test executed for the given time.</doc>
<msg timestamp="20220810 01:10:50.553" level="INFO">Slept 1 second</msg>
<status status="PASS" starttime="20220810 01:10:49.543" endtime="20220810 01:10:50.553"/>
</kw>
<kw name="Run Keyword And Return Status" library="BuiltIn">
<var>${status}</var>
<arg>Page Should Contain Button</arg>
<arg>${next button locator}</arg>
<arg>loglevel=NONE</arg>
<doc>Runs the given keyword with given arguments and returns the status as a Boolean value.</doc>
<kw name="Page Should Contain Button" library="SeleniumLibrary">
<arg>${next button locator}</arg>
<arg>loglevel=NONE</arg>
<doc>Verifies button ``locator`` is found from current page.</doc>
<msg timestamp="20220810 01:10:51.156" level="INFO" html="true">&lt;/td&gt;&lt;/tr&gt;&lt;tr&gt;&lt;td colspan="3"&gt;&lt;a href="selenium-screenshot-114.png"&gt;&lt;img src="selenium-screenshot-114.png" width="800px"&gt;&lt;/a&gt;</msg>
<msg timestamp="20220810 01:10:51.156" level="FAIL">Page should have contained button 'xpath=//a[@class='blu-paging__next']' but did not.</msg>
<status status="FAIL" starttime="20220810 01:10:50.553" endtime="20220810 01:10:51.156"/>
</kw>
<msg timestamp="20220810 01:10:51.156" level="INFO">${status} = False</msg>
<status status="PASS" starttime="20220810 01:10:50.553" endtime="20220810 01:10:51.156"/>
</kw>
<kw name="Sleep" library="BuiltIn">
<arg>1</arg>
<doc>Pauses the test executed for the given time.</doc>
<msg timestamp="20220810 01:10:52.164" level="INFO">Slept 1 second</msg>
<status status="PASS" starttime="20220810 01:10:51.157" endtime="20220810 01:10:52.164"/>
</kw>
<kw name="Run Keyword If" library="BuiltIn">
<arg>${status}</arg>
<arg>Exit For Loop</arg>
<doc>Runs the given keyword with the given arguments, if ``condition`` is true.</doc>
<status status="PASS" starttime="20220810 01:10:52.164" endtime="20220810 01:10:52.165"/>
</kw>
<kw name="Set Variable" library="BuiltIn">
<var>${counter}</var>
<arg>${counter}+1</arg>
<doc>Returns the given values which can then be assigned to a variables.</doc>
<msg timestamp="20220810 01:10:52.165" level="INFO">${counter} = 2+1</msg>
<status status="PASS" starttime="20220810 01:10:52.165" endtime="20220810 01:10:52.165"/>
</kw>
<status status="PASS" starttime="20220810 01:10:48.529" endtime="20220810 01:10:52.165"/>
</iter>
<iter>
<var name="${counter}">3</var>
<kw name="Sleep" library="BuiltIn">
<arg>1</arg>
<doc>Pauses the test executed for the given time.</doc>
<msg timestamp="20220810 01:10:53.181" level="INFO">Slept 1 second</msg>
<status status="PASS" starttime="20220810 01:10:52.166" endtime="20220810 01:10:53.181"/>
</kw>
<kw name="Execute Javascript" library="SeleniumLibrary">
<arg>window.scroll(0,${counter}125)</arg>
<doc>Executes the given JavaScript code with possible arguments.</doc>
<msg timestamp="20220810 01:10:53.182" level="INFO">Executing JavaScript:
window.scroll(0,3125)
Without any arguments.</msg>
<status status="PASS" starttime="20220810 01:10:53.181" endtime="20220810 01:10:53.185"/>
</kw>
<kw name="Sleep" library="BuiltIn">
<arg>1</arg>
<doc>Pauses the test executed for the given time.</doc>
<msg timestamp="20220810 01:10:54.197" level="INFO">Slept 1 second</msg>
<status status="PASS" starttime="20220810 01:10:53.185" endtime="20220810 01:10:54.197"/>
</kw>
<kw name="Run Keyword And Return Status" library="BuiltIn">
<var>${status}</var>
<arg>Page Should Contain Button</arg>
<arg>${next button locator}</arg>
<arg>loglevel=NONE</arg>
<doc>Runs the given keyword with given arguments and returns the status as a Boolean value.</doc>
<kw name="Page Should Contain Button" library="SeleniumLibrary">
<arg>${next button locator}</arg>
<arg>loglevel=NONE</arg>
<doc>Verifies button ``locator`` is found from current page.</doc>
<msg timestamp="20220810 01:10:54.701" level="INFO" html="true">&lt;/td&gt;&lt;/tr&gt;&lt;tr&gt;&lt;td colspan="3"&gt;&lt;a href="selenium-screenshot-115.png"&gt;&lt;img src="selenium-screenshot-115.png" width="800px"&gt;&lt;/a&gt;</msg>
<msg timestamp="20220810 01:10:54.701" level="FAIL">Page should have contained button 'xpath=//a[@class='blu-paging__next']' but did not.</msg>
<status status="FAIL" starttime="20220810 01:10:54.197" endtime="20220810 01:10:54.701"/>
</kw>
<msg timestamp="20220810 01:10:54.701" level="INFO">${status} = False</msg>
<status status="PASS" starttime="20220810 01:10:54.197" endtime="20220810 01:10:54.702"/>
</kw>
<kw name="Sleep" library="BuiltIn">
<arg>1</arg>
<doc>Pauses the test executed for the given time.</doc>
<msg timestamp="20220810 01:10:55.704" level="INFO">Slept 1 second</msg>
<status status="PASS" starttime="20220810 01:10:54.702" endtime="20220810 01:10:55.704"/>
</kw>
<kw name="Run Keyword If" library="BuiltIn">
<arg>${status}</arg>
<arg>Exit For Loop</arg>
<doc>Runs the given keyword with the given arguments, if ``condition`` is true.</doc>
<status status="PASS" starttime="20220810 01:10:55.704" endtime="20220810 01:10:55.704"/>
</kw>
<kw name="Set Variable" library="BuiltIn">
<var>${counter}</var>
<arg>${counter}+1</arg>
<doc>Returns the given values which can then be assigned to a variables.</doc>
<msg timestamp="20220810 01:10:55.705" level="INFO">${counter} = 3+1</msg>
<status status="PASS" starttime="20220810 01:10:55.704" endtime="20220810 01:10:55.705"/>
</kw>
<status status="PASS" starttime="20220810 01:10:52.165" endtime="20220810 01:10:55.705"/>
</iter>
<status status="PASS" starttime="20220810 01:10:41.297" endtime="20220810 01:10:55.705"/>
</for>
<kw name="Sleep" library="BuiltIn">
<arg>2</arg>
<doc>Pauses the test executed for the given time.</doc>
<msg timestamp="20220810 01:10:57.720" level="INFO">Slept 2 seconds</msg>
<status status="PASS" starttime="20220810 01:10:55.705" endtime="20220810 01:10:57.720"/>
</kw>
<kw name="Get Text" library="SeleniumLibrary">
<var>${product group}</var>
<arg>${product group}</arg>
<doc>Returns the text value of the element identified by ``locator``.</doc>
<msg timestamp="20220810 01:10:58.126" level="INFO">${product group} = Promo hingga 12 Ags 2022
VM Rajut Turtle Neck Krah Tinggi Polos Panjang Sweater Pria - Abu Tua
Rp98.550
Rp179.000
44%
Kota Jakarta Utara
4,8
(18)
Terjual 44
5
Promo hingga 12 Ags 2022
Aluna Sweater Ra...</msg>
<status status="PASS" starttime="20220810 01:10:57.720" endtime="20220810 01:10:58.126"/>
</kw>
<kw name="Log To Console" library="BuiltIn">
<arg>VALID_DATA_BELOW</arg>
<doc>Logs the given message to the console.</doc>
<status status="PASS" starttime="20220810 01:10:58.126" endtime="20220810 01:10:58.127"/>
</kw>
<kw name="Log To Console" library="BuiltIn">
<arg>${product group}</arg>
<doc>Logs the given message to the console.</doc>
<status status="PASS" starttime="20220810 01:10:58.127" endtime="20220810 01:10:58.127"/>
</kw>
<kw name="Log To Console" library="BuiltIn">
<arg>VALID_DATA_ABOVE</arg>
<doc>Logs the given message to the console.</doc>
<status status="PASS" starttime="20220810 01:10:58.127" endtime="20220810 01:10:58.128"/>
</kw>
<kw name="Sleep" library="BuiltIn">
<arg>2</arg>
<doc>Pauses the test executed for the given time.</doc>
<msg timestamp="20220810 01:11:00.138" level="INFO">Slept 2 seconds</msg>
<status status="PASS" starttime="20220810 01:10:58.128" endtime="20220810 01:11:00.138"/>
</kw>
<kw name="Wait Until Element Is Visible" library="SeleniumLibrary">
<arg>${next button locator}</arg>
<doc>Waits until the element ``locator`` is visible.</doc>
<status status="PASS" starttime="20220810 01:11:00.138" endtime="20220810 01:11:00.153"/>
</kw>
<kw name="Click Element" library="SeleniumLibrary">
<arg>${next button locator}</arg>
<doc>Click the element identified by ``locator``.</doc>
<msg timestamp="20220810 01:11:00.154" level="INFO">Clicking element 'xpath=//a[@class='blu-paging__next']'.</msg>
<status status="PASS" starttime="20220810 01:11:00.153" endtime="20220810 01:11:00.380"/>
</kw>
<status status="PASS" starttime="20220810 01:10:40.281" endtime="20220810 01:11:00.380"/>
</kw>
<status status="PASS" starttime="20220810 01:10:40.281" endtime="20220810 01:11:00.380"/>
</kw>
<kw name="Close Browser" library="SeleniumLibrary">
<doc>Closes the current browser.</doc>
<status status="PASS" starttime="20220810 01:11:00.380" endtime="20220810 01:11:02.580"/>
</kw>
<status status="PASS" starttime="20220810 01:09:45.849" endtime="20220810 01:11:02.580"/>
</test>
<doc>This test suite to test functionality survey, each type survey have 1 survey</doc>
<status status="PASS" starttime="20220810 01:05:01.662" endtime="20220810 01:11:02.581"/>
</suite>
<statistics>
<total>
<stat pass="5" fail="0" skip="0">All Tests</stat>
</total>
<tag>
</tag>
<suite>
<stat pass="5" fail="0" skip="0" id="s1" name="BlibliFashion">BlibliFashion</stat>
</suite>
</statistics>
<errors>
</errors>
</robot>
